[ 50%] [32mBuilding CXX object CMakeFiles/drone_auto_node.dir/src/drone_auto.cpp.o[0m
[100%] [32m[1mLinking CXX executable drone_auto_node[0m
[100%] Built target drone_auto_node
-- Install configuration: ""
-- Installing: /home/huy/drone_auto/install/drone/lib/drone/drone_auto_node
-- Set runtime path of "/home/huy/drone_auto/install/drone/lib/drone/drone_auto_node" to ""
-- Up-to-date: /home/huy/drone_auto/install/drone/share/ament_index/resource_index/package_run_dependencies/drone
-- Up-to-date: /home/huy/drone_auto/install/drone/share/ament_index/resource_index/parent_prefix_path/drone
-- Up-to-date: /home/huy/drone_auto/install/drone/share/drone/environment/ament_prefix_path.sh
-- Up-to-date: /home/huy/drone_auto/install/drone/share/drone/environment/ament_prefix_path.dsv
-- Up-to-date: /home/huy/drone_auto/install/drone/share/drone/environment/path.sh
-- Up-to-date: /home/huy/drone_auto/install/drone/share/drone/environment/path.dsv
-- Up-to-date: /home/huy/drone_auto/install/drone/share/drone/local_setup.bash
-- Up-to-date: /home/huy/drone_auto/install/drone/share/drone/local_setup.sh
-- Up-to-date: /home/huy/drone_auto/install/drone/share/drone/local_setup.zsh
-- Up-to-date: /home/huy/drone_auto/install/drone/share/drone/local_setup.dsv
-- Installing: /home/huy/drone_auto/install/drone/share/drone/package.dsv
-- Up-to-date: /home/huy/drone_auto/install/drone/share/ament_index/resource_index/packages/drone
-- Up-to-date: /home/huy/drone_auto/install/drone/share/drone/cmake/droneConfig.cmake
-- Up-to-date: /home/huy/drone_auto/install/drone/share/drone/cmake/droneConfig-version.cmake
-- Up-to-date: /home/huy/drone_auto/install/drone/share/drone/package.xml
