[0.031s] Invoking command in '/home/huy/drone_auto/build/drone': CMAKE_PREFIX_PATH=/home/huy/drone_auto/install/px4_msgs:/home/huy/drone_auto/install/shape_info:/home/huy/drone_auto/install/drone:/home/huy/my_ws/install/quadcopter:/home/huy/my_ws/install/pkgname:/home/huy/my_ws/install/px4_msgs:/home/huy/drone_auto/install/test_serial:/home/huy/drone_auto/install/my_shape_detector:/home/huy/my_ws/install/bme680_sensor:/opt/ros/humble LD_LIBRARY_PATH=/home/huy/drone_auto/install/px4_msgs/lib:/home/huy/drone_auto/install/shape_info/lib:/home/huy/my_ws/install/px4_msgs/lib:/opt/ros/humble/opt/rviz_ogre_vendor/lib:/opt/ros/humble/lib/x86_64-linux-gnu:/opt/ros/humble/lib /usr/bin/cmake --build /home/huy/drone_auto/build/drone -- -j12 -l12
[0.135s] [35m[1mConsolidate compiler generated dependencies of target drone_auto_node[0m
[0.168s] [ 50%] [32mBuilding CXX object CMakeFiles/drone_auto_node.dir/src/drone_auto.cpp.o[0m
[22.881s] [100%] [32m[1mLinking CXX executable drone_auto_node[0m
[24.903s] [100%] Built target drone_auto_node
[24.916s] Invoked command in '/home/huy/drone_auto/build/drone' returned '0': CMAKE_PREFIX_PATH=/home/huy/drone_auto/install/px4_msgs:/home/huy/drone_auto/install/shape_info:/home/huy/drone_auto/install/drone:/home/huy/my_ws/install/quadcopter:/home/huy/my_ws/install/pkgname:/home/huy/my_ws/install/px4_msgs:/home/huy/drone_auto/install/test_serial:/home/huy/drone_auto/install/my_shape_detector:/home/huy/my_ws/install/bme680_sensor:/opt/ros/humble LD_LIBRARY_PATH=/home/huy/drone_auto/install/px4_msgs/lib:/home/huy/drone_auto/install/shape_info/lib:/home/huy/my_ws/install/px4_msgs/lib:/opt/ros/humble/opt/rviz_ogre_vendor/lib:/opt/ros/humble/lib/x86_64-linux-gnu:/opt/ros/humble/lib /usr/bin/cmake --build /home/huy/drone_auto/build/drone -- -j12 -l12
[24.918s] Invoking command in '/home/huy/drone_auto/build/drone': CMAKE_PREFIX_PATH=/home/huy/drone_auto/install/px4_msgs:/home/huy/drone_auto/install/shape_info:/home/huy/drone_auto/install/drone:/home/huy/my_ws/install/quadcopter:/home/huy/my_ws/install/pkgname:/home/huy/my_ws/install/px4_msgs:/home/huy/drone_auto/install/test_serial:/home/huy/drone_auto/install/my_shape_detector:/home/huy/my_ws/install/bme680_sensor:/opt/ros/humble LD_LIBRARY_PATH=/home/huy/drone_auto/install/px4_msgs/lib:/home/huy/drone_auto/install/shape_info/lib:/home/huy/my_ws/install/px4_msgs/lib:/opt/ros/humble/opt/rviz_ogre_vendor/lib:/opt/ros/humble/lib/x86_64-linux-gnu:/opt/ros/humble/lib /usr/bin/cmake --install /home/huy/drone_auto/build/drone
[24.927s] -- Install configuration: ""
[24.927s] -- Installing: /home/huy/drone_auto/install/drone/lib/drone/drone_auto_node
[24.937s] -- Set runtime path of "/home/huy/drone_auto/install/drone/lib/drone/drone_auto_node" to ""
[24.937s] -- Up-to-date: /home/huy/drone_auto/install/drone/share/ament_index/resource_index/package_run_dependencies/drone
[24.937s] -- Up-to-date: /home/huy/drone_auto/install/drone/share/ament_index/resource_index/parent_prefix_path/drone
[24.937s] -- Up-to-date: /home/huy/drone_auto/install/drone/share/drone/environment/ament_prefix_path.sh
[24.937s] -- Up-to-date: /home/huy/drone_auto/install/drone/share/drone/environment/ament_prefix_path.dsv
[24.937s] -- Up-to-date: /home/huy/drone_auto/install/drone/share/drone/environment/path.sh
[24.937s] -- Up-to-date: /home/huy/drone_auto/install/drone/share/drone/environment/path.dsv
[24.937s] -- Up-to-date: /home/huy/drone_auto/install/drone/share/drone/local_setup.bash
[24.937s] -- Up-to-date: /home/huy/drone_auto/install/drone/share/drone/local_setup.sh
[24.937s] -- Up-to-date: /home/huy/drone_auto/install/drone/share/drone/local_setup.zsh
[24.938s] -- Up-to-date: /home/huy/drone_auto/install/drone/share/drone/local_setup.dsv
[24.938s] -- Installing: /home/huy/drone_auto/install/drone/share/drone/package.dsv
[24.938s] -- Up-to-date: /home/huy/drone_auto/install/drone/share/ament_index/resource_index/packages/drone
[24.938s] -- Up-to-date: /home/huy/drone_auto/install/drone/share/drone/cmake/droneConfig.cmake
[24.938s] -- Up-to-date: /home/huy/drone_auto/install/drone/share/drone/cmake/droneConfig-version.cmake
[24.938s] -- Up-to-date: /home/huy/drone_auto/install/drone/share/drone/package.xml
[24.941s] Invoked command in '/home/huy/drone_auto/build/drone' returned '0': CMAKE_PREFIX_PATH=/home/huy/drone_auto/install/px4_msgs:/home/huy/drone_auto/install/shape_info:/home/huy/drone_auto/install/drone:/home/huy/my_ws/install/quadcopter:/home/huy/my_ws/install/pkgname:/home/huy/my_ws/install/px4_msgs:/home/huy/drone_auto/install/test_serial:/home/huy/drone_auto/install/my_shape_detector:/home/huy/my_ws/install/bme680_sensor:/opt/ros/humble LD_LIBRARY_PATH=/home/huy/drone_auto/install/px4_msgs/lib:/home/huy/drone_auto/install/shape_info/lib:/home/huy/my_ws/install/px4_msgs/lib:/opt/ros/humble/opt/rviz_ogre_vendor/lib:/opt/ros/humble/lib/x86_64-linux-gnu:/opt/ros/humble/lib /usr/bin/cmake --install /home/huy/drone_auto/build/drone
