[0.012s] Invoking command in '/home/huy/drone_auto/build/drone': CMAKE_PREFIX_PATH=/home/huy/drone_auto/install/px4_msgs:/home/huy/drone_auto/install/drone:/home/huy/my_ws/install/quadcopter:/home/huy/my_ws/install/pkgname:/home/huy/my_ws/install/px4_msgs:/home/huy/my_ws/install/bme680_sensor:/opt/ros/humble /usr/bin/cmake --build /home/huy/drone_auto/build/drone -- -j12 -l12
[0.064s] [35m[1mConsolidate compiler generated dependencies of target drone_auto_node[0m
[0.093s] [ 50%] [32mBuilding CXX object CMakeFiles/drone_auto_node.dir/src/drone_auto.cpp.o[0m
[20.642s] [100%] [32m[1mLinking CXX executable drone_auto_node[0m
[22.353s] [100%] Built target drone_auto_node
[22.368s] Invoked command in '/home/huy/drone_auto/build/drone' returned '0': CMAKE_PREFIX_PATH=/home/huy/drone_auto/install/px4_msgs:/home/huy/drone_auto/install/drone:/home/huy/my_ws/install/quadcopter:/home/huy/my_ws/install/pkgname:/home/huy/my_ws/install/px4_msgs:/home/huy/my_ws/install/bme680_sensor:/opt/ros/humble /usr/bin/cmake --build /home/huy/drone_auto/build/drone -- -j12 -l12
[22.369s] Invoking command in '/home/huy/drone_auto/build/drone': CMAKE_PREFIX_PATH=/home/huy/drone_auto/install/px4_msgs:/home/huy/drone_auto/install/drone:/home/huy/my_ws/install/quadcopter:/home/huy/my_ws/install/pkgname:/home/huy/my_ws/install/px4_msgs:/home/huy/my_ws/install/bme680_sensor:/opt/ros/humble /usr/bin/cmake --install /home/huy/drone_auto/build/drone
[22.379s] -- Install configuration: ""
[22.380s] -- Installing: /home/huy/drone_auto/install/drone/lib/drone/drone_auto_node
[22.393s] -- Set runtime path of "/home/huy/drone_auto/install/drone/lib/drone/drone_auto_node" to ""
[22.393s] -- Up-to-date: /home/huy/drone_auto/install/drone/share/ament_index/resource_index/package_run_dependencies/drone
[22.393s] -- Up-to-date: /home/huy/drone_auto/install/drone/share/ament_index/resource_index/parent_prefix_path/drone
[22.393s] -- Up-to-date: /home/huy/drone_auto/install/drone/share/drone/environment/ament_prefix_path.sh
[22.393s] -- Up-to-date: /home/huy/drone_auto/install/drone/share/drone/environment/ament_prefix_path.dsv
[22.393s] -- Up-to-date: /home/huy/drone_auto/install/drone/share/drone/environment/path.sh
[22.393s] -- Up-to-date: /home/huy/drone_auto/install/drone/share/drone/environment/path.dsv
[22.393s] -- Up-to-date: /home/huy/drone_auto/install/drone/share/drone/local_setup.bash
[22.393s] -- Up-to-date: /home/huy/drone_auto/install/drone/share/drone/local_setup.sh
[22.393s] -- Up-to-date: /home/huy/drone_auto/install/drone/share/drone/local_setup.zsh
[22.393s] -- Up-to-date: /home/huy/drone_auto/install/drone/share/drone/local_setup.dsv
[22.393s] -- Installing: /home/huy/drone_auto/install/drone/share/drone/package.dsv
[22.393s] -- Up-to-date: /home/huy/drone_auto/install/drone/share/ament_index/resource_index/packages/drone
[22.394s] -- Up-to-date: /home/huy/drone_auto/install/drone/share/drone/cmake/droneConfig.cmake
[22.394s] -- Up-to-date: /home/huy/drone_auto/install/drone/share/drone/cmake/droneConfig-version.cmake
[22.394s] -- Up-to-date: /home/huy/drone_auto/install/drone/share/drone/package.xml
[22.396s] Invoked command in '/home/huy/drone_auto/build/drone' returned '0': CMAKE_PREFIX_PATH=/home/huy/drone_auto/install/px4_msgs:/home/huy/drone_auto/install/drone:/home/huy/my_ws/install/quadcopter:/home/huy/my_ws/install/pkgname:/home/huy/my_ws/install/px4_msgs:/home/huy/my_ws/install/bme680_sensor:/opt/ros/humble /usr/bin/cmake --install /home/huy/drone_auto/build/drone
