-- The C compiler identification is GNU 11.4.0
-- The CXX compiler identification is GNU 11.4.0
-- Detecting C compiler ABI info
-- Detecting C compiler ABI info - done
-- Check for working C compiler: /usr/bin/cc - skipped
-- Detecting C compile features
-- Detecting C compile features - done
-- Detecting CXX compiler ABI info
-- Detecting CXX compiler ABI info - done
-- Check for working CXX compiler: /usr/bin/c++ - skipped
-- Detecting CXX compile features
-- Detecting CXX compile features - done
-- Found ament_cmake: 1.3.11 (/opt/ros/humble/share/ament_cmake/cmake)
-- Found Python3: /usr/bin/python3 (found version "3.10.12") found components: Interpreter 
-- Found rosidl_default_generators: 1.2.0 (/opt/ros/humble/share/rosidl_default_generators/cmake)
-- Using all available rosidl_typesupport_c: rosidl_typesupport_fastrtps_c;rosidl_typesupport_introspection_c
-- Found rosidl_adapter: 3.1.6 (/opt/ros/humble/share/rosidl_adapter/cmake)
-- Using all available rosidl_typesupport_cpp: rosidl_typesupport_fastrtps_cpp;rosidl_typesupport_introspection_cpp
-- Found std_msgs: 4.2.4 (/opt/ros/humble/share/std_msgs/cmake)
-- Found ament_cmake_ros: 0.10.0 (/opt/ros/humble/share/ament_cmake_ros/cmake)
-- Using all available rosidl_typesupport_c: rosidl_typesupport_fastrtps_c;rosidl_typesupport_introspection_c
-- Using all available rosidl_typesupport_cpp: rosidl_typesupport_fastrtps_cpp;rosidl_typesupport_introspection_cpp
-- Found PythonInterp: /usr/bin/python3 (found suitable version "3.10.12", minimum required is "3.6") 
-- Found python_cmake_module: 0.10.0 (/opt/ros/humble/share/python_cmake_module/cmake)
-- Found PythonLibs: /usr/lib/x86_64-linux-gnu/libpython3.10.so (found suitable version "3.10.12", minimum required is "3.5") 
-- Using PYTHON_EXECUTABLE: /usr/bin/python3
-- Using PYTHON_INCLUDE_DIRS: /usr/include/python3.10
-- Using PYTHON_LIBRARIES: /usr/lib/x86_64-linux-gnu/libpython3.10.so
-- Found PythonExtra: .so  
-- Found ament_lint_auto: 0.12.11 (/opt/ros/humble/share/ament_lint_auto/cmake)
-- Added test 'lint_cmake' to check CMake code style
-- Added test 'xmllint' to check XML markup files
-- Configuring done
-- Generating done
-- Build files have been written to: /home/huy/drone_auto/build/shape_info
[  3%] [34m[1mGenerating C code for ROS interfaces[0m
[  6%] [34m[1mGenerating C++ code for ROS interfaces[0m
[  6%] Built target ament_cmake_python_copy_shape_info
running egg_info
[  9%] [32mBuilding C object CMakeFiles/shape_info__rosidl_generator_c.dir/rosidl_generator_c/shape_info/msg/detail/shape_info__functions.c.o[0m
[  9%] Built target shape_info__cpp
[ 19%] [34m[1mGenerating C++ type support for eProsima Fast-RTPS[0m
[ 19%] [34m[1mGenerating C++ type support dispatch for ROS interfaces[0m
[ 19%] [34m[1mGenerating C++ introspection for ROS interfaces[0m
creating shape_info.egg-info
writing shape_info.egg-info/PKG-INFO
writing dependency_links to shape_info.egg-info/dependency_links.txt
writing top-level names to shape_info.egg-info/top_level.txt
writing manifest file 'shape_info.egg-info/SOURCES.txt'
[ 22%] [32m[1mLinking C shared library libshape_info__rosidl_generator_c.so[0m
reading manifest file 'shape_info.egg-info/SOURCES.txt'
writing manifest file 'shape_info.egg-info/SOURCES.txt'
[ 22%] Built target shape_info__rosidl_generator_c
[ 25%] [34m[1mGenerating C type support for eProsima Fast-RTPS[0m
[ 32%] [34m[1mGenerating C type support dispatch for ROS interfaces[0m
[ 32%] [34m[1mGenerating C introspection for ROS interfaces[0m
[ 32%] Built target ament_cmake_python_build_shape_info_egg
[ 35%] [32mBuilding CXX object CMakeFiles/shape_info__rosidl_typesupport_cpp.dir/rosidl_typesupport_cpp/shape_info/msg/shape_info__type_support.cpp.o[0m
[ 38%] [32mBuilding CXX object CMakeFiles/shape_info__rosidl_typesupport_introspection_cpp.dir/rosidl_typesupport_introspection_cpp/shape_info/msg/detail/shape_info__type_support.cpp.o[0m
[ 41%] [32mBuilding CXX object CMakeFiles/shape_info__rosidl_typesupport_fastrtps_cpp.dir/rosidl_typesupport_fastrtps_cpp/shape_info/msg/detail/dds_fastrtps/shape_info__type_support.cpp.o[0m
[ 45%] [32mBuilding C object CMakeFiles/shape_info__rosidl_typesupport_introspection_c.dir/rosidl_typesupport_introspection_c/shape_info/msg/detail/shape_info__type_support.c.o[0m
[ 48%] [32mBuilding CXX object CMakeFiles/shape_info__rosidl_typesupport_c.dir/rosidl_typesupport_c/shape_info/msg/shape_info__type_support.cpp.o[0m
[ 51%] [32m[1mLinking C shared library libshape_info__rosidl_typesupport_introspection_c.so[0m
[ 54%] [32m[1mLinking CXX shared library libshape_info__rosidl_typesupport_c.so[0m
[ 58%] [32mBuilding CXX object CMakeFiles/shape_info__rosidl_typesupport_fastrtps_c.dir/rosidl_typesupport_fastrtps_c/shape_info/msg/detail/shape_info__type_support_c.cpp.o[0m
[ 58%] Built target shape_info__rosidl_typesupport_introspection_c
[ 58%] Built target shape_info__rosidl_typesupport_c
[ 61%] [32m[1mLinking CXX shared library libshape_info__rosidl_typesupport_cpp.so[0m
[ 61%] Built target shape_info__rosidl_typesupport_cpp
[ 64%] [32m[1mLinking CXX shared library libshape_info__rosidl_typesupport_introspection_cpp.so[0m
[ 67%] [32m[1mLinking CXX shared library libshape_info__rosidl_typesupport_fastrtps_cpp.so[0m
[ 67%] Built target shape_info__rosidl_typesupport_introspection_cpp
[ 70%] [32m[1mLinking CXX shared library libshape_info__rosidl_typesupport_fastrtps_c.so[0m
[ 70%] Built target shape_info__rosidl_typesupport_fastrtps_cpp
[ 70%] Built target shape_info__rosidl_typesupport_fastrtps_c
[ 70%] Built target shape_info
[ 74%] [34m[1mGenerating Python code for ROS interfaces[0m
[ 74%] Built target shape_info__py
[ 77%] [32mBuilding C object CMakeFiles/shape_info__rosidl_generator_py.dir/rosidl_generator_py/shape_info/msg/_shape_info_s.c.o[0m
[ 80%] [32m[1mLinking C shared library rosidl_generator_py/shape_info/libshape_info__rosidl_generator_py.so[0m
[ 80%] Built target shape_info__rosidl_generator_py
[ 90%] [32mBuilding C object CMakeFiles/shape_info__rosidl_typesupport_c__pyext.dir/rosidl_generator_py/shape_info/_shape_info_s.ep.rosidl_typesupport_c.c.o[0m
[ 90%] [32mBuilding C object CMakeFiles/shape_info__rosidl_typesupport_fastrtps_c__pyext.dir/rosidl_generator_py/shape_info/_shape_info_s.ep.rosidl_typesupport_fastrtps_c.c.o[0m
[ 90%] [32mBuilding C object CMakeFiles/shape_info__rosidl_typesupport_introspection_c__pyext.dir/rosidl_generator_py/shape_info/_shape_info_s.ep.rosidl_typesupport_introspection_c.c.o[0m
[ 96%] [32m[1mLinking C shared library rosidl_generator_py/shape_info/shape_info_s__rosidl_typesupport_c.cpython-310-x86_64-linux-gnu.so[0m
[ 96%] [32m[1mLinking C shared library rosidl_generator_py/shape_info/shape_info_s__rosidl_typesupport_introspection_c.cpython-310-x86_64-linux-gnu.so[0m
[100%] [32m[1mLinking C shared library rosidl_generator_py/shape_info/shape_info_s__rosidl_typesupport_fastrtps_c.cpython-310-x86_64-linux-gnu.so[0m
[100%] Built target shape_info__rosidl_typesupport_introspection_c__pyext
[100%] Built target shape_info__rosidl_typesupport_c__pyext
[100%] Built target shape_info__rosidl_typesupport_fastrtps_c__pyext
-- Install configuration: ""
-- Installing: /home/huy/drone_auto/install/shape_info/share/ament_index/resource_index/rosidl_interfaces/shape_info
-- Installing: /home/huy/drone_auto/install/shape_info/include/shape_info/shape_info
-- Installing: /home/huy/drone_auto/install/shape_info/include/shape_info/shape_info/msg
-- Installing: /home/huy/drone_auto/install/shape_info/include/shape_info/shape_info/msg/shape_info.h
-- Installing: /home/huy/drone_auto/install/shape_info/include/shape_info/shape_info/msg/rosidl_generator_c__visibility_control.h
-- Installing: /home/huy/drone_auto/install/shape_info/include/shape_info/shape_info/msg/detail
-- Installing: /home/huy/drone_auto/install/shape_info/include/shape_info/shape_info/msg/detail/shape_info__type_support.h
-- Installing: /home/huy/drone_auto/install/shape_info/include/shape_info/shape_info/msg/detail/shape_info__functions.h
-- Installing: /home/huy/drone_auto/install/shape_info/include/shape_info/shape_info/msg/detail/shape_info__functions.c
-- Installing: /home/huy/drone_auto/install/shape_info/include/shape_info/shape_info/msg/detail/shape_info__struct.h
-- Installing: /home/huy/drone_auto/install/shape_info/share/shape_info/environment/library_path.sh
-- Installing: /home/huy/drone_auto/install/shape_info/share/shape_info/environment/library_path.dsv
-- Installing: /home/huy/drone_auto/install/shape_info/lib/libshape_info__rosidl_generator_c.so
-- Set runtime path of "/home/huy/drone_auto/install/shape_info/lib/libshape_info__rosidl_generator_c.so" to ""
-- Up-to-date: /home/huy/drone_auto/install/shape_info/include/shape_info/shape_info
-- Up-to-date: /home/huy/drone_auto/install/shape_info/include/shape_info/shape_info/msg
-- Installing: /home/huy/drone_auto/install/shape_info/include/shape_info/shape_info/msg/rosidl_typesupport_fastrtps_c__visibility_control.h
-- Up-to-date: /home/huy/drone_auto/install/shape_info/include/shape_info/shape_info/msg/detail
-- Installing: /home/huy/drone_auto/install/shape_info/include/shape_info/shape_info/msg/detail/shape_info__rosidl_typesupport_fastrtps_c.h
-- Installing: /home/huy/drone_auto/install/shape_info/lib/libshape_info__rosidl_typesupport_fastrtps_c.so
-- Set runtime path of "/home/huy/drone_auto/install/shape_info/lib/libshape_info__rosidl_typesupport_fastrtps_c.so" to ""
-- Up-to-date: /home/huy/drone_auto/install/shape_info/include/shape_info/shape_info
-- Up-to-date: /home/huy/drone_auto/install/shape_info/include/shape_info/shape_info/msg
-- Installing: /home/huy/drone_auto/install/shape_info/include/shape_info/shape_info/msg/rosidl_typesupport_introspection_c__visibility_control.h
-- Up-to-date: /home/huy/drone_auto/install/shape_info/include/shape_info/shape_info/msg/detail
-- Installing: /home/huy/drone_auto/install/shape_info/include/shape_info/shape_info/msg/detail/shape_info__type_support.c
-- Installing: /home/huy/drone_auto/install/shape_info/include/shape_info/shape_info/msg/detail/shape_info__rosidl_typesupport_introspection_c.h
-- Installing: /home/huy/drone_auto/install/shape_info/lib/libshape_info__rosidl_typesupport_introspection_c.so
-- Set runtime path of "/home/huy/drone_auto/install/shape_info/lib/libshape_info__rosidl_typesupport_introspection_c.so" to ""
-- Installing: /home/huy/drone_auto/install/shape_info/lib/libshape_info__rosidl_typesupport_c.so
-- Set runtime path of "/home/huy/drone_auto/install/shape_info/lib/libshape_info__rosidl_typesupport_c.so" to ""
-- Up-to-date: /home/huy/drone_auto/install/shape_info/include/shape_info/shape_info
-- Up-to-date: /home/huy/drone_auto/install/shape_info/include/shape_info/shape_info/msg
-- Installing: /home/huy/drone_auto/install/shape_info/include/shape_info/shape_info/msg/shape_info.hpp
-- Installing: /home/huy/drone_auto/install/shape_info/include/shape_info/shape_info/msg/rosidl_generator_cpp__visibility_control.hpp
-- Up-to-date: /home/huy/drone_auto/install/shape_info/include/shape_info/shape_info/msg/detail
-- Installing: /home/huy/drone_auto/install/shape_info/include/shape_info/shape_info/msg/detail/shape_info__type_support.hpp
-- Installing: /home/huy/drone_auto/install/shape_info/include/shape_info/shape_info/msg/detail/shape_info__struct.hpp
-- Installing: /home/huy/drone_auto/install/shape_info/include/shape_info/shape_info/msg/detail/shape_info__builder.hpp
-- Installing: /home/huy/drone_auto/install/shape_info/include/shape_info/shape_info/msg/detail/shape_info__traits.hpp
-- Up-to-date: /home/huy/drone_auto/install/shape_info/include/shape_info/shape_info
-- Up-to-date: /home/huy/drone_auto/install/shape_info/include/shape_info/shape_info/msg
-- Installing: /home/huy/drone_auto/install/shape_info/include/shape_info/shape_info/msg/rosidl_typesupport_fastrtps_cpp__visibility_control.h
-- Up-to-date: /home/huy/drone_auto/install/shape_info/include/shape_info/shape_info/msg/detail
-- Installing: /home/huy/drone_auto/install/shape_info/include/shape_info/shape_info/msg/detail/shape_info__rosidl_typesupport_fastrtps_cpp.hpp
-- Installing: /home/huy/drone_auto/install/shape_info/include/shape_info/shape_info/msg/detail/dds_fastrtps
-- Installing: /home/huy/drone_auto/install/shape_info/lib/libshape_info__rosidl_typesupport_fastrtps_cpp.so
-- Set runtime path of "/home/huy/drone_auto/install/shape_info/lib/libshape_info__rosidl_typesupport_fastrtps_cpp.so" to ""
-- Up-to-date: /home/huy/drone_auto/install/shape_info/include/shape_info/shape_info
-- Up-to-date: /home/huy/drone_auto/install/shape_info/include/shape_info/shape_info/msg
-- Up-to-date: /home/huy/drone_auto/install/shape_info/include/shape_info/shape_info/msg/detail
-- Installing: /home/huy/drone_auto/install/shape_info/include/shape_info/shape_info/msg/detail/shape_info__type_support.cpp
-- Installing: /home/huy/drone_auto/install/shape_info/include/shape_info/shape_info/msg/detail/shape_info__rosidl_typesupport_introspection_cpp.hpp
-- Installing: /home/huy/drone_auto/install/shape_info/lib/libshape_info__rosidl_typesupport_introspection_cpp.so
-- Set runtime path of "/home/huy/drone_auto/install/shape_info/lib/libshape_info__rosidl_typesupport_introspection_cpp.so" to ""
-- Installing: /home/huy/drone_auto/install/shape_info/lib/libshape_info__rosidl_typesupport_cpp.so
-- Set runtime path of "/home/huy/drone_auto/install/shape_info/lib/libshape_info__rosidl_typesupport_cpp.so" to ""
-- Installing: /home/huy/drone_auto/install/shape_info/share/shape_info/environment/pythonpath.sh
-- Installing: /home/huy/drone_auto/install/shape_info/share/shape_info/environment/pythonpath.dsv
-- Installing: /home/huy/drone_auto/install/shape_info/local/lib/python3.10/dist-packages/shape_info-0.0.0-py3.10.egg-info
-- Installing: /home/huy/drone_auto/install/shape_info/local/lib/python3.10/dist-packages/shape_info-0.0.0-py3.10.egg-info/dependency_links.txt
-- Installing: /home/huy/drone_auto/install/shape_info/local/lib/python3.10/dist-packages/shape_info-0.0.0-py3.10.egg-info/top_level.txt
-- Installing: /home/huy/drone_auto/install/shape_info/local/lib/python3.10/dist-packages/shape_info-0.0.0-py3.10.egg-info/SOURCES.txt
-- Installing: /home/huy/drone_auto/install/shape_info/local/lib/python3.10/dist-packages/shape_info-0.0.0-py3.10.egg-info/PKG-INFO
-- Installing: /home/huy/drone_auto/install/shape_info/local/lib/python3.10/dist-packages/shape_info
-- Installing: /home/huy/drone_auto/install/shape_info/local/lib/python3.10/dist-packages/shape_info/shape_info_s__rosidl_typesupport_fastrtps_c.cpython-310-x86_64-linux-gnu.so
-- Installing: /home/huy/drone_auto/install/shape_info/local/lib/python3.10/dist-packages/shape_info/msg
-- Installing: /home/huy/drone_auto/install/shape_info/local/lib/python3.10/dist-packages/shape_info/msg/_shape_info_s.c
-- Installing: /home/huy/drone_auto/install/shape_info/local/lib/python3.10/dist-packages/shape_info/msg/_shape_info.py
-- Installing: /home/huy/drone_auto/install/shape_info/local/lib/python3.10/dist-packages/shape_info/msg/__init__.py
-- Installing: /home/huy/drone_auto/install/shape_info/local/lib/python3.10/dist-packages/shape_info/_shape_info_s.ep.rosidl_typesupport_fastrtps_c.c
-- Installing: /home/huy/drone_auto/install/shape_info/local/lib/python3.10/dist-packages/shape_info/shape_info_s__rosidl_typesupport_c.cpython-310-x86_64-linux-gnu.so
-- Installing: /home/huy/drone_auto/install/shape_info/local/lib/python3.10/dist-packages/shape_info/shape_info_s__rosidl_typesupport_introspection_c.cpython-310-x86_64-linux-gnu.so
-- Installing: /home/huy/drone_auto/install/shape_info/local/lib/python3.10/dist-packages/shape_info/__init__.py
-- Installing: /home/huy/drone_auto/install/shape_info/local/lib/python3.10/dist-packages/shape_info/_shape_info_s.ep.rosidl_typesupport_introspection_c.c
-- Installing: /home/huy/drone_auto/install/shape_info/local/lib/python3.10/dist-packages/shape_info/libshape_info__rosidl_generator_py.so
-- Installing: /home/huy/drone_auto/install/shape_info/local/lib/python3.10/dist-packages/shape_info/_shape_info_s.ep.rosidl_typesupport_c.c
Listing '/home/huy/drone_auto/install/shape_info/local/lib/python3.10/dist-packages/shape_info'...
Compiling '/home/huy/drone_auto/install/shape_info/local/lib/python3.10/dist-packages/shape_info/__init__.py'...
Listing '/home/huy/drone_auto/install/shape_info/local/lib/python3.10/dist-packages/shape_info/msg'...
Compiling '/home/huy/drone_auto/install/shape_info/local/lib/python3.10/dist-packages/shape_info/msg/__init__.py'...
Compiling '/home/huy/drone_auto/install/shape_info/local/lib/python3.10/dist-packages/shape_info/msg/_shape_info.py'...
-- Installing: /home/huy/drone_auto/install/shape_info/local/lib/python3.10/dist-packages/shape_info/shape_info_s__rosidl_typesupport_fastrtps_c.cpython-310-x86_64-linux-gnu.so
-- Set runtime path of "/home/huy/drone_auto/install/shape_info/local/lib/python3.10/dist-packages/shape_info/shape_info_s__rosidl_typesupport_fastrtps_c.cpython-310-x86_64-linux-gnu.so" to ""
-- Installing: /home/huy/drone_auto/install/shape_info/local/lib/python3.10/dist-packages/shape_info/shape_info_s__rosidl_typesupport_introspection_c.cpython-310-x86_64-linux-gnu.so
-- Set runtime path of "/home/huy/drone_auto/install/shape_info/local/lib/python3.10/dist-packages/shape_info/shape_info_s__rosidl_typesupport_introspection_c.cpython-310-x86_64-linux-gnu.so" to ""
-- Installing: /home/huy/drone_auto/install/shape_info/local/lib/python3.10/dist-packages/shape_info/shape_info_s__rosidl_typesupport_c.cpython-310-x86_64-linux-gnu.so
-- Set runtime path of "/home/huy/drone_auto/install/shape_info/local/lib/python3.10/dist-packages/shape_info/shape_info_s__rosidl_typesupport_c.cpython-310-x86_64-linux-gnu.so" to ""
-- Installing: /home/huy/drone_auto/install/shape_info/lib/libshape_info__rosidl_generator_py.so
-- Set runtime path of "/home/huy/drone_auto/install/shape_info/lib/libshape_info__rosidl_generator_py.so" to ""
-- Installing: /home/huy/drone_auto/install/shape_info/share/shape_info/msg/ShapeInfo.idl
-- Installing: /home/huy/drone_auto/install/shape_info/share/shape_info/msg/ShapeInfo.msg
-- Installing: /home/huy/drone_auto/install/shape_info/share/ament_index/resource_index/package_run_dependencies/shape_info
-- Installing: /home/huy/drone_auto/install/shape_info/share/ament_index/resource_index/parent_prefix_path/shape_info
-- Installing: /home/huy/drone_auto/install/shape_info/share/shape_info/environment/ament_prefix_path.sh
-- Installing: /home/huy/drone_auto/install/shape_info/share/shape_info/environment/ament_prefix_path.dsv
-- Installing: /home/huy/drone_auto/install/shape_info/share/shape_info/environment/path.sh
-- Installing: /home/huy/drone_auto/install/shape_info/share/shape_info/environment/path.dsv
-- Installing: /home/huy/drone_auto/install/shape_info/share/shape_info/local_setup.bash
-- Installing: /home/huy/drone_auto/install/shape_info/share/shape_info/local_setup.sh
-- Installing: /home/huy/drone_auto/install/shape_info/share/shape_info/local_setup.zsh
-- Installing: /home/huy/drone_auto/install/shape_info/share/shape_info/local_setup.dsv
-- Installing: /home/huy/drone_auto/install/shape_info/share/shape_info/package.dsv
-- Installing: /home/huy/drone_auto/install/shape_info/share/ament_index/resource_index/packages/shape_info
-- Installing: /home/huy/drone_auto/install/shape_info/share/shape_info/cmake/export_shape_info__rosidl_generator_cExport.cmake
-- Installing: /home/huy/drone_auto/install/shape_info/share/shape_info/cmake/export_shape_info__rosidl_generator_cExport-noconfig.cmake
-- Installing: /home/huy/drone_auto/install/shape_info/share/shape_info/cmake/export_shape_info__rosidl_typesupport_fastrtps_cExport.cmake
-- Installing: /home/huy/drone_auto/install/shape_info/share/shape_info/cmake/export_shape_info__rosidl_typesupport_fastrtps_cExport-noconfig.cmake
-- Installing: /home/huy/drone_auto/install/shape_info/share/shape_info/cmake/shape_info__rosidl_typesupport_introspection_cExport.cmake
-- Installing: /home/huy/drone_auto/install/shape_info/share/shape_info/cmake/shape_info__rosidl_typesupport_introspection_cExport-noconfig.cmake
-- Installing: /home/huy/drone_auto/install/shape_info/share/shape_info/cmake/shape_info__rosidl_typesupport_cExport.cmake
-- Installing: /home/huy/drone_auto/install/shape_info/share/shape_info/cmake/shape_info__rosidl_typesupport_cExport-noconfig.cmake
-- Installing: /home/huy/drone_auto/install/shape_info/share/shape_info/cmake/export_shape_info__rosidl_generator_cppExport.cmake
-- Installing: /home/huy/drone_auto/install/shape_info/share/shape_info/cmake/export_shape_info__rosidl_typesupport_fastrtps_cppExport.cmake
-- Installing: /home/huy/drone_auto/install/shape_info/share/shape_info/cmake/export_shape_info__rosidl_typesupport_fastrtps_cppExport-noconfig.cmake
-- Installing: /home/huy/drone_auto/install/shape_info/share/shape_info/cmake/shape_info__rosidl_typesupport_introspection_cppExport.cmake
-- Installing: /home/huy/drone_auto/install/shape_info/share/shape_info/cmake/shape_info__rosidl_typesupport_introspection_cppExport-noconfig.cmake
-- Installing: /home/huy/drone_auto/install/shape_info/share/shape_info/cmake/shape_info__rosidl_typesupport_cppExport.cmake
-- Installing: /home/huy/drone_auto/install/shape_info/share/shape_info/cmake/shape_info__rosidl_typesupport_cppExport-noconfig.cmake
-- Installing: /home/huy/drone_auto/install/shape_info/share/shape_info/cmake/export_shape_info__rosidl_generator_pyExport.cmake
-- Installing: /home/huy/drone_auto/install/shape_info/share/shape_info/cmake/export_shape_info__rosidl_generator_pyExport-noconfig.cmake
-- Installing: /home/huy/drone_auto/install/shape_info/share/shape_info/cmake/rosidl_cmake-extras.cmake
-- Installing: /home/huy/drone_auto/install/shape_info/share/shape_info/cmake/ament_cmake_export_dependencies-extras.cmake
-- Installing: /home/huy/drone_auto/install/shape_info/share/shape_info/cmake/ament_cmake_export_include_directories-extras.cmake
-- Installing: /home/huy/drone_auto/install/shape_info/share/shape_info/cmake/ament_cmake_export_libraries-extras.cmake
-- Installing: /home/huy/drone_auto/install/shape_info/share/shape_info/cmake/ament_cmake_export_targets-extras.cmake
-- Installing: /home/huy/drone_auto/install/shape_info/share/shape_info/cmake/rosidl_cmake_export_typesupport_targets-extras.cmake
-- Installing: /home/huy/drone_auto/install/shape_info/share/shape_info/cmake/rosidl_cmake_export_typesupport_libraries-extras.cmake
-- Installing: /home/huy/drone_auto/install/shape_info/share/shape_info/cmake/shape_infoConfig.cmake
-- Installing: /home/huy/drone_auto/install/shape_info/share/shape_info/cmake/shape_infoConfig-version.cmake
-- Installing: /home/huy/drone_auto/install/shape_info/share/shape_info/package.xml
