[0.008s] Invoking command in '/home/huy/drone_auto/build/drone': CMAKE_PREFIX_PATH=/home/huy/drone_auto/install/px4_msgs:/home/huy/drone_auto/install/drone:/home/huy/my_ws/install/quadcopter:/home/huy/my_ws/install/pkgname:/home/huy/my_ws/install/px4_msgs:/home/huy/my_ws/install/bme680_sensor:/opt/ros/humble /usr/bin/cmake --build /home/huy/drone_auto/build/drone -- -j12 -l12
[0.053s] [35m[1mConsolidate compiler generated dependencies of target drone_auto_node[0m
[0.078s] [ 50%] [32mBuilding CXX object CMakeFiles/drone_auto_node.dir/src/drone_auto.cpp.o[0m
[2.643s] [01m[K/home/huy/drone_auto/src/drone/src/drone_auto.cpp:[m[K In lambda function:
[2.643s] [01m[K/home/huy/drone_auto/src/drone/src/drone_auto.cpp:79:63:[m[K [01;35m[Kwarning: [m[Kunused parameter ‘[01m[Kmsg[m[K’ [[01;35m[K]8;;https://gcc.gnu.org/onlinedocs/gcc/Warning-Options.html#index-Wunused-parameter-Wunused-parameter]8;;[m[K]
[2.643s]    79 | [01;35m[K4_msgs::msg::DistanceSensor::UniquePtr msg[m[K) {
[2.643s]       | [01;35m[K~~~~~~~~~~~~~~~~~~~~~~~~~~~~~~~~~~~~~~~^~~[m[K
[2.643s] 
[19.462s] [100%] [32m[1mLinking CXX executable drone_auto_node[0m
[21.012s] [100%] Built target drone_auto_node
[21.022s] Invoked command in '/home/huy/drone_auto/build/drone' returned '0': CMAKE_PREFIX_PATH=/home/huy/drone_auto/install/px4_msgs:/home/huy/drone_auto/install/drone:/home/huy/my_ws/install/quadcopter:/home/huy/my_ws/install/pkgname:/home/huy/my_ws/install/px4_msgs:/home/huy/my_ws/install/bme680_sensor:/opt/ros/humble /usr/bin/cmake --build /home/huy/drone_auto/build/drone -- -j12 -l12
[21.024s] Invoking command in '/home/huy/drone_auto/build/drone': CMAKE_PREFIX_PATH=/home/huy/drone_auto/install/px4_msgs:/home/huy/drone_auto/install/drone:/home/huy/my_ws/install/quadcopter:/home/huy/my_ws/install/pkgname:/home/huy/my_ws/install/px4_msgs:/home/huy/my_ws/install/bme680_sensor:/opt/ros/humble /usr/bin/cmake --install /home/huy/drone_auto/build/drone
[21.029s] -- Install configuration: ""
[21.030s] -- Installing: /home/huy/drone_auto/install/drone/lib/drone/drone_auto_node
[21.041s] -- Set runtime path of "/home/huy/drone_auto/install/drone/lib/drone/drone_auto_node" to ""
[21.041s] -- Up-to-date: /home/huy/drone_auto/install/drone/share/ament_index/resource_index/package_run_dependencies/drone
[21.041s] -- Up-to-date: /home/huy/drone_auto/install/drone/share/ament_index/resource_index/parent_prefix_path/drone
[21.042s] -- Up-to-date: /home/huy/drone_auto/install/drone/share/drone/environment/ament_prefix_path.sh
[21.042s] -- Up-to-date: /home/huy/drone_auto/install/drone/share/drone/environment/ament_prefix_path.dsv
[21.042s] -- Up-to-date: /home/huy/drone_auto/install/drone/share/drone/environment/path.sh
[21.042s] -- Up-to-date: /home/huy/drone_auto/install/drone/share/drone/environment/path.dsv
[21.042s] -- Up-to-date: /home/huy/drone_auto/install/drone/share/drone/local_setup.bash
[21.042s] -- Up-to-date: /home/huy/drone_auto/install/drone/share/drone/local_setup.sh
[21.042s] -- Up-to-date: /home/huy/drone_auto/install/drone/share/drone/local_setup.zsh
[21.042s] -- Up-to-date: /home/huy/drone_auto/install/drone/share/drone/local_setup.dsv
[21.042s] -- Installing: /home/huy/drone_auto/install/drone/share/drone/package.dsv
[21.042s] -- Up-to-date: /home/huy/drone_auto/install/drone/share/ament_index/resource_index/packages/drone
[21.042s] -- Up-to-date: /home/huy/drone_auto/install/drone/share/drone/cmake/droneConfig.cmake
[21.042s] -- Up-to-date: /home/huy/drone_auto/install/drone/share/drone/cmake/droneConfig-version.cmake
[21.042s] -- Up-to-date: /home/huy/drone_auto/install/drone/share/drone/package.xml
[21.044s] Invoked command in '/home/huy/drone_auto/build/drone' returned '0': CMAKE_PREFIX_PATH=/home/huy/drone_auto/install/px4_msgs:/home/huy/drone_auto/install/drone:/home/huy/my_ws/install/quadcopter:/home/huy/my_ws/install/pkgname:/home/huy/my_ws/install/px4_msgs:/home/huy/my_ws/install/bme680_sensor:/opt/ros/humble /usr/bin/cmake --install /home/huy/drone_auto/build/drone
