[0.007s] Invoking command in '/home/huy/drone_auto/build/drone': CMAKE_PREFIX_PATH=/home/huy/drone_auto/install/px4_msgs:/home/huy/drone_auto/install/drone:/home/huy/my_ws/install/quadcopter:/home/huy/my_ws/install/pkgname:/home/huy/my_ws/install/px4_msgs:/home/huy/my_ws/install/bme680_sensor:/opt/ros/humble /usr/bin/cmake --build /home/huy/drone_auto/build/drone -- -j12 -l12
[0.040s] [35m[1mConsolidate compiler generated dependencies of target drone_auto_node[0m
[0.052s] [ 50%] [32mBuilding CXX object CMakeFiles/drone_auto_node.dir/src/drone_auto.cpp.o[0m
[21.178s] [100%] [32m[1mLinking CXX executable drone_auto_node[0m
[23.446s] [100%] Built target drone_auto_node
[23.460s] Invoked command in '/home/huy/drone_auto/build/drone' returned '0': CMAKE_PREFIX_PATH=/home/huy/drone_auto/install/px4_msgs:/home/huy/drone_auto/install/drone:/home/huy/my_ws/install/quadcopter:/home/huy/my_ws/install/pkgname:/home/huy/my_ws/install/px4_msgs:/home/huy/my_ws/install/bme680_sensor:/opt/ros/humble /usr/bin/cmake --build /home/huy/drone_auto/build/drone -- -j12 -l12
[23.461s] Invoking command in '/home/huy/drone_auto/build/drone': CMAKE_PREFIX_PATH=/home/huy/drone_auto/install/px4_msgs:/home/huy/drone_auto/install/drone:/home/huy/my_ws/install/quadcopter:/home/huy/my_ws/install/pkgname:/home/huy/my_ws/install/px4_msgs:/home/huy/my_ws/install/bme680_sensor:/opt/ros/humble /usr/bin/cmake --install /home/huy/drone_auto/build/drone
[23.467s] -- Install configuration: ""
[23.468s] -- Installing: /home/huy/drone_auto/install/drone/lib/drone/drone_auto_node
[23.482s] -- Set runtime path of "/home/huy/drone_auto/install/drone/lib/drone/drone_auto_node" to ""
[23.482s] -- Up-to-date: /home/huy/drone_auto/install/drone/share/ament_index/resource_index/package_run_dependencies/drone
[23.482s] -- Up-to-date: /home/huy/drone_auto/install/drone/share/ament_index/resource_index/parent_prefix_path/drone
[23.482s] -- Up-to-date: /home/huy/drone_auto/install/drone/share/drone/environment/ament_prefix_path.sh
[23.482s] -- Up-to-date: /home/huy/drone_auto/install/drone/share/drone/environment/ament_prefix_path.dsv
[23.482s] -- Up-to-date: /home/huy/drone_auto/install/drone/share/drone/environment/path.sh
[23.482s] -- Up-to-date: /home/huy/drone_auto/install/drone/share/drone/environment/path.dsv
[23.482s] -- Up-to-date: /home/huy/drone_auto/install/drone/share/drone/local_setup.bash
[23.482s] -- Up-to-date: /home/huy/drone_auto/install/drone/share/drone/local_setup.sh
[23.483s] -- Up-to-date: /home/huy/drone_auto/install/drone/share/drone/local_setup.zsh
[23.483s] -- Up-to-date: /home/huy/drone_auto/install/drone/share/drone/local_setup.dsv
[23.483s] -- Installing: /home/huy/drone_auto/install/drone/share/drone/package.dsv
[23.483s] -- Up-to-date: /home/huy/drone_auto/install/drone/share/ament_index/resource_index/packages/drone
[23.483s] -- Up-to-date: /home/huy/drone_auto/install/drone/share/drone/cmake/droneConfig.cmake
[23.483s] -- Up-to-date: /home/huy/drone_auto/install/drone/share/drone/cmake/droneConfig-version.cmake
[23.483s] -- Up-to-date: /home/huy/drone_auto/install/drone/share/drone/package.xml
[23.485s] Invoked command in '/home/huy/drone_auto/build/drone' returned '0': CMAKE_PREFIX_PATH=/home/huy/drone_auto/install/px4_msgs:/home/huy/drone_auto/install/drone:/home/huy/my_ws/install/quadcopter:/home/huy/my_ws/install/pkgname:/home/huy/my_ws/install/px4_msgs:/home/huy/my_ws/install/bme680_sensor:/opt/ros/humble /usr/bin/cmake --install /home/huy/drone_auto/build/drone
