[35m[1mConsolidate compiler generated dependencies of target drone_auto_node[0m
[ 50%] [32mBuilding CXX object CMakeFiles/drone_auto_node.dir/src/drone_auto.cpp.o[0m
[01m[K/home/huy/drone_auto/src/drone/src/drone_auto.cpp:222:86:[m[K [01;31m[Kerror: [m[Kexpected ‘[01m[K;[m[K’ at end of member declaration
  222 | ler_xyz(float DesiredValueX, float DesiredValueY, float DesiredValueZ[01;31m[K)[m[K
      |                                                                      [01;31m[K^[m[K
      |                                                                       [32m[K;[m[K
[01m[K/home/huy/drone_auto/src/drone/src/drone_auto.cpp:[m[K In member function ‘[01m[Kstd::array<float, 4> OffboardControl::RPY_to_Quaternion(float, float, float)[m[K’:
[01m[K/home/huy/drone_auto/src/drone/src/drone_auto.cpp:442:5:[m[K [01;31m[Kerror: [m[K‘[01m[Kquaternion[m[K’ was not declared in this scope
  442 |     [01;31m[Kquaternion[m[K[0] = cr * cp * cy + sr * sp * sy;
      |     [01;31m[K^~~~~~~~~~[m[K
[01m[K/home/huy/drone_auto/src/drone/src/drone_auto.cpp:[m[K In member function ‘[01m[Kvoid OffboardControl::Controller_xyz(float, float, float)[m[K’:
[01m[K/home/huy/drone_auto/src/drone/src/drone_auto.cpp:516:85:[m[K [01;31m[Kerror: [m[Kcannot convert ‘[01m[Kstd::array<float, 4>[m[K’ to ‘[01m[Kfloat*[m[K’
  516 | ude_setpoint(Controller_z(DesiredValueZ), [01;31m[KRPY_to_Quaternion(Pitch_d, -Roll_d, Yaw_hover + M_PI/2)[m[K);
      |                                           [01;31m[K~~~~~~~~~~~~~~~~~^~~~~~~~~~~~~~~~~~~~~~~~~~~~~~~~~~~~~~[m[K
      |                                                            [01;31m[K|[m[K
      |                                                            [01;31m[Kstd::array<float, 4>[m[K

[01m[K/home/huy/drone_auto/src/drone/src/drone_auto.cpp:419:79:[m[K [01;36m[Knote: [m[K  initializing argument 2 of ‘[01m[Kvoid OffboardControl::publish_vehicle_attitude_setpoint(float, float*)[m[K’
  419 | l::publish_vehicle_attitude_setpoint(float thrust_z, [01;36m[Kfloat quaternion[4][m[K)
      |                                                      [01;36m[K~~~~~~^~~~~~~~~~~~~[m[K

gmake[2]: *** [CMakeFiles/drone_auto_node.dir/build.make:76: CMakeFiles/drone_auto_node.dir/src/drone_auto.cpp.o] Error 1
gmake[1]: *** [CMakeFiles/Makefile2:137: CMakeFiles/drone_auto_node.dir/all] Error 2
gmake: *** [Makefile:146: all] Error 2
