[0.584s] Invoking command in '/home/huy/drone_auto/src/my_shape_detector': AMENT_PREFIX_PATH=/home/huy/drone_auto/install/shape_info:${AMENT_PREFIX_PATH} CMAKE_PREFIX_PATH=/home/huy/drone_auto/install/shape_info:${CMAKE_PREFIX_PATH} LD_LIBRARY_PATH=/home/huy/drone_auto/install/shape_info/lib:${LD_LIBRARY_PATH} PYTHONPATH=/home/huy/drone_auto/build/my_shape_detector/prefix_override:/usr/lib/python3/dist-packages/colcon_core/task/python/colcon_distutils_commands:/home/huy/drone_auto/install/my_shape_detector/lib/python3.10/site-packages:/home/huy/drone_auto/install/shape_info/local/lib/python3.10/dist-packages:${PYTHONPATH} /usr/bin/python3 -W ignore:setup.py install is deprecated -W ignore:easy_install command is deprecated setup.py egg_info --egg-base ../../build/my_shape_detector build --build-base /home/huy/drone_auto/build/my_shape_detector/build install --record /home/huy/drone_auto/build/my_shape_detector/install.log --single-version-externally-managed install_data
[0.689s] /home/huy/.local/lib/python3.10/site-packages/setuptools/_distutils/dist.py:270: UserWarning: Unknown distribution option: 'tests_require'
[0.689s]   warnings.warn(msg)
[0.753s] running egg_info
[0.763s] creating ../../build/my_shape_detector/my_shape_detector.egg-info
[0.763s] writing ../../build/my_shape_detector/my_shape_detector.egg-info/PKG-INFO
[0.763s] writing dependency_links to ../../build/my_shape_detector/my_shape_detector.egg-info/dependency_links.txt
[0.763s] writing entry points to ../../build/my_shape_detector/my_shape_detector.egg-info/entry_points.txt
[0.764s] writing requirements to ../../build/my_shape_detector/my_shape_detector.egg-info/requires.txt
[0.764s] writing top-level names to ../../build/my_shape_detector/my_shape_detector.egg-info/top_level.txt
[0.764s] writing manifest file '../../build/my_shape_detector/my_shape_detector.egg-info/SOURCES.txt'
[0.785s] reading manifest file '../../build/my_shape_detector/my_shape_detector.egg-info/SOURCES.txt'
[0.786s] adding license file 'LICENSE'
[0.786s] writing manifest file '../../build/my_shape_detector/my_shape_detector.egg-info/SOURCES.txt'
[0.786s] running build
[0.786s] running build_py
[0.786s] creating /home/huy/drone_auto/build/my_shape_detector/build/lib/my_shape_detector
[0.787s] copying my_shape_detector/__init__.py -> /home/huy/drone_auto/build/my_shape_detector/build/lib/my_shape_detector
[0.787s] copying my_shape_detector/shape_detection.py -> /home/huy/drone_auto/build/my_shape_detector/build/lib/my_shape_detector
[0.787s] running install
[0.791s] running install_lib
[0.802s] creating /home/huy/drone_auto/install/my_shape_detector/lib/python3.10/site-packages/my_shape_detector
[0.802s] copying /home/huy/drone_auto/build/my_shape_detector/build/lib/my_shape_detector/__init__.py -> /home/huy/drone_auto/install/my_shape_detector/lib/python3.10/site-packages/my_shape_detector
[0.802s] copying /home/huy/drone_auto/build/my_shape_detector/build/lib/my_shape_detector/shape_detection.py -> /home/huy/drone_auto/install/my_shape_detector/lib/python3.10/site-packages/my_shape_detector
[0.802s] byte-compiling /home/huy/drone_auto/install/my_shape_detector/lib/python3.10/site-packages/my_shape_detector/__init__.py to __init__.cpython-310.pyc
[0.802s] byte-compiling /home/huy/drone_auto/install/my_shape_detector/lib/python3.10/site-packages/my_shape_detector/shape_detection.py to shape_detection.cpython-310.pyc
[0.805s] running install_data
[0.805s] creating /home/huy/drone_auto/install/my_shape_detector/share/ament_index/resource_index/packages
[0.806s] copying resource/my_shape_detector -> /home/huy/drone_auto/install/my_shape_detector/share/ament_index/resource_index/packages
[0.806s] copying package.xml -> /home/huy/drone_auto/install/my_shape_detector/share/my_shape_detector
[0.806s] running install_egg_info
[0.818s] Copying ../../build/my_shape_detector/my_shape_detector.egg-info to /home/huy/drone_auto/install/my_shape_detector/lib/python3.10/site-packages/my_shape_detector-0.0.1-py3.10.egg-info
[0.819s] running install_scripts
[0.903s] Installing shape_detection script to /home/huy/drone_auto/install/my_shape_detector/lib/my_shape_detector
[0.904s] writing list of installed files to '/home/huy/drone_auto/build/my_shape_detector/install.log'
[0.924s] Invoked command in '/home/huy/drone_auto/src/my_shape_detector' returned '0': AMENT_PREFIX_PATH=/home/huy/drone_auto/install/shape_info:${AMENT_PREFIX_PATH} CMAKE_PREFIX_PATH=/home/huy/drone_auto/install/shape_info:${CMAKE_PREFIX_PATH} LD_LIBRARY_PATH=/home/huy/drone_auto/install/shape_info/lib:${LD_LIBRARY_PATH} PYTHONPATH=/home/huy/drone_auto/build/my_shape_detector/prefix_override:/usr/lib/python3/dist-packages/colcon_core/task/python/colcon_distutils_commands:/home/huy/drone_auto/install/my_shape_detector/lib/python3.10/site-packages:/home/huy/drone_auto/install/shape_info/local/lib/python3.10/dist-packages:${PYTHONPATH} /usr/bin/python3 -W ignore:setup.py install is deprecated -W ignore:easy_install command is deprecated setup.py egg_info --egg-base ../../build/my_shape_detector build --build-base /home/huy/drone_auto/build/my_shape_detector/build install --record /home/huy/drone_auto/build/my_shape_detector/install.log --single-version-externally-managed install_data
