[0.007s] Invoking command in '/home/huy/drone_auto/build/drone': CMAKE_PREFIX_PATH=/home/huy/drone_auto/install/px4_msgs:/home/huy/drone_auto/install/drone:/home/huy/my_ws/install/quadcopter:/home/huy/my_ws/install/pkgname:/home/huy/my_ws/install/px4_msgs:/home/huy/my_ws/install/bme680_sensor:/opt/ros/humble /usr/bin/cmake --build /home/huy/drone_auto/build/drone -- -j12 -l12
[0.041s] [35m[1mConsolidate compiler generated dependencies of target drone_auto_node[0m
[0.054s] [ 50%] [32mBuilding CXX object CMakeFiles/drone_auto_node.dir/src/drone_auto.cpp.o[0m
[2.122s] [01m[K/home/huy/drone_auto/src/drone/src/drone_auto.cpp:[m[K In lambda function:
[2.123s] [01m[K/home/huy/drone_auto/src/drone/src/drone_auto.cpp:172:29:[m[K [01;35m[Kwarning: [m[Koperation on ‘[01m[Kthis->OffboardControl::Vel[m[K’ may be undefined [[01;35m[K]8;;https://gcc.gnu.org/onlinedocs/gcc/Warning-Options.html#index-Wsequence-point-Wsequence-point]8;;[m[K]
[2.123s]   172 |                         [01;35m[KVel = std::clamp(Vel += 0.01, 0.0f, 1.0f)[m[K;
[2.123s]       |                         [01;35m[K~~~~^~~~~~~~~~~~~~~~~~~~~~~~~~~~~~~~~~~~~[m[K
[2.123s] [01m[K/home/huy/drone_auto/src/drone/src/drone_auto.cpp:177:29:[m[K [01;35m[Kwarning: [m[Koperation on ‘[01m[Kthis->OffboardControl::Vel[m[K’ may be undefined [[01;35m[K]8;;https://gcc.gnu.org/onlinedocs/gcc/Warning-Options.html#index-Wsequence-point-Wsequence-point]8;;[m[K]
[2.123s]   177 |                         [01;35m[KVel = std::clamp(Vel -= 0.01, 0.0f, 1.0f)[m[K;
[2.123s]       |                         [01;35m[K~~~~^~~~~~~~~~~~~~~~~~~~~~~~~~~~~~~~~~~~~[m[K
[18.027s] [100%] [32m[1mLinking CXX executable drone_auto_node[0m
[19.333s] [100%] Built target drone_auto_node
[19.340s] Invoked command in '/home/huy/drone_auto/build/drone' returned '0': CMAKE_PREFIX_PATH=/home/huy/drone_auto/install/px4_msgs:/home/huy/drone_auto/install/drone:/home/huy/my_ws/install/quadcopter:/home/huy/my_ws/install/pkgname:/home/huy/my_ws/install/px4_msgs:/home/huy/my_ws/install/bme680_sensor:/opt/ros/humble /usr/bin/cmake --build /home/huy/drone_auto/build/drone -- -j12 -l12
[19.341s] Invoking command in '/home/huy/drone_auto/build/drone': CMAKE_PREFIX_PATH=/home/huy/drone_auto/install/px4_msgs:/home/huy/drone_auto/install/drone:/home/huy/my_ws/install/quadcopter:/home/huy/my_ws/install/pkgname:/home/huy/my_ws/install/px4_msgs:/home/huy/my_ws/install/bme680_sensor:/opt/ros/humble /usr/bin/cmake --install /home/huy/drone_auto/build/drone
[19.346s] -- Install configuration: ""
[19.346s] -- Installing: /home/huy/drone_auto/install/drone/lib/drone/drone_auto_node
[19.355s] -- Set runtime path of "/home/huy/drone_auto/install/drone/lib/drone/drone_auto_node" to ""
[19.355s] -- Up-to-date: /home/huy/drone_auto/install/drone/share/ament_index/resource_index/package_run_dependencies/drone
[19.355s] -- Up-to-date: /home/huy/drone_auto/install/drone/share/ament_index/resource_index/parent_prefix_path/drone
[19.355s] -- Up-to-date: /home/huy/drone_auto/install/drone/share/drone/environment/ament_prefix_path.sh
[19.355s] -- Up-to-date: /home/huy/drone_auto/install/drone/share/drone/environment/ament_prefix_path.dsv
[19.355s] -- Up-to-date: /home/huy/drone_auto/install/drone/share/drone/environment/path.sh
[19.355s] -- Up-to-date: /home/huy/drone_auto/install/drone/share/drone/environment/path.dsv
[19.355s] -- Up-to-date: /home/huy/drone_auto/install/drone/share/drone/local_setup.bash
[19.355s] -- Up-to-date: /home/huy/drone_auto/install/drone/share/drone/local_setup.sh
[19.355s] -- Up-to-date: /home/huy/drone_auto/install/drone/share/drone/local_setup.zsh
[19.355s] -- Up-to-date: /home/huy/drone_auto/install/drone/share/drone/local_setup.dsv
[19.355s] -- Installing: /home/huy/drone_auto/install/drone/share/drone/package.dsv
[19.355s] -- Up-to-date: /home/huy/drone_auto/install/drone/share/ament_index/resource_index/packages/drone
[19.355s] -- Up-to-date: /home/huy/drone_auto/install/drone/share/drone/cmake/droneConfig.cmake
[19.355s] -- Up-to-date: /home/huy/drone_auto/install/drone/share/drone/cmake/droneConfig-version.cmake
[19.356s] -- Up-to-date: /home/huy/drone_auto/install/drone/share/drone/package.xml
[19.357s] Invoked command in '/home/huy/drone_auto/build/drone' returned '0': CMAKE_PREFIX_PATH=/home/huy/drone_auto/install/px4_msgs:/home/huy/drone_auto/install/drone:/home/huy/my_ws/install/quadcopter:/home/huy/my_ws/install/pkgname:/home/huy/my_ws/install/px4_msgs:/home/huy/my_ws/install/bme680_sensor:/opt/ros/humble /usr/bin/cmake --install /home/huy/drone_auto/build/drone
