[0.008s] Invoking command in '/home/huy/drone_auto/build/drone': CMAKE_PREFIX_PATH=${CMAKE_PREFIX_PATH}:/home/huy/my_ws/install/bme680_sensor:/opt/ros/humble /usr/bin/cmake --build /home/huy/drone_auto/build/drone -- -j12 -l12
[0.034s] [35m[1mConsolidate compiler generated dependencies of target drone_auto_node[0m
[0.041s] [ 50%] [32mBuilding CXX object CMakeFiles/drone_auto_node.dir/src/drone_auto.cpp.o[0m
[2.003s] [01m[K/home/huy/drone_auto/src/drone/src/drone_auto.cpp:[m[K In lambda function:
[2.003s] [01m[K/home/huy/drone_auto/src/drone/src/drone_auto.cpp:79:63:[m[K [01;35m[Kwarning: [m[Kunused parameter ‘[01m[Kmsg[m[K’ [[01;35m[K]8;;https://gcc.gnu.org/onlinedocs/gcc/Warning-Options.html#index-Wunused-parameter-Wunused-parameter]8;;[m[K]
[2.003s]    79 |         [this]([01;35m[Kconst px4_msgs::msg::DistanceSensor::UniquePtr msg[m[K) {
[2.003s]       |                [01;35m[K~~~~~~~~~~~~~~~~~~~~~~~~~~~~~~~~~~~~~~~~~~~~~~~^~~[m[K
[14.241s] [100%] [32m[1mLinking CXX executable drone_auto_node[0m
[15.198s] [100%] Built target drone_auto_node
[15.208s] Invoked command in '/home/huy/drone_auto/build/drone' returned '0': CMAKE_PREFIX_PATH=${CMAKE_PREFIX_PATH}:/home/huy/my_ws/install/bme680_sensor:/opt/ros/humble /usr/bin/cmake --build /home/huy/drone_auto/build/drone -- -j12 -l12
[15.216s] Invoking command in '/home/huy/drone_auto/build/drone': CMAKE_PREFIX_PATH=${CMAKE_PREFIX_PATH}:/home/huy/my_ws/install/bme680_sensor:/opt/ros/humble /usr/bin/cmake --install /home/huy/drone_auto/build/drone
[15.221s] -- Install configuration: ""
[15.222s] -- Installing: /home/huy/drone_auto/install/drone/lib/drone/drone_auto_node
[15.227s] -- Set runtime path of "/home/huy/drone_auto/install/drone/lib/drone/drone_auto_node" to ""
[15.227s] -- Installing: /home/huy/drone_auto/install/drone/share/ament_index/resource_index/package_run_dependencies/drone
[15.228s] -- Installing: /home/huy/drone_auto/install/drone/share/ament_index/resource_index/parent_prefix_path/drone
[15.228s] -- Installing: /home/huy/drone_auto/install/drone/share/drone/environment/ament_prefix_path.sh
[15.228s] -- Installing: /home/huy/drone_auto/install/drone/share/drone/environment/ament_prefix_path.dsv
[15.228s] -- Installing: /home/huy/drone_auto/install/drone/share/drone/environment/path.sh
[15.228s] -- Installing: /home/huy/drone_auto/install/drone/share/drone/environment/path.dsv
[15.228s] -- Installing: /home/huy/drone_auto/install/drone/share/drone/local_setup.bash
[15.229s] -- Installing: /home/huy/drone_auto/install/drone/share/drone/local_setup.sh
[15.229s] -- Installing: /home/huy/drone_auto/install/drone/share/drone/local_setup.zsh
[15.229s] -- Installing: /home/huy/drone_auto/install/drone/share/drone/local_setup.dsv
[15.229s] -- Up-to-date: /home/huy/drone_auto/install/drone/share/drone/package.dsv
[15.229s] -- Installing: /home/huy/drone_auto/install/drone/share/ament_index/resource_index/packages/drone
[15.229s] -- Installing: /home/huy/drone_auto/install/drone/share/drone/cmake/droneConfig.cmake
[15.229s] -- Installing: /home/huy/drone_auto/install/drone/share/drone/cmake/droneConfig-version.cmake
[15.229s] -- Installing: /home/huy/drone_auto/install/drone/share/drone/package.xml
[15.231s] Invoked command in '/home/huy/drone_auto/build/drone' returned '0': CMAKE_PREFIX_PATH=${CMAKE_PREFIX_PATH}:/home/huy/my_ws/install/bme680_sensor:/opt/ros/humble /usr/bin/cmake --install /home/huy/drone_auto/build/drone
