[0.082s] DEBUG:colcon:Command line arguments: ['/usr/bin/colcon', 'build', '--allow-overriding', 'px4_msgs']
[0.082s] DEBUG:colcon:Parsed command line arguments: Namespace(log_base=None, log_level=None, verb_name='build', build_base='build', install_base='install', merge_install=False, symlink_install=False, test_result_base=None, continue_on_error=False, executor='parallel', parallel_workers=12, event_handlers=None, ignore_user_meta=False, metas=['./colcon.meta'], base_paths=['.'], packages_ignore=None, packages_ignore_regex=None, paths=None, packages_up_to=None, packages_up_to_regex=None, packages_above=None, packages_above_and_dependencies=None, packages_above_depth=None, packages_select_by_dep=None, packages_skip_by_dep=None, packages_skip_up_to=None, packages_select_build_failed=False, packages_skip_build_finished=False, packages_select_test_failures=False, packages_skip_test_passed=False, packages_select=None, packages_skip=None, packages_select_regex=None, packages_skip_regex=None, packages_start=None, packages_end=None, allow_overriding=['px4_msgs'], cmake_args=None, cmake_target=None, cmake_target_skip_unavailable=False, cmake_clean_cache=False, cmake_clean_first=False, cmake_force_configure=False, ament_cmake_args=None, catkin_cmake_args=None, catkin_skip_building_tests=False, mixin_files=None, mixin=None, verb_parser=<colcon_mixin.mixin.mixin_argument.MixinArgumentDecorator object at 0x7088e0a5b1f0>, verb_extension=<colcon_core.verb.build.BuildVerb object at 0x7088e0a5ab60>, main=<bound method BuildVerb.main of <colcon_core.verb.build.BuildVerb object at 0x7088e0a5ab60>>, mixin_verb=('build',))
[0.112s] Level 1:colcon.colcon_core.package_discovery:discover_packages(colcon_meta) check parameters
[0.112s] Level 1:colcon.colcon_core.package_discovery:discover_packages(recursive) check parameters
[0.112s] Level 1:colcon.colcon_core.package_discovery:discover_packages(ignore) check parameters
[0.112s] Level 1:colcon.colcon_core.package_discovery:discover_packages(path) check parameters
[0.112s] Level 1:colcon.colcon_core.package_discovery:discover_packages(colcon_meta) discover
[0.112s] Level 1:colcon.colcon_core.package_discovery:discover_packages(recursive) discover
[0.112s] INFO:colcon.colcon_core.package_discovery:Crawling recursively for packages in '/home/huy/drone_auto'
[0.112s] Level 1:colcon.colcon_core.package_identification:_identify(.) by extensions ['ignore', 'ignore_ament_install']
[0.112s] Level 1:colcon.colcon_core.package_identification:_identify(.) by extension 'ignore'
[0.112s] Level 1:colcon.colcon_core.package_identification:_identify(.) by extension 'ignore_ament_install'
[0.112s] Level 1:colcon.colcon_core.package_identification:_identify(.) by extensions ['colcon_pkg']
[0.112s] Level 1:colcon.colcon_core.package_identification:_identify(.) by extension 'colcon_pkg'
[0.112s] Level 1:colcon.colcon_core.package_identification:_identify(.) by extensions ['colcon_meta']
[0.112s] Level 1:colcon.colcon_core.package_identification:_identify(.) by extension 'colcon_meta'
[0.112s] Level 1:colcon.colcon_core.package_identification:_identify(.) by extensions ['ros']
[0.112s] Level 1:colcon.colcon_core.package_identification:_identify(.) by extension 'ros'
[0.124s] Level 1:colcon.colcon_core.package_identification:_identify(.) by extensions ['cmake', 'python']
[0.124s] Level 1:colcon.colcon_core.package_identification:_identify(.) by extension 'cmake'
[0.124s] Level 1:colcon.colcon_core.package_identification:_identify(.) by extension 'python'
[0.124s] Level 1:colcon.colcon_core.package_identification:_identify(.) by extensions ['python_setup_py']
[0.124s] Level 1:colcon.colcon_core.package_identification:_identify(.) by extension 'python_setup_py'
[0.124s] Level 1:colcon.colcon_core.package_identification:_identify(build) by extensions ['ignore', 'ignore_ament_install']
[0.124s] Level 1:colcon.colcon_core.package_identification:_identify(build) by extension 'ignore'
[0.124s] Level 1:colcon.colcon_core.package_identification:_identify(build) ignored
[0.125s] Level 1:colcon.colcon_core.package_identification:_identify(install) by extensions ['ignore', 'ignore_ament_install']
[0.125s] Level 1:colcon.colcon_core.package_identification:_identify(install) by extension 'ignore'
[0.125s] Level 1:colcon.colcon_core.package_identification:_identify(install) ignored
[0.125s] Level 1:colcon.colcon_core.package_identification:_identify(log) by extensions ['ignore', 'ignore_ament_install']
[0.125s] Level 1:colcon.colcon_core.package_identification:_identify(log) by extension 'ignore'
[0.125s] Level 1:colcon.colcon_core.package_identification:_identify(log) ignored
[0.125s] Level 1:colcon.colcon_core.package_identification:_identify(src) by extensions ['ignore', 'ignore_ament_install']
[0.125s] Level 1:colcon.colcon_core.package_identification:_identify(src) by extension 'ignore'
[0.125s] Level 1:colcon.colcon_core.package_identification:_identify(src) by extension 'ignore_ament_install'
[0.125s] Level 1:colcon.colcon_core.package_identification:_identify(src) by extensions ['colcon_pkg']
[0.125s] Level 1:colcon.colcon_core.package_identification:_identify(src) by extension 'colcon_pkg'
[0.125s] Level 1:colcon.colcon_core.package_identification:_identify(src) by extensions ['colcon_meta']
[0.125s] Level 1:colcon.colcon_core.package_identification:_identify(src) by extension 'colcon_meta'
[0.125s] Level 1:colcon.colcon_core.package_identification:_identify(src) by extensions ['ros']
[0.125s] Level 1:colcon.colcon_core.package_identification:_identify(src) by extension 'ros'
[0.125s] Level 1:colcon.colcon_core.package_identification:_identify(src) by extensions ['cmake', 'python']
[0.125s] Level 1:colcon.colcon_core.package_identification:_identify(src) by extension 'cmake'
[0.125s] Level 1:colcon.colcon_core.package_identification:_identify(src) by extension 'python'
[0.125s] Level 1:colcon.colcon_core.package_identification:_identify(src) by extensions ['python_setup_py']
[0.125s] Level 1:colcon.colcon_core.package_identification:_identify(src) by extension 'python_setup_py'
[0.125s] Level 1:colcon.colcon_core.package_identification:_identify(src/drone) by extensions ['ignore', 'ignore_ament_install']
[0.125s] Level 1:colcon.colcon_core.package_identification:_identify(src/drone) by extension 'ignore'
[0.125s] Level 1:colcon.colcon_core.package_identification:_identify(src/drone) by extension 'ignore_ament_install'
[0.125s] Level 1:colcon.colcon_core.package_identification:_identify(src/drone) by extensions ['colcon_pkg']
[0.125s] Level 1:colcon.colcon_core.package_identification:_identify(src/drone) by extension 'colcon_pkg'
[0.125s] Level 1:colcon.colcon_core.package_identification:_identify(src/drone) by extensions ['colcon_meta']
[0.125s] Level 1:colcon.colcon_core.package_identification:_identify(src/drone) by extension 'colcon_meta'
[0.125s] Level 1:colcon.colcon_core.package_identification:_identify(src/drone) by extensions ['ros']
[0.125s] Level 1:colcon.colcon_core.package_identification:_identify(src/drone) by extension 'ros'
[0.127s] DEBUG:colcon.colcon_core.package_identification:Package 'src/drone' with type 'ros.ament_cmake' and name 'drone'
[0.128s] Level 1:colcon.colcon_core.package_identification:_identify(src/px4_msgs) by extensions ['ignore', 'ignore_ament_install']
[0.128s] Level 1:colcon.colcon_core.package_identification:_identify(src/px4_msgs) by extension 'ignore'
[0.128s] Level 1:colcon.colcon_core.package_identification:_identify(src/px4_msgs) by extension 'ignore_ament_install'
[0.128s] Level 1:colcon.colcon_core.package_identification:_identify(src/px4_msgs) by extensions ['colcon_pkg']
[0.128s] Level 1:colcon.colcon_core.package_identification:_identify(src/px4_msgs) by extension 'colcon_pkg'
[0.128s] Level 1:colcon.colcon_core.package_identification:_identify(src/px4_msgs) by extensions ['colcon_meta']
[0.128s] Level 1:colcon.colcon_core.package_identification:_identify(src/px4_msgs) by extension 'colcon_meta'
[0.128s] Level 1:colcon.colcon_core.package_identification:_identify(src/px4_msgs) by extensions ['ros']
[0.128s] Level 1:colcon.colcon_core.package_identification:_identify(src/px4_msgs) by extension 'ros'
[0.128s] DEBUG:colcon.colcon_core.package_identification:Package 'src/px4_msgs' with type 'ros.ament_cmake' and name 'px4_msgs'
[0.128s] Level 1:colcon.colcon_core.package_discovery:discover_packages(recursive) using defaults
[0.128s] Level 1:colcon.colcon_core.package_discovery:discover_packages(ignore) discover
[0.128s] Level 1:colcon.colcon_core.package_discovery:discover_packages(ignore) using defaults
[0.128s] Level 1:colcon.colcon_core.package_discovery:discover_packages(path) discover
[0.128s] Level 1:colcon.colcon_core.package_discovery:discover_packages(path) using defaults
[0.143s] Level 1:colcon.colcon_core.package_discovery:discover_packages(prefix_path) check parameters
[0.143s] Level 1:colcon.colcon_core.package_discovery:discover_packages(prefix_path) discover
[0.144s] DEBUG:colcon.colcon_installed_package_information.package_discovery:Found 2 installed packages in /home/huy/drone_auto/install
[0.145s] DEBUG:colcon.colcon_installed_package_information.package_discovery:Found 4 installed packages in /home/huy/my_ws/install
[0.146s] DEBUG:colcon.colcon_installed_package_information.package_discovery:Found 274 installed packages in /opt/ros/humble
[0.146s] Level 1:colcon.colcon_core.package_discovery:discover_packages(prefix_path) using defaults
[0.172s] Level 5:colcon.colcon_core.verb:set package 'px4_msgs' build argument 'cmake_args' from command line to 'None'
[0.172s] Level 5:colcon.colcon_core.verb:set package 'px4_msgs' build argument 'cmake_target' from command line to 'None'
[0.172s] Level 5:colcon.colcon_core.verb:set package 'px4_msgs' build argument 'cmake_target_skip_unavailable' from command line to 'False'
[0.172s] Level 5:colcon.colcon_core.verb:set package 'px4_msgs' build argument 'cmake_clean_cache' from command line to 'False'
[0.172s] Level 5:colcon.colcon_core.verb:set package 'px4_msgs' build argument 'cmake_clean_first' from command line to 'False'
[0.172s] Level 5:colcon.colcon_core.verb:set package 'px4_msgs' build argument 'cmake_force_configure' from command line to 'False'
[0.172s] Level 5:colcon.colcon_core.verb:set package 'px4_msgs' build argument 'ament_cmake_args' from command line to 'None'
[0.172s] Level 5:colcon.colcon_core.verb:set package 'px4_msgs' build argument 'catkin_cmake_args' from command line to 'None'
[0.172s] Level 5:colcon.colcon_core.verb:set package 'px4_msgs' build argument 'catkin_skip_building_tests' from command line to 'False'
[0.172s] DEBUG:colcon.colcon_core.verb:Building package 'px4_msgs' with the following arguments: {'ament_cmake_args': None, 'build_base': '/home/huy/drone_auto/build/px4_msgs', 'catkin_cmake_args': None, 'catkin_skip_building_tests': False, 'cmake_args': None, 'cmake_clean_cache': False, 'cmake_clean_first': False, 'cmake_force_configure': False, 'cmake_target': None, 'cmake_target_skip_unavailable': False, 'install_base': '/home/huy/drone_auto/install/px4_msgs', 'merge_install': False, 'path': '/home/huy/drone_auto/src/px4_msgs', 'symlink_install': False, 'test_result_base': None}
[0.173s] Level 5:colcon.colcon_core.verb:set package 'drone' build argument 'cmake_args' from command line to 'None'
[0.173s] Level 5:colcon.colcon_core.verb:set package 'drone' build argument 'cmake_target' from command line to 'None'
[0.173s] Level 5:colcon.colcon_core.verb:set package 'drone' build argument 'cmake_target_skip_unavailable' from command line to 'False'
[0.173s] Level 5:colcon.colcon_core.verb:set package 'drone' build argument 'cmake_clean_cache' from command line to 'False'
[0.173s] Level 5:colcon.colcon_core.verb:set package 'drone' build argument 'cmake_clean_first' from command line to 'False'
[0.173s] Level 5:colcon.colcon_core.verb:set package 'drone' build argument 'cmake_force_configure' from command line to 'False'
[0.173s] Level 5:colcon.colcon_core.verb:set package 'drone' build argument 'ament_cmake_args' from command line to 'None'
[0.173s] Level 5:colcon.colcon_core.verb:set package 'drone' build argument 'catkin_cmake_args' from command line to 'None'
[0.173s] Level 5:colcon.colcon_core.verb:set package 'drone' build argument 'catkin_skip_building_tests' from command line to 'False'
[0.173s] DEBUG:colcon.colcon_core.verb:Building package 'drone' with the following arguments: {'ament_cmake_args': None, 'build_base': '/home/huy/drone_auto/build/drone', 'catkin_cmake_args': None, 'catkin_skip_building_tests': False, 'cmake_args': None, 'cmake_clean_cache': False, 'cmake_clean_first': False, 'cmake_force_configure': False, 'cmake_target': None, 'cmake_target_skip_unavailable': False, 'install_base': '/home/huy/drone_auto/install/drone', 'merge_install': False, 'path': '/home/huy/drone_auto/src/drone', 'symlink_install': False, 'test_result_base': None}
[0.173s] INFO:colcon.colcon_core.executor:Executing jobs using 'parallel' executor
[0.174s] DEBUG:colcon.colcon_parallel_executor.executor.parallel:run_until_complete
[0.174s] INFO:colcon.colcon_ros.task.ament_cmake.build:Building ROS package in '/home/huy/drone_auto/src/px4_msgs' with build type 'ament_cmake'
[0.174s] INFO:colcon.colcon_cmake.task.cmake.build:Building CMake package in '/home/huy/drone_auto/src/px4_msgs'
[0.176s] INFO:colcon.colcon_core.plugin_system:Skipping extension 'colcon_core.shell.bat': Not used on non-Windows systems
[0.176s] INFO:colcon.colcon_core.shell:Skip shell extension 'powershell' for command environment: Not usable outside of PowerShell
[0.176s] DEBUG:colcon.colcon_core.shell:Skip shell extension 'dsv' for command environment
[0.182s] DEBUG:colcon.colcon_core.event_handler.log_command:Invoking command in '/home/huy/drone_auto/build/px4_msgs': CMAKE_PREFIX_PATH=${CMAKE_PREFIX_PATH}:/home/huy/my_ws/install/bme680_sensor:/opt/ros/humble /usr/bin/cmake --build /home/huy/drone_auto/build/px4_msgs -- -j12 -l12
[0.732s] DEBUG:colcon.colcon_core.event_handler.log_command:Invoked command in '/home/huy/drone_auto/build/px4_msgs' returned '0': CMAKE_PREFIX_PATH=${CMAKE_PREFIX_PATH}:/home/huy/my_ws/install/bme680_sensor:/opt/ros/humble /usr/bin/cmake --build /home/huy/drone_auto/build/px4_msgs -- -j12 -l12
[0.740s] DEBUG:colcon.colcon_core.event_handler.log_command:Invoking command in '/home/huy/drone_auto/build/px4_msgs': CMAKE_PREFIX_PATH=${CMAKE_PREFIX_PATH}:/home/huy/my_ws/install/bme680_sensor:/opt/ros/humble /usr/bin/cmake --install /home/huy/drone_auto/build/px4_msgs
[0.934s] Level 1:colcon.colcon_core.environment:create_environment_scripts_only(px4_msgs)
[0.935s] DEBUG:colcon.colcon_core.event_handler.log_command:Invoked command in '/home/huy/drone_auto/build/px4_msgs' returned '0': CMAKE_PREFIX_PATH=${CMAKE_PREFIX_PATH}:/home/huy/my_ws/install/bme680_sensor:/opt/ros/humble /usr/bin/cmake --install /home/huy/drone_auto/build/px4_msgs
[0.936s] Level 1:colcon.colcon_core.environment:checking '/home/huy/drone_auto/install/px4_msgs' for CMake module files
[0.937s] Level 1:colcon.colcon_core.environment:checking '/home/huy/drone_auto/install/px4_msgs' for CMake config files
[0.940s] Level 1:colcon.colcon_core.shell:create_environment_hook('px4_msgs', 'cmake_prefix_path')
[0.940s] INFO:colcon.colcon_core.shell:Creating environment hook '/home/huy/drone_auto/install/px4_msgs/share/px4_msgs/hook/cmake_prefix_path.ps1'
[0.941s] INFO:colcon.colcon_core.shell:Creating environment descriptor '/home/huy/drone_auto/install/px4_msgs/share/px4_msgs/hook/cmake_prefix_path.dsv'
[0.941s] INFO:colcon.colcon_core.shell:Creating environment hook '/home/huy/drone_auto/install/px4_msgs/share/px4_msgs/hook/cmake_prefix_path.sh'
[0.942s] Level 1:colcon.colcon_core.environment:checking '/home/huy/drone_auto/install/px4_msgs/lib'
[0.942s] Level 1:colcon.colcon_core.shell:create_environment_hook('px4_msgs', 'ld_library_path_lib')
[0.942s] INFO:colcon.colcon_core.shell:Creating environment hook '/home/huy/drone_auto/install/px4_msgs/share/px4_msgs/hook/ld_library_path_lib.ps1'
[0.942s] INFO:colcon.colcon_core.shell:Creating environment descriptor '/home/huy/drone_auto/install/px4_msgs/share/px4_msgs/hook/ld_library_path_lib.dsv'
[0.942s] INFO:colcon.colcon_core.shell:Creating environment hook '/home/huy/drone_auto/install/px4_msgs/share/px4_msgs/hook/ld_library_path_lib.sh'
[0.942s] Level 1:colcon.colcon_core.environment:checking '/home/huy/drone_auto/install/px4_msgs/bin'
[0.943s] Level 1:colcon.colcon_core.environment:checking '/home/huy/drone_auto/install/px4_msgs/lib/pkgconfig/px4_msgs.pc'
[0.943s] Level 1:colcon.colcon_core.environment:checking '/home/huy/drone_auto/install/px4_msgs/lib/python3.10/site-packages'
[0.943s] Level 1:colcon.colcon_core.environment:checking '/home/huy/drone_auto/install/px4_msgs/bin'
[0.943s] INFO:colcon.colcon_core.shell:Creating package script '/home/huy/drone_auto/install/px4_msgs/share/px4_msgs/package.ps1'
[0.944s] INFO:colcon.colcon_core.shell:Creating package descriptor '/home/huy/drone_auto/install/px4_msgs/share/px4_msgs/package.dsv'
[0.944s] INFO:colcon.colcon_core.shell:Creating package script '/home/huy/drone_auto/install/px4_msgs/share/px4_msgs/package.sh'
[0.944s] INFO:colcon.colcon_core.shell:Creating package script '/home/huy/drone_auto/install/px4_msgs/share/px4_msgs/package.bash'
[0.945s] INFO:colcon.colcon_core.shell:Creating package script '/home/huy/drone_auto/install/px4_msgs/share/px4_msgs/package.zsh'
[0.945s] Level 1:colcon.colcon_core.environment:create_file_with_runtime_dependencies(/home/huy/drone_auto/install/px4_msgs/share/colcon-core/packages/px4_msgs)
[0.946s] Level 1:colcon.colcon_core.environment:create_environment_scripts_only(px4_msgs)
[0.946s] Level 1:colcon.colcon_core.environment:checking '/home/huy/drone_auto/install/px4_msgs' for CMake module files
[0.946s] Level 1:colcon.colcon_core.environment:checking '/home/huy/drone_auto/install/px4_msgs' for CMake config files
[0.949s] Level 1:colcon.colcon_core.shell:create_environment_hook('px4_msgs', 'cmake_prefix_path')
[0.949s] INFO:colcon.colcon_core.shell:Creating environment hook '/home/huy/drone_auto/install/px4_msgs/share/px4_msgs/hook/cmake_prefix_path.ps1'
[0.949s] INFO:colcon.colcon_core.shell:Creating environment descriptor '/home/huy/drone_auto/install/px4_msgs/share/px4_msgs/hook/cmake_prefix_path.dsv'
[0.950s] INFO:colcon.colcon_core.shell:Creating environment hook '/home/huy/drone_auto/install/px4_msgs/share/px4_msgs/hook/cmake_prefix_path.sh'
[0.950s] Level 1:colcon.colcon_core.environment:checking '/home/huy/drone_auto/install/px4_msgs/lib'
[0.950s] Level 1:colcon.colcon_core.shell:create_environment_hook('px4_msgs', 'ld_library_path_lib')
[0.950s] INFO:colcon.colcon_core.shell:Creating environment hook '/home/huy/drone_auto/install/px4_msgs/share/px4_msgs/hook/ld_library_path_lib.ps1'
[0.950s] INFO:colcon.colcon_core.shell:Creating environment descriptor '/home/huy/drone_auto/install/px4_msgs/share/px4_msgs/hook/ld_library_path_lib.dsv'
[0.951s] INFO:colcon.colcon_core.shell:Creating environment hook '/home/huy/drone_auto/install/px4_msgs/share/px4_msgs/hook/ld_library_path_lib.sh'
[0.951s] Level 1:colcon.colcon_core.environment:checking '/home/huy/drone_auto/install/px4_msgs/bin'
[0.951s] Level 1:colcon.colcon_core.environment:checking '/home/huy/drone_auto/install/px4_msgs/lib/pkgconfig/px4_msgs.pc'
[0.951s] Level 1:colcon.colcon_core.environment:checking '/home/huy/drone_auto/install/px4_msgs/lib/python3.10/site-packages'
[0.951s] Level 1:colcon.colcon_core.environment:checking '/home/huy/drone_auto/install/px4_msgs/bin'
[0.951s] INFO:colcon.colcon_core.shell:Creating package script '/home/huy/drone_auto/install/px4_msgs/share/px4_msgs/package.ps1'
[0.952s] INFO:colcon.colcon_core.shell:Creating package descriptor '/home/huy/drone_auto/install/px4_msgs/share/px4_msgs/package.dsv'
[0.952s] INFO:colcon.colcon_core.shell:Creating package script '/home/huy/drone_auto/install/px4_msgs/share/px4_msgs/package.sh'
[0.952s] INFO:colcon.colcon_core.shell:Creating package script '/home/huy/drone_auto/install/px4_msgs/share/px4_msgs/package.bash'
[0.952s] INFO:colcon.colcon_core.shell:Creating package script '/home/huy/drone_auto/install/px4_msgs/share/px4_msgs/package.zsh'
[0.953s] Level 1:colcon.colcon_core.environment:create_file_with_runtime_dependencies(/home/huy/drone_auto/install/px4_msgs/share/colcon-core/packages/px4_msgs)
[0.953s] INFO:colcon.colcon_ros.task.ament_cmake.build:Building ROS package in '/home/huy/drone_auto/src/drone' with build type 'ament_cmake'
[0.953s] INFO:colcon.colcon_cmake.task.cmake.build:Building CMake package in '/home/huy/drone_auto/src/drone'
[0.953s] INFO:colcon.colcon_core.shell:Skip shell extension 'powershell' for command environment: Not usable outside of PowerShell
[0.953s] DEBUG:colcon.colcon_core.shell:Skip shell extension 'dsv' for command environment
[0.960s] DEBUG:colcon.colcon_core.event_handler.log_command:Invoking command in '/home/huy/drone_auto/build/drone': CMAKE_PREFIX_PATH=/home/huy/drone_auto/install/px4_msgs:/home/huy/drone_auto/install/drone:/home/huy/my_ws/install/quadcopter:/home/huy/my_ws/install/pkgname:/home/huy/my_ws/install/px4_msgs:/home/huy/my_ws/install/bme680_sensor:/opt/ros/humble /usr/bin/cmake --build /home/huy/drone_auto/build/drone -- -j12 -l12
[1.012s] DEBUG:colcon.colcon_core.event_handler.log_command:Invoked command in '/home/huy/drone_auto/build/drone' returned '0': CMAKE_PREFIX_PATH=/home/huy/drone_auto/install/px4_msgs:/home/huy/drone_auto/install/drone:/home/huy/my_ws/install/quadcopter:/home/huy/my_ws/install/pkgname:/home/huy/my_ws/install/px4_msgs:/home/huy/my_ws/install/bme680_sensor:/opt/ros/humble /usr/bin/cmake --build /home/huy/drone_auto/build/drone -- -j12 -l12
[1.014s] DEBUG:colcon.colcon_core.event_handler.log_command:Invoking command in '/home/huy/drone_auto/build/drone': CMAKE_PREFIX_PATH=/home/huy/drone_auto/install/px4_msgs:/home/huy/drone_auto/install/drone:/home/huy/my_ws/install/quadcopter:/home/huy/my_ws/install/pkgname:/home/huy/my_ws/install/px4_msgs:/home/huy/my_ws/install/bme680_sensor:/opt/ros/humble /usr/bin/cmake --install /home/huy/drone_auto/build/drone
[1.021s] Level 1:colcon.colcon_core.environment:create_environment_scripts_only(drone)
[1.022s] Level 1:colcon.colcon_core.environment:checking '/home/huy/drone_auto/install/drone' for CMake module files
[1.022s] DEBUG:colcon.colcon_core.event_handler.log_command:Invoked command in '/home/huy/drone_auto/build/drone' returned '0': CMAKE_PREFIX_PATH=/home/huy/drone_auto/install/px4_msgs:/home/huy/drone_auto/install/drone:/home/huy/my_ws/install/quadcopter:/home/huy/my_ws/install/pkgname:/home/huy/my_ws/install/px4_msgs:/home/huy/my_ws/install/bme680_sensor:/opt/ros/humble /usr/bin/cmake --install /home/huy/drone_auto/build/drone
[1.022s] Level 1:colcon.colcon_core.environment:checking '/home/huy/drone_auto/install/drone' for CMake config files
[1.023s] Level 1:colcon.colcon_core.shell:create_environment_hook('drone', 'cmake_prefix_path')
[1.023s] INFO:colcon.colcon_core.shell:Creating environment hook '/home/huy/drone_auto/install/drone/share/drone/hook/cmake_prefix_path.ps1'
[1.023s] INFO:colcon.colcon_core.shell:Creating environment descriptor '/home/huy/drone_auto/install/drone/share/drone/hook/cmake_prefix_path.dsv'
[1.024s] INFO:colcon.colcon_core.shell:Creating environment hook '/home/huy/drone_auto/install/drone/share/drone/hook/cmake_prefix_path.sh'
[1.024s] Level 1:colcon.colcon_core.environment:checking '/home/huy/drone_auto/install/drone/lib'
[1.024s] Level 1:colcon.colcon_core.environment:checking '/home/huy/drone_auto/install/drone/bin'
[1.025s] Level 1:colcon.colcon_core.environment:checking '/home/huy/drone_auto/install/drone/lib/pkgconfig/drone.pc'
[1.025s] Level 1:colcon.colcon_core.environment:checking '/home/huy/drone_auto/install/drone/lib/python3.10/site-packages'
[1.025s] Level 1:colcon.colcon_core.environment:checking '/home/huy/drone_auto/install/drone/bin'
[1.025s] INFO:colcon.colcon_core.shell:Creating package script '/home/huy/drone_auto/install/drone/share/drone/package.ps1'
[1.026s] INFO:colcon.colcon_core.shell:Creating package descriptor '/home/huy/drone_auto/install/drone/share/drone/package.dsv'
[1.026s] INFO:colcon.colcon_core.shell:Creating package script '/home/huy/drone_auto/install/drone/share/drone/package.sh'
[1.026s] INFO:colcon.colcon_core.shell:Creating package script '/home/huy/drone_auto/install/drone/share/drone/package.bash'
[1.027s] INFO:colcon.colcon_core.shell:Creating package script '/home/huy/drone_auto/install/drone/share/drone/package.zsh'
[1.027s] Level 1:colcon.colcon_core.environment:create_file_with_runtime_dependencies(/home/huy/drone_auto/install/drone/share/colcon-core/packages/drone)
[1.027s] Level 1:colcon.colcon_core.environment:create_environment_scripts_only(drone)
[1.027s] Level 1:colcon.colcon_core.environment:checking '/home/huy/drone_auto/install/drone' for CMake module files
[1.028s] Level 1:colcon.colcon_core.environment:checking '/home/huy/drone_auto/install/drone' for CMake config files
[1.028s] Level 1:colcon.colcon_core.shell:create_environment_hook('drone', 'cmake_prefix_path')
[1.028s] INFO:colcon.colcon_core.shell:Creating environment hook '/home/huy/drone_auto/install/drone/share/drone/hook/cmake_prefix_path.ps1'
[1.028s] INFO:colcon.colcon_core.shell:Creating environment descriptor '/home/huy/drone_auto/install/drone/share/drone/hook/cmake_prefix_path.dsv'
[1.029s] INFO:colcon.colcon_core.shell:Creating environment hook '/home/huy/drone_auto/install/drone/share/drone/hook/cmake_prefix_path.sh'
[1.029s] Level 1:colcon.colcon_core.environment:checking '/home/huy/drone_auto/install/drone/lib'
[1.029s] Level 1:colcon.colcon_core.environment:checking '/home/huy/drone_auto/install/drone/bin'
[1.029s] Level 1:colcon.colcon_core.environment:checking '/home/huy/drone_auto/install/drone/lib/pkgconfig/drone.pc'
[1.029s] Level 1:colcon.colcon_core.environment:checking '/home/huy/drone_auto/install/drone/lib/python3.10/site-packages'
[1.030s] Level 1:colcon.colcon_core.environment:checking '/home/huy/drone_auto/install/drone/bin'
[1.030s] INFO:colcon.colcon_core.shell:Creating package script '/home/huy/drone_auto/install/drone/share/drone/package.ps1'
[1.030s] INFO:colcon.colcon_core.shell:Creating package descriptor '/home/huy/drone_auto/install/drone/share/drone/package.dsv'
[1.031s] INFO:colcon.colcon_core.shell:Creating package script '/home/huy/drone_auto/install/drone/share/drone/package.sh'
[1.031s] INFO:colcon.colcon_core.shell:Creating package script '/home/huy/drone_auto/install/drone/share/drone/package.bash'
[1.031s] INFO:colcon.colcon_core.shell:Creating package script '/home/huy/drone_auto/install/drone/share/drone/package.zsh'
[1.032s] Level 1:colcon.colcon_core.environment:create_file_with_runtime_dependencies(/home/huy/drone_auto/install/drone/share/colcon-core/packages/drone)
[1.032s] DEBUG:colcon.colcon_parallel_executor.executor.parallel:closing loop
[1.032s] DEBUG:colcon.colcon_parallel_executor.executor.parallel:loop closed
[1.032s] DEBUG:colcon.colcon_parallel_executor.executor.parallel:run_until_complete finished with '0'
[1.032s] DEBUG:colcon.colcon_core.event_reactor:joining thread
[1.064s] INFO:colcon.colcon_core.plugin_system:Skipping extension 'colcon_notification.desktop_notification.terminal_notifier': Not used on non-Darwin systems
[1.064s] INFO:colcon.colcon_core.plugin_system:Skipping extension 'colcon_notification.desktop_notification.win32': Not used on non-Windows systems
[1.064s] INFO:colcon.colcon_notification.desktop_notification:Sending desktop notification using 'notify2'
[1.074s] DEBUG:colcon.colcon_core.event_reactor:joined thread
[1.074s] INFO:colcon.colcon_core.shell:Creating prefix script '/home/huy/drone_auto/install/local_setup.ps1'
[1.075s] INFO:colcon.colcon_core.shell:Creating prefix util module '/home/huy/drone_auto/install/_local_setup_util_ps1.py'
[1.077s] INFO:colcon.colcon_core.shell:Creating prefix chain script '/home/huy/drone_auto/install/setup.ps1'
[1.078s] INFO:colcon.colcon_core.shell:Creating prefix script '/home/huy/drone_auto/install/local_setup.sh'
[1.078s] INFO:colcon.colcon_core.shell:Creating prefix util module '/home/huy/drone_auto/install/_local_setup_util_sh.py'
[1.079s] INFO:colcon.colcon_core.shell:Creating prefix chain script '/home/huy/drone_auto/install/setup.sh'
[1.080s] INFO:colcon.colcon_core.shell:Creating prefix script '/home/huy/drone_auto/install/local_setup.bash'
[1.080s] INFO:colcon.colcon_core.shell:Creating prefix chain script '/home/huy/drone_auto/install/setup.bash'
[1.081s] INFO:colcon.colcon_core.shell:Creating prefix script '/home/huy/drone_auto/install/local_setup.zsh'
[1.082s] INFO:colcon.colcon_core.shell:Creating prefix chain script '/home/huy/drone_auto/install/setup.zsh'
