[01m[K/home/huy/drone_auto/src/drone/src/drone_auto.cpp:[m[K In lambda function:
[01m[K/home/huy/drone_auto/src/drone/src/drone_auto.cpp:131:20:[m[K [01;31m[Kerror: [m[K‘[01m[KSTATE[m[K’ was not declared in this scope; did you mean ‘[01m[KESTALE[m[K’?
  131 |             switch([01;31m[KSTATE[m[K)
      |                    [01;31m[K^~~~~[m[K
      |                    [32m[KESTALE[m[K
[01m[K/home/huy/drone_auto/src/drone/src/drone_auto.cpp:134:24:[m[K [01;31m[Kerror: [m[K‘[01m[Knav_state_[m[K’ was not declared in this scope
  134 |                     if([01;31m[Knav_state_[m[K != MANUAL_MODE)
      |                        [01;31m[K^~~~~~~~~~[m[K
[01m[K/home/huy/drone_auto/src/drone/src/drone_auto.cpp:135:31:[m[K [01;31m[Kerror: [m[K‘[01m[Kclass OffboardControl[m[K’ has no member named ‘[01m[Kmanual[m[K’
  135 |                         this->[01;31m[Kmanual[m[K();
      |                               [01;31m[K^~~~~~[m[K
[01m[K/home/huy/drone_auto/src/drone/src/drone_auto.cpp:143:25:[m[K [01;31m[Kerror: [m[K‘[01m[Karming_state[m[K’ was not declared in this scope
  143 |                     if(![01;31m[Karming_state[m[K)
      |                         [01;31m[K^~~~~~~~~~~~[m[K
[01m[K/home/huy/drone_auto/src/drone/src/drone_auto.cpp:152:24:[m[K [01;31m[Kerror: [m[K‘[01m[Knav_state_[m[K’ was not declared in this scope
  152 |                     if([01;31m[Knav_state_[m[K != TAKEOFF_MODE)
      |                        [01;31m[K^~~~~~~~~~[m[K
[01m[K/home/huy/drone_auto/src/drone/src/drone_auto.cpp:153:31:[m[K [01;31m[Kerror: [m[K‘[01m[Kclass OffboardControl[m[K’ has no member named ‘[01m[Ktakeoff[m[K’
  153 |                         this->[01;31m[Ktakeoff[m[K();
      |                               [01;31m[K^~~~~~~[m[K
[01m[K/home/huy/drone_auto/src/drone/src/drone_auto.cpp:170:24:[m[K [01;31m[Kerror: [m[K‘[01m[Knav_state_[m[K’ was not declared in this scope
  170 |                     if([01;31m[Knav_state_[m[K != OFFBOARD_MODE)
      |                        [01;31m[K^~~~~~~~~~[m[K
[01m[K/home/huy/drone_auto/src/drone/src/drone_auto.cpp:171:31:[m[K [01;31m[Kerror: [m[K‘[01m[Kclass OffboardControl[m[K’ has no member named ‘[01m[Koffboard[m[K’
  171 |                         this->[01;31m[Koffboard[m[K();
      |                               [01;31m[K^~~~~~~~[m[K
[01m[K/home/huy/drone_auto/src/drone/src/drone_auto.cpp:173:25:[m[K [01;31m[Kerror: [m[K‘[01m[Ksetpoint_velocity[m[K’ was not declared in this scope
  173 |                         [01;31m[Ksetpoint_velocity[m[K(1.0);
      |                         [01;31m[K^~~~~~~~~~~~~~~~~[m[K
gmake[2]: *** [CMakeFiles/drone_auto_node.dir/build.make:76: CMakeFiles/drone_auto_node.dir/src/drone_auto.cpp.o] Error 1
gmake[1]: *** [CMakeFiles/Makefile2:137: CMakeFiles/drone_auto_node.dir/all] Error 2
gmake: *** [Makefile:146: all] Error 2
