[35m[1mConsolidate compiler generated dependencies of target drone_auto_node[0m
[ 50%] [32mBuilding CXX object CMakeFiles/drone_auto_node.dir/src/drone_auto.cpp.o[0m
[01m[K/home/huy/drone_auto/src/drone/src/drone_auto.cpp:[m[K In lambda function:
[01m[K/home/huy/drone_auto/src/drone/src/drone_auto.cpp:172:41:[m[K [01;31m[Kerror: [m[Kno matching function for call to ‘[01m[Kclamp(float&, double, double)[m[K’
  172 |                         Vel = [01;31m[Kstd::clamp(Vel += 0.01, 0.0, 1.0)[m[K;
      |                               [01;31m[K~~~~~~~~~~^~~~~~~~~~~~~~~~~~~~~~~[m[K
In file included from [01m[K/usr/include/c++/11/algorithm:62[m[K,
                 from [01m[K/home/huy/my_ws/install/px4_msgs/include/px4_msgs/px4_msgs/msg/detail/offboard_control_mode__struct.hpp:8[m[K,
                 from [01m[K/home/huy/my_ws/install/px4_msgs/include/px4_msgs/px4_msgs/msg/offboard_control_mode.hpp:7[m[K,
                 from [01m[K/home/huy/drone_auto/src/drone/src/drone_auto.cpp:1[m[K:
[01m[K/usr/include/c++/11/bits/stl_algo.h:3656:5:[m[K [01;36m[Knote: [m[Kcandidate: ‘[01m[Ktemplate<class _Tp> constexpr const _Tp& std::clamp(const _Tp&, const _Tp&, const _Tp&)[m[K’
 3656 |     [01;36m[Kclamp[m[K(const _Tp& __val, const _Tp& __lo, const _Tp& __hi)
      |     [01;36m[K^~~~~[m[K
[01m[K/usr/include/c++/11/bits/stl_algo.h:3656:5:[m[K [01;36m[Knote: [m[K  template argument deduction/substitution failed:
[01m[K/home/huy/drone_auto/src/drone/src/drone_auto.cpp:172:41:[m[K [01;36m[Knote: [m[K  deduced conflicting types for parameter ‘[01m[Kconst _Tp[m[K’ (‘[01m[Kfloat[m[K’ and ‘[01m[Kdouble[m[K’)
  172 |                         Vel = [01;36m[Kstd::clamp(Vel += 0.01, 0.0, 1.0)[m[K;
      |                               [01;36m[K~~~~~~~~~~^~~~~~~~~~~~~~~~~~~~~~~[m[K
In file included from [01m[K/usr/include/c++/11/algorithm:62[m[K,
                 from [01m[K/home/huy/my_ws/install/px4_msgs/include/px4_msgs/px4_msgs/msg/detail/offboard_control_mode__struct.hpp:8[m[K,
                 from [01m[K/home/huy/my_ws/install/px4_msgs/include/px4_msgs/px4_msgs/msg/offboard_control_mode.hpp:7[m[K,
                 from [01m[K/home/huy/drone_auto/src/drone/src/drone_auto.cpp:1[m[K:
[01m[K/usr/include/c++/11/bits/stl_algo.h:3674:5:[m[K [01;36m[Knote: [m[Kcandidate: ‘[01m[Ktemplate<class _Tp, class _Compare> constexpr const _Tp& std::clamp(const _Tp&, const _Tp&, const _Tp&, _Compare)[m[K’
 3674 |     [01;36m[Kclamp[m[K(const _Tp& __val, const _Tp& __lo, const _Tp& __hi, _Compare __comp)
      |     [01;36m[K^~~~~[m[K
[01m[K/usr/include/c++/11/bits/stl_algo.h:3674:5:[m[K [01;36m[Knote: [m[K  template argument deduction/substitution failed:
[01m[K/home/huy/drone_auto/src/drone/src/drone_auto.cpp:172:41:[m[K [01;36m[Knote: [m[K  deduced conflicting types for parameter ‘[01m[Kconst _Tp[m[K’ (‘[01m[Kfloat[m[K’ and ‘[01m[Kdouble[m[K’)
  172 |                         Vel = [01;36m[Kstd::clamp(Vel += 0.01, 0.0, 1.0)[m[K;
      |                               [01;36m[K~~~~~~~~~~^~~~~~~~~~~~~~~~~~~~~~~[m[K
[01m[K/home/huy/drone_auto/src/drone/src/drone_auto.cpp:177:41:[m[K [01;31m[Kerror: [m[Kno matching function for call to ‘[01m[Kclamp(float&, double, double)[m[K’
  177 |                         Vel = [01;31m[Kstd::clamp(Vel -= 0.01, 0.0, 1.0)[m[K;
      |                               [01;31m[K~~~~~~~~~~^~~~~~~~~~~~~~~~~~~~~~~[m[K
In file included from [01m[K/usr/include/c++/11/algorithm:62[m[K,
                 from [01m[K/home/huy/my_ws/install/px4_msgs/include/px4_msgs/px4_msgs/msg/detail/offboard_control_mode__struct.hpp:8[m[K,
                 from [01m[K/home/huy/my_ws/install/px4_msgs/include/px4_msgs/px4_msgs/msg/offboard_control_mode.hpp:7[m[K,
                 from [01m[K/home/huy/drone_auto/src/drone/src/drone_auto.cpp:1[m[K:
[01m[K/usr/include/c++/11/bits/stl_algo.h:3656:5:[m[K [01;36m[Knote: [m[Kcandidate: ‘[01m[Ktemplate<class _Tp> constexpr const _Tp& std::clamp(const _Tp&, const _Tp&, const _Tp&)[m[K’
 3656 |     [01;36m[Kclamp[m[K(const _Tp& __val, const _Tp& __lo, const _Tp& __hi)
      |     [01;36m[K^~~~~[m[K
[01m[K/usr/include/c++/11/bits/stl_algo.h:3656:5:[m[K [01;36m[Knote: [m[K  template argument deduction/substitution failed:
[01m[K/home/huy/drone_auto/src/drone/src/drone_auto.cpp:177:41:[m[K [01;36m[Knote: [m[K  deduced conflicting types for parameter ‘[01m[Kconst _Tp[m[K’ (‘[01m[Kfloat[m[K’ and ‘[01m[Kdouble[m[K’)
  177 |                         Vel = [01;36m[Kstd::clamp(Vel -= 0.01, 0.0, 1.0)[m[K;
      |                               [01;36m[K~~~~~~~~~~^~~~~~~~~~~~~~~~~~~~~~~[m[K
In file included from [01m[K/usr/include/c++/11/algorithm:62[m[K,
                 from [01m[K/home/huy/my_ws/install/px4_msgs/include/px4_msgs/px4_msgs/msg/detail/offboard_control_mode__struct.hpp:8[m[K,
                 from [01m[K/home/huy/my_ws/install/px4_msgs/include/px4_msgs/px4_msgs/msg/offboard_control_mode.hpp:7[m[K,
                 from [01m[K/home/huy/drone_auto/src/drone/src/drone_auto.cpp:1[m[K:
[01m[K/usr/include/c++/11/bits/stl_algo.h:3674:5:[m[K [01;36m[Knote: [m[Kcandidate: ‘[01m[Ktemplate<class _Tp, class _Compare> constexpr const _Tp& std::clamp(const _Tp&, const _Tp&, const _Tp&, _Compare)[m[K’
 3674 |     [01;36m[Kclamp[m[K(const _Tp& __val, const _Tp& __lo, const _Tp& __hi, _Compare __comp)
      |     [01;36m[K^~~~~[m[K
[01m[K/usr/include/c++/11/bits/stl_algo.h:3674:5:[m[K [01;36m[Knote: [m[K  template argument deduction/substitution failed:
[01m[K/home/huy/drone_auto/src/drone/src/drone_auto.cpp:177:41:[m[K [01;36m[Knote: [m[K  deduced conflicting types for parameter ‘[01m[Kconst _Tp[m[K’ (‘[01m[Kfloat[m[K’ and ‘[01m[Kdouble[m[K’)
  177 |                         Vel = [01;36m[Kstd::clamp(Vel -= 0.01, 0.0, 1.0)[m[K;
      |                               [01;36m[K~~~~~~~~~~^~~~~~~~~~~~~~~~~~~~~~~[m[K
[01m[K/home/huy/drone_auto/src/drone/src/drone_auto.cpp:184:25:[m[K [01;31m[Kerror: [m[K‘[01m[Kvel[m[K’ was not declared in this scope; did you mean ‘[01m[KVel[m[K’?
  184 |                         [01;31m[Kvel[m[K = 0;
      |                         [01;31m[K^~~[m[K
      |                         [32m[KVel[m[K
gmake[2]: *** [CMakeFiles/drone_auto_node.dir/build.make:76: CMakeFiles/drone_auto_node.dir/src/drone_auto.cpp.o] Error 1
gmake[1]: *** [CMakeFiles/Makefile2:137: CMakeFiles/drone_auto_node.dir/all] Error 2
gmake: *** [Makefile:146: all] Error 2
