[0.012s] Invoking command in '/home/huy/drone_auto/build/drone': CMAKE_PREFIX_PATH=/home/huy/drone_auto/install/px4_msgs:/home/huy/drone_auto/install/drone:/home/huy/my_ws/install/quadcopter:/home/huy/my_ws/install/pkgname:/home/huy/my_ws/install/px4_msgs:/home/huy/my_ws/install/bme680_sensor:/opt/ros/humble /usr/bin/cmake --build /home/huy/drone_auto/build/drone -- -j12 -l12
[0.063s] [35m[1mConsolidate compiler generated dependencies of target drone_auto_node[0m
[0.090s] [ 50%] [32mBuilding CXX object CMakeFiles/drone_auto_node.dir/src/drone_auto.cpp.o[0m
[28.426s] [100%] [32m[1mLinking CXX executable drone_auto_node[0m
[30.596s] [100%] Built target drone_auto_node
[30.606s] Invoked command in '/home/huy/drone_auto/build/drone' returned '0': CMAKE_PREFIX_PATH=/home/huy/drone_auto/install/px4_msgs:/home/huy/drone_auto/install/drone:/home/huy/my_ws/install/quadcopter:/home/huy/my_ws/install/pkgname:/home/huy/my_ws/install/px4_msgs:/home/huy/my_ws/install/bme680_sensor:/opt/ros/humble /usr/bin/cmake --build /home/huy/drone_auto/build/drone -- -j12 -l12
[30.607s] Invoking command in '/home/huy/drone_auto/build/drone': CMAKE_PREFIX_PATH=/home/huy/drone_auto/install/px4_msgs:/home/huy/drone_auto/install/drone:/home/huy/my_ws/install/quadcopter:/home/huy/my_ws/install/pkgname:/home/huy/my_ws/install/px4_msgs:/home/huy/my_ws/install/bme680_sensor:/opt/ros/humble /usr/bin/cmake --install /home/huy/drone_auto/build/drone
[30.615s] -- Install configuration: ""
[30.616s] -- Installing: /home/huy/drone_auto/install/drone/lib/drone/drone_auto_node
[30.630s] -- Set runtime path of "/home/huy/drone_auto/install/drone/lib/drone/drone_auto_node" to ""
[30.630s] -- Up-to-date: /home/huy/drone_auto/install/drone/share/ament_index/resource_index/package_run_dependencies/drone
[30.630s] -- Up-to-date: /home/huy/drone_auto/install/drone/share/ament_index/resource_index/parent_prefix_path/drone
[30.630s] -- Up-to-date: /home/huy/drone_auto/install/drone/share/drone/environment/ament_prefix_path.sh
[30.630s] -- Up-to-date: /home/huy/drone_auto/install/drone/share/drone/environment/ament_prefix_path.dsv
[30.630s] -- Up-to-date: /home/huy/drone_auto/install/drone/share/drone/environment/path.sh
[30.630s] -- Up-to-date: /home/huy/drone_auto/install/drone/share/drone/environment/path.dsv
[30.630s] -- Up-to-date: /home/huy/drone_auto/install/drone/share/drone/local_setup.bash
[30.630s] -- Up-to-date: /home/huy/drone_auto/install/drone/share/drone/local_setup.sh
[30.630s] -- Up-to-date: /home/huy/drone_auto/install/drone/share/drone/local_setup.zsh
[30.630s] -- Up-to-date: /home/huy/drone_auto/install/drone/share/drone/local_setup.dsv
[30.630s] -- Installing: /home/huy/drone_auto/install/drone/share/drone/package.dsv
[30.630s] -- Up-to-date: /home/huy/drone_auto/install/drone/share/ament_index/resource_index/packages/drone
[30.630s] -- Up-to-date: /home/huy/drone_auto/install/drone/share/drone/cmake/droneConfig.cmake
[30.631s] -- Up-to-date: /home/huy/drone_auto/install/drone/share/drone/cmake/droneConfig-version.cmake
[30.631s] -- Up-to-date: /home/huy/drone_auto/install/drone/share/drone/package.xml
[30.634s] Invoked command in '/home/huy/drone_auto/build/drone' returned '0': CMAKE_PREFIX_PATH=/home/huy/drone_auto/install/px4_msgs:/home/huy/drone_auto/install/drone:/home/huy/my_ws/install/quadcopter:/home/huy/my_ws/install/pkgname:/home/huy/my_ws/install/px4_msgs:/home/huy/my_ws/install/bme680_sensor:/opt/ros/humble /usr/bin/cmake --install /home/huy/drone_auto/build/drone
