[0.015s] Invoking command in '/home/huy/drone_auto/build/drone': CMAKE_PREFIX_PATH=/home/huy/drone_auto/install/px4_msgs:/home/huy/drone_auto/install/drone:/home/huy/my_ws/install/quadcopter:/home/huy/my_ws/install/pkgname:/home/huy/my_ws/install/px4_msgs:/home/huy/my_ws/install/bme680_sensor:/opt/ros/humble /usr/bin/cmake --build /home/huy/drone_auto/build/drone -- -j12 -l12
[0.071s] [35m[1mConsolidate compiler generated dependencies of target drone_auto_node[0m
[0.087s] [ 50%] [32mBuilding CXX object CMakeFiles/drone_auto_node.dir/src/drone_auto.cpp.o[0m
[15.900s] [100%] [32m[1mLinking CXX executable drone_auto_node[0m
[17.011s] [100%] Built target drone_auto_node
[17.020s] Invoked command in '/home/huy/drone_auto/build/drone' returned '0': CMAKE_PREFIX_PATH=/home/huy/drone_auto/install/px4_msgs:/home/huy/drone_auto/install/drone:/home/huy/my_ws/install/quadcopter:/home/huy/my_ws/install/pkgname:/home/huy/my_ws/install/px4_msgs:/home/huy/my_ws/install/bme680_sensor:/opt/ros/humble /usr/bin/cmake --build /home/huy/drone_auto/build/drone -- -j12 -l12
[17.021s] Invoking command in '/home/huy/drone_auto/build/drone': CMAKE_PREFIX_PATH=/home/huy/drone_auto/install/px4_msgs:/home/huy/drone_auto/install/drone:/home/huy/my_ws/install/quadcopter:/home/huy/my_ws/install/pkgname:/home/huy/my_ws/install/px4_msgs:/home/huy/my_ws/install/bme680_sensor:/opt/ros/humble /usr/bin/cmake --install /home/huy/drone_auto/build/drone
[17.027s] -- Install configuration: ""
[17.027s] -- Installing: /home/huy/drone_auto/install/drone/lib/drone/drone_auto_node
[17.037s] -- Set runtime path of "/home/huy/drone_auto/install/drone/lib/drone/drone_auto_node" to ""
[17.037s] -- Up-to-date: /home/huy/drone_auto/install/drone/share/ament_index/resource_index/package_run_dependencies/drone
[17.037s] -- Up-to-date: /home/huy/drone_auto/install/drone/share/ament_index/resource_index/parent_prefix_path/drone
[17.037s] -- Up-to-date: /home/huy/drone_auto/install/drone/share/drone/environment/ament_prefix_path.sh
[17.037s] -- Up-to-date: /home/huy/drone_auto/install/drone/share/drone/environment/ament_prefix_path.dsv
[17.037s] -- Up-to-date: /home/huy/drone_auto/install/drone/share/drone/environment/path.sh
[17.037s] -- Up-to-date: /home/huy/drone_auto/install/drone/share/drone/environment/path.dsv
[17.037s] -- Up-to-date: /home/huy/drone_auto/install/drone/share/drone/local_setup.bash
[17.037s] -- Up-to-date: /home/huy/drone_auto/install/drone/share/drone/local_setup.sh
[17.037s] -- Up-to-date: /home/huy/drone_auto/install/drone/share/drone/local_setup.zsh
[17.037s] -- Up-to-date: /home/huy/drone_auto/install/drone/share/drone/local_setup.dsv
[17.038s] -- Installing: /home/huy/drone_auto/install/drone/share/drone/package.dsv
[17.038s] -- Up-to-date: /home/huy/drone_auto/install/drone/share/ament_index/resource_index/packages/drone
[17.038s] -- Up-to-date: /home/huy/drone_auto/install/drone/share/drone/cmake/droneConfig.cmake
[17.038s] -- Up-to-date: /home/huy/drone_auto/install/drone/share/drone/cmake/droneConfig-version.cmake
[17.038s] -- Up-to-date: /home/huy/drone_auto/install/drone/share/drone/package.xml
[17.039s] Invoked command in '/home/huy/drone_auto/build/drone' returned '0': CMAKE_PREFIX_PATH=/home/huy/drone_auto/install/px4_msgs:/home/huy/drone_auto/install/drone:/home/huy/my_ws/install/quadcopter:/home/huy/my_ws/install/pkgname:/home/huy/my_ws/install/px4_msgs:/home/huy/my_ws/install/bme680_sensor:/opt/ros/humble /usr/bin/cmake --install /home/huy/drone_auto/build/drone
