-- Found ament_cmake: 1.3.11 (/opt/ros/humble/share/ament_cmake/cmake)
-- Found rosidl_default_generators: 1.2.0 (/opt/ros/humble/share/rosidl_default_generators/cmake)
-- Using all available rosidl_typesupport_c: rosidl_typesupport_fastrtps_c;rosidl_typesupport_introspection_c
-- Found rosidl_adapter: 3.1.6 (/opt/ros/humble/share/rosidl_adapter/cmake)
-- Using all available rosidl_typesupport_cpp: rosidl_typesupport_fastrtps_cpp;rosidl_typesupport_introspection_cpp
-- Found std_msgs: 4.2.4 (/opt/ros/humble/share/std_msgs/cmake)
-- Found ament_cmake_ros: 0.10.0 (/opt/ros/humble/share/ament_cmake_ros/cmake)
-- Using all available rosidl_typesupport_c: rosidl_typesupport_fastrtps_c;rosidl_typesupport_introspection_c
-- Using all available rosidl_typesupport_cpp: rosidl_typesupport_fastrtps_cpp;rosidl_typesupport_introspection_cpp
-- Found python_cmake_module: 0.10.0 (/opt/ros/humble/share/python_cmake_module/cmake)
-- Using PYTHON_EXECUTABLE: /usr/bin/python3
-- Using PYTHON_INCLUDE_DIRS: /usr/include/python3.10
-- Using PYTHON_LIBRARIES: /usr/lib/x86_64-linux-gnu/libpython3.10.so
-- Found ament_lint_auto: 0.12.11 (/opt/ros/humble/share/ament_lint_auto/cmake)
-- Added test 'lint_cmake' to check CMake code style
-- Added test 'xmllint' to check XML markup files
-- Configuring done
-- Generating done
-- Build files have been written to: /home/huy/drone_auto/build/shape_info
[35m[1mConsolidate compiler generated dependencies of target shape_info__rosidl_generator_c[0m
[  9%] Built target shape_info__cpp
[ 12%] Built target shape_info__rosidl_generator_c
[ 12%] Built target ament_cmake_python_copy_shape_info
[35m[1mConsolidate compiler generated dependencies of target shape_info__rosidl_typesupport_c[0m
[35m[1mConsolidate compiler generated dependencies of target shape_info__rosidl_typesupport_fastrtps_c[0m
[35m[1mConsolidate compiler generated dependencies of target shape_info__rosidl_typesupport_introspection_c[0m
[35m[1mConsolidate compiler generated dependencies of target shape_info__rosidl_typesupport_introspection_cpp[0m
[35m[1mConsolidate compiler generated dependencies of target shape_info__rosidl_typesupport_fastrtps_cpp[0m
[ 25%] Built target shape_info__rosidl_typesupport_introspection_c
[ 32%] Built target shape_info__rosidl_typesupport_fastrtps_c
[35m[1mConsolidate compiler generated dependencies of target shape_info__rosidl_typesupport_cpp[0m
[ 41%] Built target shape_info__rosidl_typesupport_c
[ 51%] Built target shape_info__rosidl_typesupport_introspection_cpp
[ 61%] Built target shape_info__rosidl_typesupport_fastrtps_cpp
[ 70%] Built target shape_info__rosidl_typesupport_cpp
[ 70%] Built target shape_info
[ 74%] Built target shape_info__py
[35m[1mConsolidate compiler generated dependencies of target shape_info__rosidl_generator_py[0m
[ 80%] Built target shape_info__rosidl_generator_py
[35m[1mConsolidate compiler generated dependencies of target shape_info__rosidl_typesupport_introspection_c__pyext[0m
[35m[1mConsolidate compiler generated dependencies of target shape_info__rosidl_typesupport_c__pyext[0m
[35m[1mConsolidate compiler generated dependencies of target shape_info__rosidl_typesupport_fastrtps_c__pyext[0m
[ 87%] Built target shape_info__rosidl_typesupport_fastrtps_c__pyext
[ 93%] Built target shape_info__rosidl_typesupport_c__pyext
[100%] Built target shape_info__rosidl_typesupport_introspection_c__pyext
running egg_info
writing shape_info.egg-info/PKG-INFO
writing dependency_links to shape_info.egg-info/dependency_links.txt
writing top-level names to shape_info.egg-info/top_level.txt
reading manifest file 'shape_info.egg-info/SOURCES.txt'
writing manifest file 'shape_info.egg-info/SOURCES.txt'
[100%] Built target ament_cmake_python_build_shape_info_egg
-- Install configuration: ""
-- Up-to-date: /home/huy/drone_auto/install/shape_info/share/ament_index/resource_index/rosidl_interfaces/shape_info
-- Up-to-date: /home/huy/drone_auto/install/shape_info/include/shape_info/shape_info
-- Up-to-date: /home/huy/drone_auto/install/shape_info/include/shape_info/shape_info/msg
-- Up-to-date: /home/huy/drone_auto/install/shape_info/include/shape_info/shape_info/msg/shape_info.h
-- Up-to-date: /home/huy/drone_auto/install/shape_info/include/shape_info/shape_info/msg/rosidl_generator_c__visibility_control.h
-- Up-to-date: /home/huy/drone_auto/install/shape_info/include/shape_info/shape_info/msg/detail
-- Up-to-date: /home/huy/drone_auto/install/shape_info/include/shape_info/shape_info/msg/detail/shape_info__type_support.h
-- Up-to-date: /home/huy/drone_auto/install/shape_info/include/shape_info/shape_info/msg/detail/shape_info__functions.h
-- Up-to-date: /home/huy/drone_auto/install/shape_info/include/shape_info/shape_info/msg/detail/shape_info__functions.c
-- Up-to-date: /home/huy/drone_auto/install/shape_info/include/shape_info/shape_info/msg/detail/shape_info__struct.h
-- Up-to-date: /home/huy/drone_auto/install/shape_info/share/shape_info/environment/library_path.sh
-- Installing: /home/huy/drone_auto/install/shape_info/share/shape_info/environment/library_path.dsv
-- Up-to-date: /home/huy/drone_auto/install/shape_info/lib/libshape_info__rosidl_generator_c.so
-- Up-to-date: /home/huy/drone_auto/install/shape_info/include/shape_info/shape_info
-- Up-to-date: /home/huy/drone_auto/install/shape_info/include/shape_info/shape_info/msg
-- Up-to-date: /home/huy/drone_auto/install/shape_info/include/shape_info/shape_info/msg/rosidl_typesupport_fastrtps_c__visibility_control.h
-- Up-to-date: /home/huy/drone_auto/install/shape_info/include/shape_info/shape_info/msg/detail
-- Up-to-date: /home/huy/drone_auto/install/shape_info/include/shape_info/shape_info/msg/detail/shape_info__rosidl_typesupport_fastrtps_c.h
-- Up-to-date: /home/huy/drone_auto/install/shape_info/lib/libshape_info__rosidl_typesupport_fastrtps_c.so
-- Up-to-date: /home/huy/drone_auto/install/shape_info/include/shape_info/shape_info
-- Up-to-date: /home/huy/drone_auto/install/shape_info/include/shape_info/shape_info/msg
-- Up-to-date: /home/huy/drone_auto/install/shape_info/include/shape_info/shape_info/msg/rosidl_typesupport_introspection_c__visibility_control.h
-- Up-to-date: /home/huy/drone_auto/install/shape_info/include/shape_info/shape_info/msg/detail
-- Up-to-date: /home/huy/drone_auto/install/shape_info/include/shape_info/shape_info/msg/detail/shape_info__type_support.c
-- Up-to-date: /home/huy/drone_auto/install/shape_info/include/shape_info/shape_info/msg/detail/shape_info__rosidl_typesupport_introspection_c.h
-- Up-to-date: /home/huy/drone_auto/install/shape_info/lib/libshape_info__rosidl_typesupport_introspection_c.so
-- Up-to-date: /home/huy/drone_auto/install/shape_info/lib/libshape_info__rosidl_typesupport_c.so
-- Up-to-date: /home/huy/drone_auto/install/shape_info/include/shape_info/shape_info
-- Up-to-date: /home/huy/drone_auto/install/shape_info/include/shape_info/shape_info/msg
-- Up-to-date: /home/huy/drone_auto/install/shape_info/include/shape_info/shape_info/msg/shape_info.hpp
-- Up-to-date: /home/huy/drone_auto/install/shape_info/include/shape_info/shape_info/msg/rosidl_generator_cpp__visibility_control.hpp
-- Up-to-date: /home/huy/drone_auto/install/shape_info/include/shape_info/shape_info/msg/detail
-- Up-to-date: /home/huy/drone_auto/install/shape_info/include/shape_info/shape_info/msg/detail/shape_info__type_support.hpp
-- Up-to-date: /home/huy/drone_auto/install/shape_info/include/shape_info/shape_info/msg/detail/shape_info__struct.hpp
-- Up-to-date: /home/huy/drone_auto/install/shape_info/include/shape_info/shape_info/msg/detail/shape_info__builder.hpp
-- Up-to-date: /home/huy/drone_auto/install/shape_info/include/shape_info/shape_info/msg/detail/shape_info__traits.hpp
-- Up-to-date: /home/huy/drone_auto/install/shape_info/include/shape_info/shape_info
-- Up-to-date: /home/huy/drone_auto/install/shape_info/include/shape_info/shape_info/msg
-- Up-to-date: /home/huy/drone_auto/install/shape_info/include/shape_info/shape_info/msg/rosidl_typesupport_fastrtps_cpp__visibility_control.h
-- Up-to-date: /home/huy/drone_auto/install/shape_info/include/shape_info/shape_info/msg/detail
-- Up-to-date: /home/huy/drone_auto/install/shape_info/include/shape_info/shape_info/msg/detail/shape_info__rosidl_typesupport_fastrtps_cpp.hpp
-- Up-to-date: /home/huy/drone_auto/install/shape_info/include/shape_info/shape_info/msg/detail/dds_fastrtps
-- Up-to-date: /home/huy/drone_auto/install/shape_info/lib/libshape_info__rosidl_typesupport_fastrtps_cpp.so
-- Up-to-date: /home/huy/drone_auto/install/shape_info/include/shape_info/shape_info
-- Up-to-date: /home/huy/drone_auto/install/shape_info/include/shape_info/shape_info/msg
-- Up-to-date: /home/huy/drone_auto/install/shape_info/include/shape_info/shape_info/msg/detail
-- Up-to-date: /home/huy/drone_auto/install/shape_info/include/shape_info/shape_info/msg/detail/shape_info__type_support.cpp
-- Up-to-date: /home/huy/drone_auto/install/shape_info/include/shape_info/shape_info/msg/detail/shape_info__rosidl_typesupport_introspection_cpp.hpp
-- Up-to-date: /home/huy/drone_auto/install/shape_info/lib/libshape_info__rosidl_typesupport_introspection_cpp.so
-- Up-to-date: /home/huy/drone_auto/install/shape_info/lib/libshape_info__rosidl_typesupport_cpp.so
-- Up-to-date: /home/huy/drone_auto/install/shape_info/share/shape_info/environment/pythonpath.sh
-- Installing: /home/huy/drone_auto/install/shape_info/share/shape_info/environment/pythonpath.dsv
-- Up-to-date: /home/huy/drone_auto/install/shape_info/local/lib/python3.10/dist-packages/shape_info-0.0.0-py3.10.egg-info
-- Installing: /home/huy/drone_auto/install/shape_info/local/lib/python3.10/dist-packages/shape_info-0.0.0-py3.10.egg-info/dependency_links.txt
-- Installing: /home/huy/drone_auto/install/shape_info/local/lib/python3.10/dist-packages/shape_info-0.0.0-py3.10.egg-info/top_level.txt
-- Installing: /home/huy/drone_auto/install/shape_info/local/lib/python3.10/dist-packages/shape_info-0.0.0-py3.10.egg-info/SOURCES.txt
-- Installing: /home/huy/drone_auto/install/shape_info/local/lib/python3.10/dist-packages/shape_info-0.0.0-py3.10.egg-info/PKG-INFO
-- Up-to-date: /home/huy/drone_auto/install/shape_info/local/lib/python3.10/dist-packages/shape_info
-- Up-to-date: /home/huy/drone_auto/install/shape_info/local/lib/python3.10/dist-packages/shape_info/shape_info_s__rosidl_typesupport_fastrtps_c.cpython-310-x86_64-linux-gnu.so
-- Up-to-date: /home/huy/drone_auto/install/shape_info/local/lib/python3.10/dist-packages/shape_info/msg
-- Up-to-date: /home/huy/drone_auto/install/shape_info/local/lib/python3.10/dist-packages/shape_info/msg/_shape_info_s.c
-- Up-to-date: /home/huy/drone_auto/install/shape_info/local/lib/python3.10/dist-packages/shape_info/msg/_shape_info.py
-- Up-to-date: /home/huy/drone_auto/install/shape_info/local/lib/python3.10/dist-packages/shape_info/msg/__init__.py
-- Up-to-date: /home/huy/drone_auto/install/shape_info/local/lib/python3.10/dist-packages/shape_info/_shape_info_s.ep.rosidl_typesupport_fastrtps_c.c
-- Up-to-date: /home/huy/drone_auto/install/shape_info/local/lib/python3.10/dist-packages/shape_info/shape_info_s__rosidl_typesupport_c.cpython-310-x86_64-linux-gnu.so
-- Up-to-date: /home/huy/drone_auto/install/shape_info/local/lib/python3.10/dist-packages/shape_info/shape_info_s__rosidl_typesupport_introspection_c.cpython-310-x86_64-linux-gnu.so
-- Installing: /home/huy/drone_auto/install/shape_info/local/lib/python3.10/dist-packages/shape_info/__init__.py
-- Up-to-date: /home/huy/drone_auto/install/shape_info/local/lib/python3.10/dist-packages/shape_info/_shape_info_s.ep.rosidl_typesupport_introspection_c.c
-- Up-to-date: /home/huy/drone_auto/install/shape_info/local/lib/python3.10/dist-packages/shape_info/libshape_info__rosidl_generator_py.so
-- Up-to-date: /home/huy/drone_auto/install/shape_info/local/lib/python3.10/dist-packages/shape_info/_shape_info_s.ep.rosidl_typesupport_c.c
Listing '/home/huy/drone_auto/install/shape_info/local/lib/python3.10/dist-packages/shape_info'...
Compiling '/home/huy/drone_auto/install/shape_info/local/lib/python3.10/dist-packages/shape_info/__init__.py'...
Listing '/home/huy/drone_auto/install/shape_info/local/lib/python3.10/dist-packages/shape_info/msg'...
-- Up-to-date: /home/huy/drone_auto/install/shape_info/local/lib/python3.10/dist-packages/shape_info/shape_info_s__rosidl_typesupport_fastrtps_c.cpython-310-x86_64-linux-gnu.so
-- Up-to-date: /home/huy/drone_auto/install/shape_info/local/lib/python3.10/dist-packages/shape_info/shape_info_s__rosidl_typesupport_introspection_c.cpython-310-x86_64-linux-gnu.so
-- Up-to-date: /home/huy/drone_auto/install/shape_info/local/lib/python3.10/dist-packages/shape_info/shape_info_s__rosidl_typesupport_c.cpython-310-x86_64-linux-gnu.so
-- Up-to-date: /home/huy/drone_auto/install/shape_info/lib/libshape_info__rosidl_generator_py.so
-- Up-to-date: /home/huy/drone_auto/install/shape_info/share/shape_info/msg/ShapeInfo.idl
-- Installing: /home/huy/drone_auto/install/shape_info/share/shape_info/msg/ShapeInfo.msg
-- Up-to-date: /home/huy/drone_auto/install/shape_info/share/ament_index/resource_index/package_run_dependencies/shape_info
-- Up-to-date: /home/huy/drone_auto/install/shape_info/share/ament_index/resource_index/parent_prefix_path/shape_info
-- Up-to-date: /home/huy/drone_auto/install/shape_info/share/shape_info/environment/ament_prefix_path.sh
-- Installing: /home/huy/drone_auto/install/shape_info/share/shape_info/environment/ament_prefix_path.dsv
-- Up-to-date: /home/huy/drone_auto/install/shape_info/share/shape_info/environment/path.sh
-- Installing: /home/huy/drone_auto/install/shape_info/share/shape_info/environment/path.dsv
-- Up-to-date: /home/huy/drone_auto/install/shape_info/share/shape_info/local_setup.bash
-- Up-to-date: /home/huy/drone_auto/install/shape_info/share/shape_info/local_setup.sh
-- Up-to-date: /home/huy/drone_auto/install/shape_info/share/shape_info/local_setup.zsh
-- Installing: /home/huy/drone_auto/install/shape_info/share/shape_info/local_setup.dsv
-- Installing: /home/huy/drone_auto/install/shape_info/share/shape_info/package.dsv
-- Up-to-date: /home/huy/drone_auto/install/shape_info/share/ament_index/resource_index/packages/shape_info
-- Up-to-date: /home/huy/drone_auto/install/shape_info/share/shape_info/cmake/export_shape_info__rosidl_generator_cExport.cmake
-- Up-to-date: /home/huy/drone_auto/install/shape_info/share/shape_info/cmake/export_shape_info__rosidl_generator_cExport-noconfig.cmake
-- Up-to-date: /home/huy/drone_auto/install/shape_info/share/shape_info/cmake/export_shape_info__rosidl_typesupport_fastrtps_cExport.cmake
-- Up-to-date: /home/huy/drone_auto/install/shape_info/share/shape_info/cmake/export_shape_info__rosidl_typesupport_fastrtps_cExport-noconfig.cmake
-- Up-to-date: /home/huy/drone_auto/install/shape_info/share/shape_info/cmake/shape_info__rosidl_typesupport_introspection_cExport.cmake
-- Up-to-date: /home/huy/drone_auto/install/shape_info/share/shape_info/cmake/shape_info__rosidl_typesupport_introspection_cExport-noconfig.cmake
-- Up-to-date: /home/huy/drone_auto/install/shape_info/share/shape_info/cmake/shape_info__rosidl_typesupport_cExport.cmake
-- Up-to-date: /home/huy/drone_auto/install/shape_info/share/shape_info/cmake/shape_info__rosidl_typesupport_cExport-noconfig.cmake
-- Up-to-date: /home/huy/drone_auto/install/shape_info/share/shape_info/cmake/export_shape_info__rosidl_generator_cppExport.cmake
-- Up-to-date: /home/huy/drone_auto/install/shape_info/share/shape_info/cmake/export_shape_info__rosidl_typesupport_fastrtps_cppExport.cmake
-- Up-to-date: /home/huy/drone_auto/install/shape_info/share/shape_info/cmake/export_shape_info__rosidl_typesupport_fastrtps_cppExport-noconfig.cmake
-- Up-to-date: /home/huy/drone_auto/install/shape_info/share/shape_info/cmake/shape_info__rosidl_typesupport_introspection_cppExport.cmake
-- Up-to-date: /home/huy/drone_auto/install/shape_info/share/shape_info/cmake/shape_info__rosidl_typesupport_introspection_cppExport-noconfig.cmake
-- Up-to-date: /home/huy/drone_auto/install/shape_info/share/shape_info/cmake/shape_info__rosidl_typesupport_cppExport.cmake
-- Up-to-date: /home/huy/drone_auto/install/shape_info/share/shape_info/cmake/shape_info__rosidl_typesupport_cppExport-noconfig.cmake
-- Up-to-date: /home/huy/drone_auto/install/shape_info/share/shape_info/cmake/export_shape_info__rosidl_generator_pyExport.cmake
-- Up-to-date: /home/huy/drone_auto/install/shape_info/share/shape_info/cmake/export_shape_info__rosidl_generator_pyExport-noconfig.cmake
-- Up-to-date: /home/huy/drone_auto/install/shape_info/share/shape_info/cmake/rosidl_cmake-extras.cmake
-- Up-to-date: /home/huy/drone_auto/install/shape_info/share/shape_info/cmake/ament_cmake_export_dependencies-extras.cmake
-- Up-to-date: /home/huy/drone_auto/install/shape_info/share/shape_info/cmake/ament_cmake_export_include_directories-extras.cmake
-- Up-to-date: /home/huy/drone_auto/install/shape_info/share/shape_info/cmake/ament_cmake_export_libraries-extras.cmake
-- Up-to-date: /home/huy/drone_auto/install/shape_info/share/shape_info/cmake/ament_cmake_export_targets-extras.cmake
-- Up-to-date: /home/huy/drone_auto/install/shape_info/share/shape_info/cmake/rosidl_cmake_export_typesupport_targets-extras.cmake
-- Up-to-date: /home/huy/drone_auto/install/shape_info/share/shape_info/cmake/rosidl_cmake_export_typesupport_libraries-extras.cmake
-- Up-to-date: /home/huy/drone_auto/install/shape_info/share/shape_info/cmake/shape_infoConfig.cmake
-- Up-to-date: /home/huy/drone_auto/install/shape_info/share/shape_info/cmake/shape_infoConfig-version.cmake
-- Installing: /home/huy/drone_auto/install/shape_info/share/shape_info/package.xml
