[0.011s] Invoking command in '/home/huy/drone_auto/build/shape_info': CMAKE_PREFIX_PATH=${CMAKE_PREFIX_PATH}:/home/huy/my_ws/install/bme680_sensor:/opt/ros/humble /usr/bin/cmake --build /home/huy/drone_auto/build/shape_info -- -j12 -l12
[0.037s] -- Found ament_cmake: 1.3.11 (/opt/ros/humble/share/ament_cmake/cmake)
[0.136s] -- Found rosidl_default_generators: 1.2.0 (/opt/ros/humble/share/rosidl_default_generators/cmake)
[0.138s] -- Using all available rosidl_typesupport_c: rosidl_typesupport_fastrtps_c;rosidl_typesupport_introspection_c
[0.142s] -- Found rosidl_adapter: 3.1.6 (/opt/ros/humble/share/rosidl_adapter/cmake)
[0.172s] -- Using all available rosidl_typesupport_cpp: rosidl_typesupport_fastrtps_cpp;rosidl_typesupport_introspection_cpp
[0.195s] -- Found std_msgs: 4.2.4 (/opt/ros/humble/share/std_msgs/cmake)
[0.494s] -- Found ament_cmake_ros: 0.10.0 (/opt/ros/humble/share/ament_cmake_ros/cmake)
[0.840s] -- Using all available rosidl_typesupport_c: rosidl_typesupport_fastrtps_c;rosidl_typesupport_introspection_c
[1.061s] -- Using all available rosidl_typesupport_cpp: rosidl_typesupport_fastrtps_cpp;rosidl_typesupport_introspection_cpp
[1.086s] -- Found python_cmake_module: 0.10.0 (/opt/ros/humble/share/python_cmake_module/cmake)
[1.114s] -- Using PYTHON_EXECUTABLE: /usr/bin/python3
[1.114s] -- Using PYTHON_INCLUDE_DIRS: /usr/include/python3.10
[1.114s] -- Using PYTHON_LIBRARIES: /usr/lib/x86_64-linux-gnu/libpython3.10.so
[1.150s] -- Found ament_lint_auto: 0.12.11 (/opt/ros/humble/share/ament_lint_auto/cmake)
[1.169s] -- Added test 'lint_cmake' to check CMake code style
[1.171s] -- Added test 'xmllint' to check XML markup files
[1.173s] -- Configuring done
[1.219s] -- Generating done
[1.238s] -- Build files have been written to: /home/huy/drone_auto/build/shape_info
[1.274s] [35m[1mConsolidate compiler generated dependencies of target shape_info__rosidl_generator_c[0m
[1.287s] [  9%] Built target shape_info__cpp
[1.288s] [ 12%] Built target shape_info__rosidl_generator_c
[1.300s] [ 12%] Built target ament_cmake_python_copy_shape_info
[1.301s] [35m[1mConsolidate compiler generated dependencies of target shape_info__rosidl_typesupport_c[0m
[1.301s] [35m[1mConsolidate compiler generated dependencies of target shape_info__rosidl_typesupport_fastrtps_c[0m
[1.301s] [35m[1mConsolidate compiler generated dependencies of target shape_info__rosidl_typesupport_introspection_c[0m
[1.303s] [35m[1mConsolidate compiler generated dependencies of target shape_info__rosidl_typesupport_introspection_cpp[0m
[1.303s] [35m[1mConsolidate compiler generated dependencies of target shape_info__rosidl_typesupport_fastrtps_cpp[0m
[1.319s] [ 25%] Built target shape_info__rosidl_typesupport_introspection_c
[1.321s] [ 32%] Built target shape_info__rosidl_typesupport_fastrtps_c
[1.321s] [35m[1mConsolidate compiler generated dependencies of target shape_info__rosidl_typesupport_cpp[0m
[1.321s] [ 41%] Built target shape_info__rosidl_typesupport_c
[1.321s] [ 51%] Built target shape_info__rosidl_typesupport_introspection_cpp
[1.321s] [ 61%] Built target shape_info__rosidl_typesupport_fastrtps_cpp
[1.335s] [ 70%] Built target shape_info__rosidl_typesupport_cpp
[1.360s] [ 70%] Built target shape_info
[1.383s] [ 74%] Built target shape_info__py
[1.393s] [35m[1mConsolidate compiler generated dependencies of target shape_info__rosidl_generator_py[0m
[1.406s] [ 80%] Built target shape_info__rosidl_generator_py
[1.415s] [35m[1mConsolidate compiler generated dependencies of target shape_info__rosidl_typesupport_introspection_c__pyext[0m
[1.415s] [35m[1mConsolidate compiler generated dependencies of target shape_info__rosidl_typesupport_c__pyext[0m
[1.416s] [35m[1mConsolidate compiler generated dependencies of target shape_info__rosidl_typesupport_fastrtps_c__pyext[0m
[1.429s] [ 87%] Built target shape_info__rosidl_typesupport_fastrtps_c__pyext
[1.429s] [ 93%] Built target shape_info__rosidl_typesupport_c__pyext
[1.429s] [100%] Built target shape_info__rosidl_typesupport_introspection_c__pyext
[1.546s] running egg_info
[1.558s] writing shape_info.egg-info/PKG-INFO
[1.558s] writing dependency_links to shape_info.egg-info/dependency_links.txt
[1.558s] writing top-level names to shape_info.egg-info/top_level.txt
[1.593s] reading manifest file 'shape_info.egg-info/SOURCES.txt'
[1.594s] writing manifest file 'shape_info.egg-info/SOURCES.txt'
[1.620s] [100%] Built target ament_cmake_python_build_shape_info_egg
[1.630s] Invoked command in '/home/huy/drone_auto/build/shape_info' returned '0': CMAKE_PREFIX_PATH=${CMAKE_PREFIX_PATH}:/home/huy/my_ws/install/bme680_sensor:/opt/ros/humble /usr/bin/cmake --build /home/huy/drone_auto/build/shape_info -- -j12 -l12
[1.631s] Invoking command in '/home/huy/drone_auto/build/shape_info': CMAKE_PREFIX_PATH=${CMAKE_PREFIX_PATH}:/home/huy/my_ws/install/bme680_sensor:/opt/ros/humble /usr/bin/cmake --install /home/huy/drone_auto/build/shape_info
[1.638s] -- Install configuration: ""
[1.638s] -- Up-to-date: /home/huy/drone_auto/install/shape_info/share/ament_index/resource_index/rosidl_interfaces/shape_info
[1.638s] -- Up-to-date: /home/huy/drone_auto/install/shape_info/include/shape_info/shape_info
[1.638s] -- Up-to-date: /home/huy/drone_auto/install/shape_info/include/shape_info/shape_info/msg
[1.638s] -- Up-to-date: /home/huy/drone_auto/install/shape_info/include/shape_info/shape_info/msg/shape_info.h
[1.638s] -- Up-to-date: /home/huy/drone_auto/install/shape_info/include/shape_info/shape_info/msg/rosidl_generator_c__visibility_control.h
[1.638s] -- Up-to-date: /home/huy/drone_auto/install/shape_info/include/shape_info/shape_info/msg/detail
[1.638s] -- Up-to-date: /home/huy/drone_auto/install/shape_info/include/shape_info/shape_info/msg/detail/shape_info__type_support.h
[1.638s] -- Up-to-date: /home/huy/drone_auto/install/shape_info/include/shape_info/shape_info/msg/detail/shape_info__functions.h
[1.638s] -- Up-to-date: /home/huy/drone_auto/install/shape_info/include/shape_info/shape_info/msg/detail/shape_info__functions.c
[1.639s] -- Up-to-date: /home/huy/drone_auto/install/shape_info/include/shape_info/shape_info/msg/detail/shape_info__struct.h
[1.639s] -- Up-to-date: /home/huy/drone_auto/install/shape_info/share/shape_info/environment/library_path.sh
[1.639s] -- Installing: /home/huy/drone_auto/install/shape_info/share/shape_info/environment/library_path.dsv
[1.639s] -- Up-to-date: /home/huy/drone_auto/install/shape_info/lib/libshape_info__rosidl_generator_c.so
[1.639s] -- Up-to-date: /home/huy/drone_auto/install/shape_info/include/shape_info/shape_info
[1.639s] -- Up-to-date: /home/huy/drone_auto/install/shape_info/include/shape_info/shape_info/msg
[1.639s] -- Up-to-date: /home/huy/drone_auto/install/shape_info/include/shape_info/shape_info/msg/rosidl_typesupport_fastrtps_c__visibility_control.h
[1.639s] -- Up-to-date: /home/huy/drone_auto/install/shape_info/include/shape_info/shape_info/msg/detail
[1.639s] -- Up-to-date: /home/huy/drone_auto/install/shape_info/include/shape_info/shape_info/msg/detail/shape_info__rosidl_typesupport_fastrtps_c.h
[1.639s] -- Up-to-date: /home/huy/drone_auto/install/shape_info/lib/libshape_info__rosidl_typesupport_fastrtps_c.so
[1.639s] -- Up-to-date: /home/huy/drone_auto/install/shape_info/include/shape_info/shape_info
[1.639s] -- Up-to-date: /home/huy/drone_auto/install/shape_info/include/shape_info/shape_info/msg
[1.639s] -- Up-to-date: /home/huy/drone_auto/install/shape_info/include/shape_info/shape_info/msg/rosidl_typesupport_introspection_c__visibility_control.h
[1.639s] -- Up-to-date: /home/huy/drone_auto/install/shape_info/include/shape_info/shape_info/msg/detail
[1.639s] -- Up-to-date: /home/huy/drone_auto/install/shape_info/include/shape_info/shape_info/msg/detail/shape_info__type_support.c
[1.639s] -- Up-to-date: /home/huy/drone_auto/install/shape_info/include/shape_info/shape_info/msg/detail/shape_info__rosidl_typesupport_introspection_c.h
[1.640s] -- Up-to-date: /home/huy/drone_auto/install/shape_info/lib/libshape_info__rosidl_typesupport_introspection_c.so
[1.640s] -- Up-to-date: /home/huy/drone_auto/install/shape_info/lib/libshape_info__rosidl_typesupport_c.so
[1.640s] -- Up-to-date: /home/huy/drone_auto/install/shape_info/include/shape_info/shape_info
[1.640s] -- Up-to-date: /home/huy/drone_auto/install/shape_info/include/shape_info/shape_info/msg
[1.640s] -- Up-to-date: /home/huy/drone_auto/install/shape_info/include/shape_info/shape_info/msg/shape_info.hpp
[1.640s] -- Up-to-date: /home/huy/drone_auto/install/shape_info/include/shape_info/shape_info/msg/rosidl_generator_cpp__visibility_control.hpp
[1.640s] -- Up-to-date: /home/huy/drone_auto/install/shape_info/include/shape_info/shape_info/msg/detail
[1.640s] -- Up-to-date: /home/huy/drone_auto/install/shape_info/include/shape_info/shape_info/msg/detail/shape_info__type_support.hpp
[1.640s] -- Up-to-date: /home/huy/drone_auto/install/shape_info/include/shape_info/shape_info/msg/detail/shape_info__struct.hpp
[1.640s] -- Up-to-date: /home/huy/drone_auto/install/shape_info/include/shape_info/shape_info/msg/detail/shape_info__builder.hpp
[1.640s] -- Up-to-date: /home/huy/drone_auto/install/shape_info/include/shape_info/shape_info/msg/detail/shape_info__traits.hpp
[1.640s] -- Up-to-date: /home/huy/drone_auto/install/shape_info/include/shape_info/shape_info
[1.640s] -- Up-to-date: /home/huy/drone_auto/install/shape_info/include/shape_info/shape_info/msg
[1.640s] -- Up-to-date: /home/huy/drone_auto/install/shape_info/include/shape_info/shape_info/msg/rosidl_typesupport_fastrtps_cpp__visibility_control.h
[1.640s] -- Up-to-date: /home/huy/drone_auto/install/shape_info/include/shape_info/shape_info/msg/detail
[1.641s] -- Up-to-date: /home/huy/drone_auto/install/shape_info/include/shape_info/shape_info/msg/detail/shape_info__rosidl_typesupport_fastrtps_cpp.hpp
[1.641s] -- Up-to-date: /home/huy/drone_auto/install/shape_info/include/shape_info/shape_info/msg/detail/dds_fastrtps
[1.641s] -- Up-to-date: /home/huy/drone_auto/install/shape_info/lib/libshape_info__rosidl_typesupport_fastrtps_cpp.so
[1.641s] -- Up-to-date: /home/huy/drone_auto/install/shape_info/include/shape_info/shape_info
[1.641s] -- Up-to-date: /home/huy/drone_auto/install/shape_info/include/shape_info/shape_info/msg
[1.641s] -- Up-to-date: /home/huy/drone_auto/install/shape_info/include/shape_info/shape_info/msg/detail
[1.641s] -- Up-to-date: /home/huy/drone_auto/install/shape_info/include/shape_info/shape_info/msg/detail/shape_info__type_support.cpp
[1.641s] -- Up-to-date: /home/huy/drone_auto/install/shape_info/include/shape_info/shape_info/msg/detail/shape_info__rosidl_typesupport_introspection_cpp.hpp
[1.641s] -- Up-to-date: /home/huy/drone_auto/install/shape_info/lib/libshape_info__rosidl_typesupport_introspection_cpp.so
[1.641s] -- Up-to-date: /home/huy/drone_auto/install/shape_info/lib/libshape_info__rosidl_typesupport_cpp.so
[1.641s] -- Up-to-date: /home/huy/drone_auto/install/shape_info/share/shape_info/environment/pythonpath.sh
[1.641s] -- Installing: /home/huy/drone_auto/install/shape_info/share/shape_info/environment/pythonpath.dsv
[1.641s] -- Up-to-date: /home/huy/drone_auto/install/shape_info/local/lib/python3.10/dist-packages/shape_info-0.0.0-py3.10.egg-info
[1.641s] -- Installing: /home/huy/drone_auto/install/shape_info/local/lib/python3.10/dist-packages/shape_info-0.0.0-py3.10.egg-info/dependency_links.txt
[1.641s] -- Installing: /home/huy/drone_auto/install/shape_info/local/lib/python3.10/dist-packages/shape_info-0.0.0-py3.10.egg-info/top_level.txt
[1.641s] -- Installing: /home/huy/drone_auto/install/shape_info/local/lib/python3.10/dist-packages/shape_info-0.0.0-py3.10.egg-info/SOURCES.txt
[1.641s] -- Installing: /home/huy/drone_auto/install/shape_info/local/lib/python3.10/dist-packages/shape_info-0.0.0-py3.10.egg-info/PKG-INFO
[1.642s] -- Up-to-date: /home/huy/drone_auto/install/shape_info/local/lib/python3.10/dist-packages/shape_info
[1.642s] -- Up-to-date: /home/huy/drone_auto/install/shape_info/local/lib/python3.10/dist-packages/shape_info/shape_info_s__rosidl_typesupport_fastrtps_c.cpython-310-x86_64-linux-gnu.so
[1.642s] -- Up-to-date: /home/huy/drone_auto/install/shape_info/local/lib/python3.10/dist-packages/shape_info/msg
[1.642s] -- Up-to-date: /home/huy/drone_auto/install/shape_info/local/lib/python3.10/dist-packages/shape_info/msg/_shape_info_s.c
[1.642s] -- Up-to-date: /home/huy/drone_auto/install/shape_info/local/lib/python3.10/dist-packages/shape_info/msg/_shape_info.py
[1.642s] -- Up-to-date: /home/huy/drone_auto/install/shape_info/local/lib/python3.10/dist-packages/shape_info/msg/__init__.py
[1.642s] -- Up-to-date: /home/huy/drone_auto/install/shape_info/local/lib/python3.10/dist-packages/shape_info/_shape_info_s.ep.rosidl_typesupport_fastrtps_c.c
[1.642s] -- Up-to-date: /home/huy/drone_auto/install/shape_info/local/lib/python3.10/dist-packages/shape_info/shape_info_s__rosidl_typesupport_c.cpython-310-x86_64-linux-gnu.so
[1.642s] -- Up-to-date: /home/huy/drone_auto/install/shape_info/local/lib/python3.10/dist-packages/shape_info/shape_info_s__rosidl_typesupport_introspection_c.cpython-310-x86_64-linux-gnu.so
[1.642s] -- Installing: /home/huy/drone_auto/install/shape_info/local/lib/python3.10/dist-packages/shape_info/__init__.py
[1.642s] -- Up-to-date: /home/huy/drone_auto/install/shape_info/local/lib/python3.10/dist-packages/shape_info/_shape_info_s.ep.rosidl_typesupport_introspection_c.c
[1.642s] -- Up-to-date: /home/huy/drone_auto/install/shape_info/local/lib/python3.10/dist-packages/shape_info/libshape_info__rosidl_generator_py.so
[1.642s] -- Up-to-date: /home/huy/drone_auto/install/shape_info/local/lib/python3.10/dist-packages/shape_info/_shape_info_s.ep.rosidl_typesupport_c.c
[1.670s] Listing '/home/huy/drone_auto/install/shape_info/local/lib/python3.10/dist-packages/shape_info'...
[1.670s] Compiling '/home/huy/drone_auto/install/shape_info/local/lib/python3.10/dist-packages/shape_info/__init__.py'...
[1.670s] Listing '/home/huy/drone_auto/install/shape_info/local/lib/python3.10/dist-packages/shape_info/msg'...
[1.674s] -- Up-to-date: /home/huy/drone_auto/install/shape_info/local/lib/python3.10/dist-packages/shape_info/shape_info_s__rosidl_typesupport_fastrtps_c.cpython-310-x86_64-linux-gnu.so
[1.674s] -- Up-to-date: /home/huy/drone_auto/install/shape_info/local/lib/python3.10/dist-packages/shape_info/shape_info_s__rosidl_typesupport_introspection_c.cpython-310-x86_64-linux-gnu.so
[1.674s] -- Up-to-date: /home/huy/drone_auto/install/shape_info/local/lib/python3.10/dist-packages/shape_info/shape_info_s__rosidl_typesupport_c.cpython-310-x86_64-linux-gnu.so
[1.675s] -- Up-to-date: /home/huy/drone_auto/install/shape_info/lib/libshape_info__rosidl_generator_py.so
[1.675s] -- Up-to-date: /home/huy/drone_auto/install/shape_info/share/shape_info/msg/ShapeInfo.idl
[1.675s] -- Installing: /home/huy/drone_auto/install/shape_info/share/shape_info/msg/ShapeInfo.msg
[1.675s] -- Up-to-date: /home/huy/drone_auto/install/shape_info/share/ament_index/resource_index/package_run_dependencies/shape_info
[1.675s] -- Up-to-date: /home/huy/drone_auto/install/shape_info/share/ament_index/resource_index/parent_prefix_path/shape_info
[1.675s] -- Up-to-date: /home/huy/drone_auto/install/shape_info/share/shape_info/environment/ament_prefix_path.sh
[1.675s] -- Installing: /home/huy/drone_auto/install/shape_info/share/shape_info/environment/ament_prefix_path.dsv
[1.675s] -- Up-to-date: /home/huy/drone_auto/install/shape_info/share/shape_info/environment/path.sh
[1.675s] -- Installing: /home/huy/drone_auto/install/shape_info/share/shape_info/environment/path.dsv
[1.675s] -- Up-to-date: /home/huy/drone_auto/install/shape_info/share/shape_info/local_setup.bash
[1.676s] -- Up-to-date: /home/huy/drone_auto/install/shape_info/share/shape_info/local_setup.sh
[1.676s] -- Up-to-date: /home/huy/drone_auto/install/shape_info/share/shape_info/local_setup.zsh
[1.676s] -- Installing: /home/huy/drone_auto/install/shape_info/share/shape_info/local_setup.dsv
[1.676s] -- Installing: /home/huy/drone_auto/install/shape_info/share/shape_info/package.dsv
[1.676s] -- Up-to-date: /home/huy/drone_auto/install/shape_info/share/ament_index/resource_index/packages/shape_info
[1.676s] -- Up-to-date: /home/huy/drone_auto/install/shape_info/share/shape_info/cmake/export_shape_info__rosidl_generator_cExport.cmake
[1.676s] -- Up-to-date: /home/huy/drone_auto/install/shape_info/share/shape_info/cmake/export_shape_info__rosidl_generator_cExport-noconfig.cmake
[1.676s] -- Up-to-date: /home/huy/drone_auto/install/shape_info/share/shape_info/cmake/export_shape_info__rosidl_typesupport_fastrtps_cExport.cmake
[1.676s] -- Up-to-date: /home/huy/drone_auto/install/shape_info/share/shape_info/cmake/export_shape_info__rosidl_typesupport_fastrtps_cExport-noconfig.cmake
[1.676s] -- Up-to-date: /home/huy/drone_auto/install/shape_info/share/shape_info/cmake/shape_info__rosidl_typesupport_introspection_cExport.cmake
[1.676s] -- Up-to-date: /home/huy/drone_auto/install/shape_info/share/shape_info/cmake/shape_info__rosidl_typesupport_introspection_cExport-noconfig.cmake
[1.677s] -- Up-to-date: /home/huy/drone_auto/install/shape_info/share/shape_info/cmake/shape_info__rosidl_typesupport_cExport.cmake
[1.677s] -- Up-to-date: /home/huy/drone_auto/install/shape_info/share/shape_info/cmake/shape_info__rosidl_typesupport_cExport-noconfig.cmake
[1.677s] -- Up-to-date: /home/huy/drone_auto/install/shape_info/share/shape_info/cmake/export_shape_info__rosidl_generator_cppExport.cmake
[1.677s] -- Up-to-date: /home/huy/drone_auto/install/shape_info/share/shape_info/cmake/export_shape_info__rosidl_typesupport_fastrtps_cppExport.cmake
[1.677s] -- Up-to-date: /home/huy/drone_auto/install/shape_info/share/shape_info/cmake/export_shape_info__rosidl_typesupport_fastrtps_cppExport-noconfig.cmake
[1.677s] -- Up-to-date: /home/huy/drone_auto/install/shape_info/share/shape_info/cmake/shape_info__rosidl_typesupport_introspection_cppExport.cmake
[1.677s] -- Up-to-date: /home/huy/drone_auto/install/shape_info/share/shape_info/cmake/shape_info__rosidl_typesupport_introspection_cppExport-noconfig.cmake
[1.677s] -- Up-to-date: /home/huy/drone_auto/install/shape_info/share/shape_info/cmake/shape_info__rosidl_typesupport_cppExport.cmake
[1.677s] -- Up-to-date: /home/huy/drone_auto/install/shape_info/share/shape_info/cmake/shape_info__rosidl_typesupport_cppExport-noconfig.cmake
[1.677s] -- Up-to-date: /home/huy/drone_auto/install/shape_info/share/shape_info/cmake/export_shape_info__rosidl_generator_pyExport.cmake
[1.677s] -- Up-to-date: /home/huy/drone_auto/install/shape_info/share/shape_info/cmake/export_shape_info__rosidl_generator_pyExport-noconfig.cmake
[1.677s] -- Up-to-date: /home/huy/drone_auto/install/shape_info/share/shape_info/cmake/rosidl_cmake-extras.cmake
[1.677s] -- Up-to-date: /home/huy/drone_auto/install/shape_info/share/shape_info/cmake/ament_cmake_export_dependencies-extras.cmake
[1.678s] -- Up-to-date: /home/huy/drone_auto/install/shape_info/share/shape_info/cmake/ament_cmake_export_include_directories-extras.cmake
[1.678s] -- Up-to-date: /home/huy/drone_auto/install/shape_info/share/shape_info/cmake/ament_cmake_export_libraries-extras.cmake
[1.678s] -- Up-to-date: /home/huy/drone_auto/install/shape_info/share/shape_info/cmake/ament_cmake_export_targets-extras.cmake
[1.678s] -- Up-to-date: /home/huy/drone_auto/install/shape_info/share/shape_info/cmake/rosidl_cmake_export_typesupport_targets-extras.cmake
[1.678s] -- Up-to-date: /home/huy/drone_auto/install/shape_info/share/shape_info/cmake/rosidl_cmake_export_typesupport_libraries-extras.cmake
[1.678s] -- Up-to-date: /home/huy/drone_auto/install/shape_info/share/shape_info/cmake/shape_infoConfig.cmake
[1.678s] -- Up-to-date: /home/huy/drone_auto/install/shape_info/share/shape_info/cmake/shape_infoConfig-version.cmake
[1.678s] -- Installing: /home/huy/drone_auto/install/shape_info/share/shape_info/package.xml
[1.680s] Invoked command in '/home/huy/drone_auto/build/shape_info' returned '0': CMAKE_PREFIX_PATH=${CMAKE_PREFIX_PATH}:/home/huy/my_ws/install/bme680_sensor:/opt/ros/humble /usr/bin/cmake --install /home/huy/drone_auto/build/shape_info
