[0.009s] Invoking command in '/home/huy/drone_auto/build/drone': CMAKE_PREFIX_PATH=${CMAKE_PREFIX_PATH}:/home/huy/my_ws/install/bme680_sensor:/opt/ros/humble /usr/bin/cmake /home/huy/drone_auto/src/drone -DCMAKE_INSTALL_PREFIX=/home/huy/drone_auto/install/drone
[0.077s] -- The C compiler identification is GNU 11.4.0
[0.129s] -- The CXX compiler identification is GNU 11.4.0
[0.138s] -- Detecting C compiler ABI info
[0.186s] -- Detecting C compiler ABI info - done
[0.191s] -- Check for working C compiler: /usr/bin/cc - skipped
[0.192s] -- Detecting C compile features
[0.192s] -- Detecting C compile features - done
[0.195s] -- Detecting CXX compiler ABI info
[0.249s] -- Detecting CXX compiler ABI info - done
[0.254s] -- Check for working CXX compiler: /usr/bin/c++ - skipped
[0.254s] -- Detecting CXX compile features
[0.254s] -- Detecting CXX compile features - done
[0.264s] -- Found ament_cmake: 1.3.11 (/opt/ros/humble/share/ament_cmake/cmake)
[0.518s] -- Found Python3: /usr/bin/python3 (found version "3.10.12") found components: Interpreter 
[0.612s] -- Found rclcpp: 16.0.11 (/opt/ros/humble/share/rclcpp/cmake)
[0.668s] -- Found rosidl_generator_c: 3.1.6 (/opt/ros/humble/share/rosidl_generator_c/cmake)
[0.673s] -- Found rosidl_adapter: 3.1.6 (/opt/ros/humble/share/rosidl_adapter/cmake)
[0.680s] -- Found rosidl_generator_cpp: 3.1.6 (/opt/ros/humble/share/rosidl_generator_cpp/cmake)
[0.690s] -- Using all available rosidl_typesupport_c: rosidl_typesupport_fastrtps_c;rosidl_typesupport_introspection_c
[0.724s] -- Using all available rosidl_typesupport_cpp: rosidl_typesupport_fastrtps_cpp;rosidl_typesupport_introspection_cpp
[0.762s] -- Found rmw_implementation_cmake: 6.1.2 (/opt/ros/humble/share/rmw_implementation_cmake/cmake)
[0.764s] -- Found rmw_fastrtps_cpp: 6.2.7 (/opt/ros/humble/share/rmw_fastrtps_cpp/cmake)
[0.827s] -- Found OpenSSL: /usr/lib/x86_64-linux-gnu/libcrypto.so (found version "3.0.2")  
[0.847s] -- Found FastRTPS: /opt/ros/humble/include  
[0.876s] -- Using RMW implementation 'rmw_fastrtps_cpp' as default
[0.883s] -- Looking for pthread.h
[0.938s] -- Looking for pthread.h - found
[0.938s] -- Performing Test CMAKE_HAVE_LIBC_PTHREAD
[0.989s] -- Performing Test CMAKE_HAVE_LIBC_PTHREAD - Success
[0.990s] -- Found Threads: TRUE  
[1.032s] -- Found rclpy: 3.3.15 (/opt/ros/humble/share/rclpy/cmake)
[1.032s] -- Found px4_msgs: 2.0.1 (/home/huy/my_ws/install/px4_msgs/share/px4_msgs/cmake)
[1.100s] [31mCMake Error at /opt/ros/humble/share/ament_cmake_python/cmake/ament_python_install_package.cmake:66 (message):
[1.100s]   ament_python_install_package() the Python package folder
[1.100s]   '/home/huy/drone_auto/src/drone/drone' doesn't contain an '__init__.py'
[1.100s]   file
[1.100s] Call Stack (most recent call first):
[1.100s]   /opt/ros/humble/share/ament_cmake_python/cmake/ament_python_install_package.cmake:39 (_ament_cmake_python_install_package)
[1.100s]   CMakeLists.txt:26 (ament_python_install_package)
[1.101s] 
[1.101s] [0m
[1.101s] -- Configuring incomplete, errors occurred!
[1.101s] See also "/home/huy/drone_auto/build/drone/CMakeFiles/CMakeOutput.log".
[1.107s] Invoked command in '/home/huy/drone_auto/build/drone' returned '1': CMAKE_PREFIX_PATH=${CMAKE_PREFIX_PATH}:/home/huy/my_ws/install/bme680_sensor:/opt/ros/humble /usr/bin/cmake /home/huy/drone_auto/src/drone -DCMAKE_INSTALL_PREFIX=/home/huy/drone_auto/install/drone
