[0.011s] Invoking command in '/home/huy/drone_auto/build/drone': CMAKE_PREFIX_PATH=/home/huy/drone_auto/install/px4_msgs:/home/huy/drone_auto/install/drone:/home/huy/my_ws/install/quadcopter:/home/huy/my_ws/install/pkgname:/home/huy/my_ws/install/px4_msgs:/home/huy/my_ws/install/bme680_sensor:/opt/ros/humble /usr/bin/cmake --build /home/huy/drone_auto/build/drone -- -j12 -l12
[0.094s] [35m[1mConsolidate compiler generated dependencies of target drone_auto_node[0m
[0.116s] [ 50%] [32mBuilding CXX object CMakeFiles/drone_auto_node.dir/src/drone_auto.cpp.o[0m
[24.010s] [100%] [32m[1mLinking CXX executable drone_auto_node[0m
[26.262s] [100%] Built target drone_auto_node
[26.277s] Invoked command in '/home/huy/drone_auto/build/drone' returned '0': CMAKE_PREFIX_PATH=/home/huy/drone_auto/install/px4_msgs:/home/huy/drone_auto/install/drone:/home/huy/my_ws/install/quadcopter:/home/huy/my_ws/install/pkgname:/home/huy/my_ws/install/px4_msgs:/home/huy/my_ws/install/bme680_sensor:/opt/ros/humble /usr/bin/cmake --build /home/huy/drone_auto/build/drone -- -j12 -l12
[26.279s] Invoking command in '/home/huy/drone_auto/build/drone': CMAKE_PREFIX_PATH=/home/huy/drone_auto/install/px4_msgs:/home/huy/drone_auto/install/drone:/home/huy/my_ws/install/quadcopter:/home/huy/my_ws/install/pkgname:/home/huy/my_ws/install/px4_msgs:/home/huy/my_ws/install/bme680_sensor:/opt/ros/humble /usr/bin/cmake --install /home/huy/drone_auto/build/drone
[26.288s] -- Install configuration: ""
[26.288s] -- Installing: /home/huy/drone_auto/install/drone/lib/drone/drone_auto_node
[26.303s] -- Set runtime path of "/home/huy/drone_auto/install/drone/lib/drone/drone_auto_node" to ""
[26.304s] -- Up-to-date: /home/huy/drone_auto/install/drone/share/ament_index/resource_index/package_run_dependencies/drone
[26.304s] -- Up-to-date: /home/huy/drone_auto/install/drone/share/ament_index/resource_index/parent_prefix_path/drone
[26.304s] -- Up-to-date: /home/huy/drone_auto/install/drone/share/drone/environment/ament_prefix_path.sh
[26.304s] -- Up-to-date: /home/huy/drone_auto/install/drone/share/drone/environment/ament_prefix_path.dsv
[26.304s] -- Up-to-date: /home/huy/drone_auto/install/drone/share/drone/environment/path.sh
[26.304s] -- Up-to-date: /home/huy/drone_auto/install/drone/share/drone/environment/path.dsv
[26.304s] -- Up-to-date: /home/huy/drone_auto/install/drone/share/drone/local_setup.bash
[26.304s] -- Up-to-date: /home/huy/drone_auto/install/drone/share/drone/local_setup.sh
[26.304s] -- Up-to-date: /home/huy/drone_auto/install/drone/share/drone/local_setup.zsh
[26.304s] -- Up-to-date: /home/huy/drone_auto/install/drone/share/drone/local_setup.dsv
[26.304s] -- Installing: /home/huy/drone_auto/install/drone/share/drone/package.dsv
[26.304s] -- Up-to-date: /home/huy/drone_auto/install/drone/share/ament_index/resource_index/packages/drone
[26.304s] -- Up-to-date: /home/huy/drone_auto/install/drone/share/drone/cmake/droneConfig.cmake
[26.304s] -- Up-to-date: /home/huy/drone_auto/install/drone/share/drone/cmake/droneConfig-version.cmake
[26.304s] -- Up-to-date: /home/huy/drone_auto/install/drone/share/drone/package.xml
[26.307s] Invoked command in '/home/huy/drone_auto/build/drone' returned '0': CMAKE_PREFIX_PATH=/home/huy/drone_auto/install/px4_msgs:/home/huy/drone_auto/install/drone:/home/huy/my_ws/install/quadcopter:/home/huy/my_ws/install/pkgname:/home/huy/my_ws/install/px4_msgs:/home/huy/my_ws/install/bme680_sensor:/opt/ros/humble /usr/bin/cmake --install /home/huy/drone_auto/build/drone
