[0.007s] Invoking command in '/home/huy/drone_auto/build/drone': CMAKE_PREFIX_PATH=${CMAKE_PREFIX_PATH}:/home/huy/my_ws/install/bme680_sensor:/opt/ros/humble /usr/bin/cmake /home/huy/drone_auto/src/drone -DCMAKE_INSTALL_PREFIX=/home/huy/drone_auto/install/drone
[0.015s] -- Found ament_cmake: 1.3.11 (/opt/ros/humble/share/ament_cmake/cmake)
[0.095s] -- Found rclcpp: 16.0.11 (/opt/ros/humble/share/rclcpp/cmake)
[0.112s] -- Found rosidl_generator_c: 3.1.6 (/opt/ros/humble/share/rosidl_generator_c/cmake)
[0.113s] -- Found rosidl_adapter: 3.1.6 (/opt/ros/humble/share/rosidl_adapter/cmake)
[0.117s] -- Found rosidl_generator_cpp: 3.1.6 (/opt/ros/humble/share/rosidl_generator_cpp/cmake)
[0.123s] -- Using all available rosidl_typesupport_c: rosidl_typesupport_fastrtps_c;rosidl_typesupport_introspection_c
[0.130s] -- Using all available rosidl_typesupport_cpp: rosidl_typesupport_fastrtps_cpp;rosidl_typesupport_introspection_cpp
[0.150s] -- Found rmw_implementation_cmake: 6.1.2 (/opt/ros/humble/share/rmw_implementation_cmake/cmake)
[0.151s] -- Found rmw_fastrtps_cpp: 6.2.7 (/opt/ros/humble/share/rmw_fastrtps_cpp/cmake)
[0.214s] -- Using RMW implementation 'rmw_fastrtps_cpp' as default
[0.244s] -- Found rclpy: 3.3.15 (/opt/ros/humble/share/rclpy/cmake)
[0.244s] -- Found px4_msgs: 2.0.1 (/home/huy/my_ws/install/px4_msgs/share/px4_msgs/cmake)
[0.295s] -- Configuring done
[0.301s] -- Generating done
[0.303s] -- Build files have been written to: /home/huy/drone_auto/build/drone
[0.309s] Invoked command in '/home/huy/drone_auto/build/drone' returned '0': CMAKE_PREFIX_PATH=${CMAKE_PREFIX_PATH}:/home/huy/my_ws/install/bme680_sensor:/opt/ros/humble /usr/bin/cmake /home/huy/drone_auto/src/drone -DCMAKE_INSTALL_PREFIX=/home/huy/drone_auto/install/drone
[0.310s] Invoking command in '/home/huy/drone_auto/build/drone': CMAKE_PREFIX_PATH=${CMAKE_PREFIX_PATH}:/home/huy/my_ws/install/bme680_sensor:/opt/ros/humble /usr/bin/cmake --build /home/huy/drone_auto/build/drone -- -j12 -l12
[0.345s] [ 50%] [32mBuilding CXX object CMakeFiles/drone_auto_node.dir/src/drone_auto.cpp.o[0m
[0.362s] [100%] [32m[1mLinking CXX executable drone_auto_node[0m
[0.415s] /usr/bin/ld: /usr/lib/gcc/x86_64-linux-gnu/11/../../../x86_64-linux-gnu/Scrt1.o: in function `_start':
[0.415s] (.text+0x1b): undefined reference to `main'
[0.416s] collect2: error: ld returned 1 exit status
[0.418s] gmake[2]: *** [CMakeFiles/drone_auto_node.dir/build.make:159: drone_auto_node] Error 1
[0.418s] gmake[1]: *** [CMakeFiles/Makefile2:137: CMakeFiles/drone_auto_node.dir/all] Error 2
[0.418s] gmake: *** [Makefile:146: all] Error 2
[0.420s] Invoked command in '/home/huy/drone_auto/build/drone' returned '2': CMAKE_PREFIX_PATH=${CMAKE_PREFIX_PATH}:/home/huy/my_ws/install/bme680_sensor:/opt/ros/humble /usr/bin/cmake --build /home/huy/drone_auto/build/drone -- -j12 -l12
