gmake: Warning: File 'Makefile' has modification time 24764 s in the future
gmake[1]: Warning: File 'CMakeFiles/Makefile2' has modification time 24764 s in the future
gmake[2]: Warning: File 'CMakeFiles/shape_info__cpp.dir/progress.make' has modification time 24764 s in the future
gmake[2]: Warning: File 'CMakeFiles/ament_cmake_python_copy_shape_info.dir/progress.make' has modification time 24764 s in the future
gmake[2]: Warning: File 'CMakeFiles/shape_info__rosidl_generator_c.dir/progress.make' has modification time 24764 s in the future
gmake[2]: warning:  Clock skew detected.  Your build may be incomplete.
gmake[2]: warning:  Clock skew detected.  Your build may be incomplete.
gmake[2]: warning:  Clock skew detected.  Your build may be incomplete.
gmake[2]: Warning: File 'CMakeFiles/ament_cmake_python_copy_shape_info.dir/progress.make' has modification time 24764 s in the future
gmake[2]: Warning: File 'CMakeFiles/shape_info__cpp.dir/progress.make' has modification time 24764 s in the future
gmake[2]: Warning: File 'CMakeFiles/shape_info__rosidl_generator_c.dir/progress.make' has modification time 24764 s in the future
gmake[2]: warning:  Clock skew detected.  Your build may be incomplete.
gmake[2]: warning:  Clock skew detected.  Your build may be incomplete.
gmake[2]: warning:  Clock skew detected.  Your build may be incomplete.
gmake[2]: Warning: File 'CMakeFiles/shape_info__rosidl_typesupport_c.dir/progress.make' has modification time 24764 s in the future
gmake[2]: Warning: File 'CMakeFiles/shape_info__rosidl_typesupport_introspection_c.dir/progress.make' has modification time 24764 s in the future
gmake[2]: Warning: File 'CMakeFiles/shape_info__rosidl_typesupport_fastrtps_c.dir/progress.make' has modification time 24764 s in the future
gmake[2]: Warning: File 'CMakeFiles/shape_info__rosidl_typesupport_fastrtps_cpp.dir/progress.make' has modification time 24764 s in the future
gmake[2]: Warning: File 'CMakeFiles/shape_info__rosidl_typesupport_introspection_cpp.dir/progress.make' has modification time 24764 s in the future
gmake[2]: warning:  Clock skew detected.  Your build may be incomplete.
gmake[2]: warning:  Clock skew detected.  Your build may be incomplete.
gmake[2]: warning:  Clock skew detected.  Your build may be incomplete.
gmake[2]: warning:  Clock skew detected.  Your build may be incomplete.
gmake[2]: warning:  Clock skew detected.  Your build may be incomplete.
gmake[2]: Warning: File 'CMakeFiles/shape_info__rosidl_typesupport_introspection_c.dir/progress.make' has modification time 24764 s in the future
gmake[2]: Warning: File 'CMakeFiles/shape_info__rosidl_typesupport_c.dir/progress.make' has modification time 24764 s in the future
gmake[2]: warning:  Clock skew detected.  Your build may be incomplete.
gmake[2]: warning:  Clock skew detected.  Your build may be incomplete.
gmake[2]: Warning: File 'CMakeFiles/shape_info__rosidl_typesupport_fastrtps_c.dir/progress.make' has modification time 24764 s in the future
gmake[2]: Warning: File 'CMakeFiles/ament_cmake_python_build_shape_info_egg.dir/progress.make' has modification time 24764 s in the future
gmake[2]: Warning: File 'CMakeFiles/shape_info__rosidl_typesupport_fastrtps_cpp.dir/progress.make' has modification time 24764 s in the future
gmake[2]: Warning: File 'CMakeFiles/shape_info__rosidl_typesupport_cpp.dir/progress.make' has modification time 24764 s in the future
gmake[2]: warning:  Clock skew detected.  Your build may be incomplete.
gmake[2]: Warning: File 'CMakeFiles/shape_info__rosidl_typesupport_introspection_cpp.dir/progress.make' has modification time 24764 s in the future
gmake[2]: warning:  Clock skew detected.  Your build may be incomplete.
gmake[2]: warning:  Clock skew detected.  Your build may be incomplete.
gmake[2]: warning:  Clock skew detected.  Your build may be incomplete.
gmake[2]: warning:  Clock skew detected.  Your build may be incomplete.
gmake[2]: Warning: File 'CMakeFiles/ament_cmake_python_build_shape_info_egg.dir/progress.make' has modification time 24764 s in the future
gmake[2]: Warning: File 'CMakeFiles/shape_info__rosidl_typesupport_cpp.dir/progress.make' has modification time 24764 s in the future
gmake[2]: warning:  Clock skew detected.  Your build may be incomplete.
gmake[2]: Warning: File 'CMakeFiles/shape_info.dir/progress.make' has modification time 24764 s in the future
gmake[2]: warning:  Clock skew detected.  Your build may be incomplete.
gmake[2]: Warning: File 'CMakeFiles/shape_info.dir/progress.make' has modification time 24764 s in the future
gmake[2]: warning:  Clock skew detected.  Your build may be incomplete.
gmake[2]: Warning: File 'shape_info__py/CMakeFiles/shape_info__py.dir/progress.make' has modification time 24764 s in the future
gmake[2]: warning:  Clock skew detected.  Your build may be incomplete.
gmake[2]: Warning: File 'shape_info__py/CMakeFiles/shape_info__py.dir/progress.make' has modification time 24764 s in the future
gmake[2]: warning:  Clock skew detected.  Your build may be incomplete.
gmake[2]: Warning: File 'CMakeFiles/shape_info__rosidl_generator_py.dir/progress.make' has modification time 24764 s in the future
gmake[2]: warning:  Clock skew detected.  Your build may be incomplete.
gmake[2]: Warning: File 'CMakeFiles/shape_info__rosidl_generator_py.dir/progress.make' has modification time 24764 s in the future
gmake[2]: warning:  Clock skew detected.  Your build may be incomplete.
gmake[2]: Warning: File 'CMakeFiles/shape_info__rosidl_typesupport_c__pyext.dir/progress.make' has modification time 24764 s in the future
gmake[2]: Warning: File 'CMakeFiles/shape_info__rosidl_typesupport_fastrtps_c__pyext.dir/progress.make' has modification time 24764 s in the future
gmake[2]: Warning: File 'CMakeFiles/shape_info__rosidl_typesupport_introspection_c__pyext.dir/progress.make' has modification time 24764 s in the future
gmake[2]: warning:  Clock skew detected.  Your build may be incomplete.
gmake[2]: warning:  Clock skew detected.  Your build may be incomplete.
gmake[2]: warning:  Clock skew detected.  Your build may be incomplete.
gmake[2]: Warning: File 'CMakeFiles/shape_info__rosidl_typesupport_introspection_c__pyext.dir/progress.make' has modification time 24764 s in the future
gmake[2]: Warning: File 'CMakeFiles/shape_info__rosidl_typesupport_fastrtps_c__pyext.dir/progress.make' has modification time 24764 s in the future
gmake[2]: Warning: File 'CMakeFiles/shape_info__rosidl_typesupport_c__pyext.dir/progress.make' has modification time 24764 s in the future
gmake[2]: warning:  Clock skew detected.  Your build may be incomplete.
gmake[2]: warning:  Clock skew detected.  Your build may be incomplete.
gmake[2]: warning:  Clock skew detected.  Your build may be incomplete.
gmake[2]: warning:  Clock skew detected.  Your build may be incomplete.
gmake[1]: warning:  Clock skew detected.  Your build may be incomplete.
gmake: warning:  Clock skew detected.  Your build may be incomplete.
