[0.021s] Invoking command in '/home/huy/drone_auto/build/drone': CMAKE_PREFIX_PATH=/home/huy/drone_auto/install/px4_msgs:/home/huy/drone_auto/install/shape_info:/home/huy/drone_auto/install/drone:/home/huy/my_ws/install/quadcopter:/home/huy/my_ws/install/pkgname:/home/huy/my_ws/install/px4_msgs:/home/huy/drone_auto/install/test_serial:/home/huy/drone_auto/install/my_shape_detector:/home/huy/my_ws/install/bme680_sensor:/opt/ros/humble LD_LIBRARY_PATH=/home/huy/drone_auto/install/px4_msgs/lib:/home/huy/drone_auto/install/shape_info/lib:/home/huy/my_ws/install/px4_msgs/lib:/opt/ros/humble/opt/rviz_ogre_vendor/lib:/opt/ros/humble/lib/x86_64-linux-gnu:/opt/ros/humble/lib /usr/bin/cmake --build /home/huy/drone_auto/build/drone -- -j12 -l12
[0.097s] [35m[1mConsolidate compiler generated dependencies of target drone_auto_node[0m
[0.110s] gmake[2]: Warning: File 'drone_auto_node' has modification time 24779 s in the future
[0.113s] gmake[2]: warning:  Clock skew detected.  Your build may be incomplete.
[0.129s] [100%] Built target drone_auto_node
[0.154s] Invoked command in '/home/huy/drone_auto/build/drone' returned '0': CMAKE_PREFIX_PATH=/home/huy/drone_auto/install/px4_msgs:/home/huy/drone_auto/install/shape_info:/home/huy/drone_auto/install/drone:/home/huy/my_ws/install/quadcopter:/home/huy/my_ws/install/pkgname:/home/huy/my_ws/install/px4_msgs:/home/huy/drone_auto/install/test_serial:/home/huy/drone_auto/install/my_shape_detector:/home/huy/my_ws/install/bme680_sensor:/opt/ros/humble LD_LIBRARY_PATH=/home/huy/drone_auto/install/px4_msgs/lib:/home/huy/drone_auto/install/shape_info/lib:/home/huy/my_ws/install/px4_msgs/lib:/opt/ros/humble/opt/rviz_ogre_vendor/lib:/opt/ros/humble/lib/x86_64-linux-gnu:/opt/ros/humble/lib /usr/bin/cmake --build /home/huy/drone_auto/build/drone -- -j12 -l12
[0.157s] Invoking command in '/home/huy/drone_auto/build/drone': CMAKE_PREFIX_PATH=/home/huy/drone_auto/install/px4_msgs:/home/huy/drone_auto/install/shape_info:/home/huy/drone_auto/install/drone:/home/huy/my_ws/install/quadcopter:/home/huy/my_ws/install/pkgname:/home/huy/my_ws/install/px4_msgs:/home/huy/drone_auto/install/test_serial:/home/huy/drone_auto/install/my_shape_detector:/home/huy/my_ws/install/bme680_sensor:/opt/ros/humble LD_LIBRARY_PATH=/home/huy/drone_auto/install/px4_msgs/lib:/home/huy/drone_auto/install/shape_info/lib:/home/huy/my_ws/install/px4_msgs/lib:/opt/ros/humble/opt/rviz_ogre_vendor/lib:/opt/ros/humble/lib/x86_64-linux-gnu:/opt/ros/humble/lib /usr/bin/cmake --install /home/huy/drone_auto/build/drone
[0.177s] -- Install configuration: ""
[0.180s] -- Up-to-date: /home/huy/drone_auto/install/drone/lib/drone/drone_auto_node
[0.181s] -- Up-to-date: /home/huy/drone_auto/install/drone/share/ament_index/resource_index/package_run_dependencies/drone
[0.182s] -- Up-to-date: /home/huy/drone_auto/install/drone/share/ament_index/resource_index/parent_prefix_path/drone
[0.186s] -- Up-to-date: /home/huy/drone_auto/install/drone/share/drone/environment/ament_prefix_path.sh
[0.187s] -- Up-to-date: /home/huy/drone_auto/install/drone/share/drone/environment/ament_prefix_path.dsv
[0.187s] -- Up-to-date: /home/huy/drone_auto/install/drone/share/drone/environment/path.sh
[0.187s] -- Up-to-date: /home/huy/drone_auto/install/drone/share/drone/environment/path.dsv
[0.187s] -- Up-to-date: /home/huy/drone_auto/install/drone/share/drone/local_setup.bash
[0.187s] -- Up-to-date: /home/huy/drone_auto/install/drone/share/drone/local_setup.sh
[0.187s] -- Up-to-date: /home/huy/drone_auto/install/drone/share/drone/local_setup.zsh
[0.187s] -- Up-to-date: /home/huy/drone_auto/install/drone/share/drone/local_setup.dsv
[0.188s] -- Installing: /home/huy/drone_auto/install/drone/share/drone/package.dsv
[0.188s] -- Up-to-date: /home/huy/drone_auto/install/drone/share/ament_index/resource_index/packages/drone
[0.188s] -- Up-to-date: /home/huy/drone_auto/install/drone/share/drone/cmake/droneConfig.cmake
[0.188s] -- Up-to-date: /home/huy/drone_auto/install/drone/share/drone/cmake/droneConfig-version.cmake
[0.188s] -- Up-to-date: /home/huy/drone_auto/install/drone/share/drone/package.xml
[0.189s] Invoked command in '/home/huy/drone_auto/build/drone' returned '0': CMAKE_PREFIX_PATH=/home/huy/drone_auto/install/px4_msgs:/home/huy/drone_auto/install/shape_info:/home/huy/drone_auto/install/drone:/home/huy/my_ws/install/quadcopter:/home/huy/my_ws/install/pkgname:/home/huy/my_ws/install/px4_msgs:/home/huy/drone_auto/install/test_serial:/home/huy/drone_auto/install/my_shape_detector:/home/huy/my_ws/install/bme680_sensor:/opt/ros/humble LD_LIBRARY_PATH=/home/huy/drone_auto/install/px4_msgs/lib:/home/huy/drone_auto/install/shape_info/lib:/home/huy/my_ws/install/px4_msgs/lib:/opt/ros/humble/opt/rviz_ogre_vendor/lib:/opt/ros/humble/lib/x86_64-linux-gnu:/opt/ros/humble/lib /usr/bin/cmake --install /home/huy/drone_auto/build/drone
