[0.020s] Invoking command in '/home/huy/drone_auto/build/drone': CMAKE_PREFIX_PATH=/home/huy/drone_auto/install/px4_msgs:/home/huy/drone_auto/install/drone:/home/huy/my_ws/install/quadcopter:/home/huy/my_ws/install/pkgname:/home/huy/my_ws/install/px4_msgs:/home/huy/my_ws/install/bme680_sensor:/opt/ros/humble /usr/bin/cmake --build /home/huy/drone_auto/build/drone -- -j12 -l12
[0.070s] [35m[1mConsolidate compiler generated dependencies of target drone_auto_node[0m
[0.090s] [ 50%] [32mBuilding CXX object CMakeFiles/drone_auto_node.dir/src/drone_auto.cpp.o[0m
[32.716s] [100%] [32m[1mLinking CXX executable drone_auto_node[0m
[35.911s] [100%] Built target drone_auto_node
[35.928s] Invoked command in '/home/huy/drone_auto/build/drone' returned '0': CMAKE_PREFIX_PATH=/home/huy/drone_auto/install/px4_msgs:/home/huy/drone_auto/install/drone:/home/huy/my_ws/install/quadcopter:/home/huy/my_ws/install/pkgname:/home/huy/my_ws/install/px4_msgs:/home/huy/my_ws/install/bme680_sensor:/opt/ros/humble /usr/bin/cmake --build /home/huy/drone_auto/build/drone -- -j12 -l12
[35.929s] Invoking command in '/home/huy/drone_auto/build/drone': CMAKE_PREFIX_PATH=/home/huy/drone_auto/install/px4_msgs:/home/huy/drone_auto/install/drone:/home/huy/my_ws/install/quadcopter:/home/huy/my_ws/install/pkgname:/home/huy/my_ws/install/px4_msgs:/home/huy/my_ws/install/bme680_sensor:/opt/ros/humble /usr/bin/cmake --install /home/huy/drone_auto/build/drone
[35.936s] -- Install configuration: ""
[35.936s] -- Installing: /home/huy/drone_auto/install/drone/lib/drone/drone_auto_node
[35.954s] -- Set runtime path of "/home/huy/drone_auto/install/drone/lib/drone/drone_auto_node" to ""
[35.954s] -- Up-to-date: /home/huy/drone_auto/install/drone/share/ament_index/resource_index/package_run_dependencies/drone
[35.954s] -- Up-to-date: /home/huy/drone_auto/install/drone/share/ament_index/resource_index/parent_prefix_path/drone
[35.954s] -- Up-to-date: /home/huy/drone_auto/install/drone/share/drone/environment/ament_prefix_path.sh
[35.954s] -- Up-to-date: /home/huy/drone_auto/install/drone/share/drone/environment/ament_prefix_path.dsv
[35.954s] -- Up-to-date: /home/huy/drone_auto/install/drone/share/drone/environment/path.sh
[35.954s] -- Up-to-date: /home/huy/drone_auto/install/drone/share/drone/environment/path.dsv
[35.954s] -- Up-to-date: /home/huy/drone_auto/install/drone/share/drone/local_setup.bash
[35.954s] -- Up-to-date: /home/huy/drone_auto/install/drone/share/drone/local_setup.sh
[35.954s] -- Up-to-date: /home/huy/drone_auto/install/drone/share/drone/local_setup.zsh
[35.954s] -- Up-to-date: /home/huy/drone_auto/install/drone/share/drone/local_setup.dsv
[35.954s] -- Installing: /home/huy/drone_auto/install/drone/share/drone/package.dsv
[35.955s] -- Up-to-date: /home/huy/drone_auto/install/drone/share/ament_index/resource_index/packages/drone
[35.955s] -- Up-to-date: /home/huy/drone_auto/install/drone/share/drone/cmake/droneConfig.cmake
[35.955s] -- Up-to-date: /home/huy/drone_auto/install/drone/share/drone/cmake/droneConfig-version.cmake
[35.955s] -- Up-to-date: /home/huy/drone_auto/install/drone/share/drone/package.xml
[35.960s] Invoked command in '/home/huy/drone_auto/build/drone' returned '0': CMAKE_PREFIX_PATH=/home/huy/drone_auto/install/px4_msgs:/home/huy/drone_auto/install/drone:/home/huy/my_ws/install/quadcopter:/home/huy/my_ws/install/pkgname:/home/huy/my_ws/install/px4_msgs:/home/huy/my_ws/install/bme680_sensor:/opt/ros/humble /usr/bin/cmake --install /home/huy/drone_auto/build/drone
