[0.013s] Invoking command in '/home/huy/drone_auto/build/drone': CMAKE_PREFIX_PATH=/home/huy/drone_auto/install/px4_msgs:/home/huy/drone_auto/install/drone:/home/huy/my_ws/install/quadcopter:/home/huy/my_ws/install/pkgname:/home/huy/my_ws/install/px4_msgs:/home/huy/my_ws/install/bme680_sensor:/opt/ros/humble /usr/bin/cmake --build /home/huy/drone_auto/build/drone -- -j12 -l12
[0.073s] [35m[1mConsolidate compiler generated dependencies of target drone_auto_node[0m
[0.092s] [100%] Built target drone_auto_node
[0.106s] Invoked command in '/home/huy/drone_auto/build/drone' returned '0': CMAKE_PREFIX_PATH=/home/huy/drone_auto/install/px4_msgs:/home/huy/drone_auto/install/drone:/home/huy/my_ws/install/quadcopter:/home/huy/my_ws/install/pkgname:/home/huy/my_ws/install/px4_msgs:/home/huy/my_ws/install/bme680_sensor:/opt/ros/humble /usr/bin/cmake --build /home/huy/drone_auto/build/drone -- -j12 -l12
[0.108s] Invoking command in '/home/huy/drone_auto/build/drone': CMAKE_PREFIX_PATH=/home/huy/drone_auto/install/px4_msgs:/home/huy/drone_auto/install/drone:/home/huy/my_ws/install/quadcopter:/home/huy/my_ws/install/pkgname:/home/huy/my_ws/install/px4_msgs:/home/huy/my_ws/install/bme680_sensor:/opt/ros/humble /usr/bin/cmake --install /home/huy/drone_auto/build/drone
[0.119s] -- Install configuration: ""
[0.119s] -- Up-to-date: /home/huy/drone_auto/install/drone/lib/drone/drone_auto_node
[0.119s] -- Up-to-date: /home/huy/drone_auto/install/drone/share/ament_index/resource_index/package_run_dependencies/drone
[0.119s] -- Up-to-date: /home/huy/drone_auto/install/drone/share/ament_index/resource_index/parent_prefix_path/drone
[0.120s] -- Up-to-date: /home/huy/drone_auto/install/drone/share/drone/environment/ament_prefix_path.sh
[0.120s] -- Up-to-date: /home/huy/drone_auto/install/drone/share/drone/environment/ament_prefix_path.dsv
[0.120s] -- Up-to-date: /home/huy/drone_auto/install/drone/share/drone/environment/path.sh
[0.120s] -- Up-to-date: /home/huy/drone_auto/install/drone/share/drone/environment/path.dsv
[0.120s] -- Up-to-date: /home/huy/drone_auto/install/drone/share/drone/local_setup.bash
[0.120s] -- Up-to-date: /home/huy/drone_auto/install/drone/share/drone/local_setup.sh
[0.120s] -- Up-to-date: /home/huy/drone_auto/install/drone/share/drone/local_setup.zsh
[0.120s] -- Up-to-date: /home/huy/drone_auto/install/drone/share/drone/local_setup.dsv
[0.120s] -- Installing: /home/huy/drone_auto/install/drone/share/drone/package.dsv
[0.120s] -- Up-to-date: /home/huy/drone_auto/install/drone/share/ament_index/resource_index/packages/drone
[0.120s] -- Up-to-date: /home/huy/drone_auto/install/drone/share/drone/cmake/droneConfig.cmake
[0.120s] -- Up-to-date: /home/huy/drone_auto/install/drone/share/drone/cmake/droneConfig-version.cmake
[0.120s] -- Up-to-date: /home/huy/drone_auto/install/drone/share/drone/package.xml
[0.122s] Invoked command in '/home/huy/drone_auto/build/drone' returned '0': CMAKE_PREFIX_PATH=/home/huy/drone_auto/install/px4_msgs:/home/huy/drone_auto/install/drone:/home/huy/my_ws/install/quadcopter:/home/huy/my_ws/install/pkgname:/home/huy/my_ws/install/px4_msgs:/home/huy/my_ws/install/bme680_sensor:/opt/ros/humble /usr/bin/cmake --install /home/huy/drone_auto/build/drone
