-- Found ament_cmake: 1.3.11 (/opt/ros/humble/share/ament_cmake/cmake)
-- Found rclcpp: 16.0.11 (/opt/ros/humble/share/rclcpp/cmake)
-- Found rosidl_generator_c: 3.1.6 (/opt/ros/humble/share/rosidl_generator_c/cmake)
-- Found rosidl_adapter: 3.1.6 (/opt/ros/humble/share/rosidl_adapter/cmake)
-- Found rosidl_generator_cpp: 3.1.6 (/opt/ros/humble/share/rosidl_generator_cpp/cmake)
-- Using all available rosidl_typesupport_c: rosidl_typesupport_fastrtps_c;rosidl_typesupport_introspection_c
-- Using all available rosidl_typesupport_cpp: rosidl_typesupport_fastrtps_cpp;rosidl_typesupport_introspection_cpp
-- Found rmw_implementation_cmake: 6.1.2 (/opt/ros/humble/share/rmw_implementation_cmake/cmake)
-- Found rmw_fastrtps_cpp: 6.2.7 (/opt/ros/humble/share/rmw_fastrtps_cpp/cmake)
-- Using RMW implementation 'rmw_fastrtps_cpp' as default
-- Found rclpy: 3.3.15 (/opt/ros/humble/share/rclpy/cmake)
-- Found px4_msgs: 2.0.1 (/home/huy/my_ws/install/px4_msgs/share/px4_msgs/cmake)
-- Configuring done
-- Generating done
-- Build files have been written to: /home/huy/drone_auto/build/drone
[35m[1mConsolidate compiler generated dependencies of target drone_auto_node[0m
[ 50%] [32mBuilding CXX object CMakeFiles/drone_auto_node.dir/src/drone_auto.cpp.o[0m
[100%] [32m[1mLinking CXX executable drone_auto_node[0m
[100%] Built target drone_auto_node
-- Install configuration: ""
-- Installing: /home/huy/drone_auto/install/drone/lib/drone/drone_auto_node
-- Set runtime path of "/home/huy/drone_auto/install/drone/lib/drone/drone_auto_node" to ""
-- Up-to-date: /home/huy/drone_auto/install/drone/share/ament_index/resource_index/package_run_dependencies/drone
-- Installing: /home/huy/drone_auto/install/drone/share/ament_index/resource_index/parent_prefix_path/drone
-- Up-to-date: /home/huy/drone_auto/install/drone/share/drone/environment/ament_prefix_path.sh
-- Installing: /home/huy/drone_auto/install/drone/share/drone/environment/ament_prefix_path.dsv
-- Up-to-date: /home/huy/drone_auto/install/drone/share/drone/environment/path.sh
-- Installing: /home/huy/drone_auto/install/drone/share/drone/environment/path.dsv
-- Up-to-date: /home/huy/drone_auto/install/drone/share/drone/local_setup.bash
-- Up-to-date: /home/huy/drone_auto/install/drone/share/drone/local_setup.sh
-- Up-to-date: /home/huy/drone_auto/install/drone/share/drone/local_setup.zsh
-- Installing: /home/huy/drone_auto/install/drone/share/drone/local_setup.dsv
-- Installing: /home/huy/drone_auto/install/drone/share/drone/package.dsv
-- Up-to-date: /home/huy/drone_auto/install/drone/share/ament_index/resource_index/packages/drone
-- Up-to-date: /home/huy/drone_auto/install/drone/share/drone/cmake/droneConfig.cmake
-- Up-to-date: /home/huy/drone_auto/install/drone/share/drone/cmake/droneConfig-version.cmake
-- Up-to-date: /home/huy/drone_auto/install/drone/share/drone/package.xml
