[1.636s] Invoking command in '/home/huy/drone_auto/src/my_shape_detector': PYTHONPATH=/home/huy/drone_auto/build/my_shape_detector/prefix_override:/usr/lib/python3/dist-packages/colcon_core/task/python/colcon_distutils_commands:/home/huy/drone_auto/install/my_shape_detector/lib/python3.10/site-packages:${PYTHONPATH} /usr/bin/python3 -W ignore:setup.py install is deprecated -W ignore:easy_install command is deprecated setup.py egg_info --egg-base ../../build/my_shape_detector build --build-base /home/huy/drone_auto/build/my_shape_detector/build install --record /home/huy/drone_auto/build/my_shape_detector/install.log --single-version-externally-managed install_data
[1.836s] /home/huy/.local/lib/python3.10/site-packages/setuptools/_distutils/dist.py:270: UserWarning: Unknown distribution option: 'tests_require'
[1.836s]   warnings.warn(msg)
[1.930s] running egg_info
[1.945s] writing ../../build/my_shape_detector/my_shape_detector.egg-info/PKG-INFO
[1.946s] writing dependency_links to ../../build/my_shape_detector/my_shape_detector.egg-info/dependency_links.txt
[1.946s] writing entry points to ../../build/my_shape_detector/my_shape_detector.egg-info/entry_points.txt
[1.946s] writing requirements to ../../build/my_shape_detector/my_shape_detector.egg-info/requires.txt
[1.946s] writing top-level names to ../../build/my_shape_detector/my_shape_detector.egg-info/top_level.txt
[1.978s] reading manifest file '../../build/my_shape_detector/my_shape_detector.egg-info/SOURCES.txt'
[1.979s] adding license file 'LICENSE'
[1.980s] writing manifest file '../../build/my_shape_detector/my_shape_detector.egg-info/SOURCES.txt'
[1.980s] running build
[1.980s] running build_py
[1.980s] copying my_shape_detector/__init__.py -> /home/huy/drone_auto/build/my_shape_detector/build/lib/my_shape_detector
[1.980s] copying my_shape_detector/shape_detection.py -> /home/huy/drone_auto/build/my_shape_detector/build/lib/my_shape_detector
[1.980s] running install
[1.986s] running install_lib
[2.003s] running install_data
[2.003s] copying resource/my_shape_detector -> /home/huy/drone_auto/install/my_shape_detector/share/ament_index/resource_index/packages
[2.003s] copying package.xml -> /home/huy/drone_auto/install/my_shape_detector/share/my_shape_detector
[2.003s] running install_egg_info
[2.023s] removing '/home/huy/drone_auto/install/my_shape_detector/lib/python3.10/site-packages/my_shape_detector-0.0.1-py3.10.egg-info' (and everything under it)
[2.023s] Copying ../../build/my_shape_detector/my_shape_detector.egg-info to /home/huy/drone_auto/install/my_shape_detector/lib/python3.10/site-packages/my_shape_detector-0.0.1-py3.10.egg-info
[2.023s] running install_scripts
[2.136s] Installing shape_detection script to /home/huy/drone_auto/install/my_shape_detector/lib/my_shape_detector
[2.136s] writing list of installed files to '/home/huy/drone_auto/build/my_shape_detector/install.log'
[2.204s] Invoked command in '/home/huy/drone_auto/src/my_shape_detector' returned '0': PYTHONPATH=/home/huy/drone_auto/build/my_shape_detector/prefix_override:/usr/lib/python3/dist-packages/colcon_core/task/python/colcon_distutils_commands:/home/huy/drone_auto/install/my_shape_detector/lib/python3.10/site-packages:${PYTHONPATH} /usr/bin/python3 -W ignore:setup.py install is deprecated -W ignore:easy_install command is deprecated setup.py egg_info --egg-base ../../build/my_shape_detector build --build-base /home/huy/drone_auto/build/my_shape_detector/build install --record /home/huy/drone_auto/build/my_shape_detector/install.log --single-version-externally-managed install_data
