[0.008s] Invoking command in '/home/huy/drone_auto/build/drone': CMAKE_PREFIX_PATH=/home/huy/drone_auto/install/px4_msgs:/home/huy/drone_auto/install/drone:/home/huy/my_ws/install/quadcopter:/home/huy/my_ws/install/pkgname:/home/huy/my_ws/install/px4_msgs:/home/huy/my_ws/install/bme680_sensor:/opt/ros/humble /usr/bin/cmake --build /home/huy/drone_auto/build/drone -- -j12 -l12
[0.046s] [35m[1mConsolidate compiler generated dependencies of target drone_auto_node[0m
[0.065s] [ 50%] [32mBuilding CXX object CMakeFiles/drone_auto_node.dir/src/drone_auto.cpp.o[0m
[2.624s] [01m[K/home/huy/drone_auto/src/drone/src/drone_auto.cpp:[m[K In lambda function:
[2.624s] [01m[K/home/huy/drone_auto/src/drone/src/drone_auto.cpp:79:63:[m[K [01;35m[Kwarning: [m[Kunused parameter ‘[01m[Kmsg[m[K’ [[01;35m[K]8;;https://gcc.gnu.org/onlinedocs/gcc/Warning-Options.html#index-Wunused-parameter-Wunused-parameter]8;;[m[K]
[2.624s]    79 |         [this]([01;35m[Kconst px4_msgs::msg::DistanceSensor::UniquePtr msg[m[K) {
[2.624s]       |                [01;35m[K~~~~~~~~~~~~~~~~~~~~~~~~~~~~~~~~~~~~~~~~~~~~~~~^~~[m[K
[2.648s] [01m[K/home/huy/drone_auto/src/drone/src/drone_auto.cpp:[m[K In member function ‘[01m[Kvoid OffboardControl::velocity_setpoint(float, float, float)[m[K’:
[2.648s] [01m[K/home/huy/drone_auto/src/drone/src/drone_auto.cpp:308:65:[m[K [01;35m[Kwarning: [m[Kunused parameter ‘[01m[Kz[m[K’ [[01;35m[K]8;;https://gcc.gnu.org/onlinedocs/gcc/Warning-Options.html#index-Wunused-parameter-Wunused-parameter]8;;[m[K]
[2.648s]   308 | void OffboardControl::velocity_setpoint(float x, float y, [01;35m[Kfloat z[m[K){
[2.648s]       |                                                           [01;35m[K~~~~~~^[m[K
[21.721s] [100%] [32m[1mLinking CXX executable drone_auto_node[0m
[23.586s] [100%] Built target drone_auto_node
[23.596s] Invoked command in '/home/huy/drone_auto/build/drone' returned '0': CMAKE_PREFIX_PATH=/home/huy/drone_auto/install/px4_msgs:/home/huy/drone_auto/install/drone:/home/huy/my_ws/install/quadcopter:/home/huy/my_ws/install/pkgname:/home/huy/my_ws/install/px4_msgs:/home/huy/my_ws/install/bme680_sensor:/opt/ros/humble /usr/bin/cmake --build /home/huy/drone_auto/build/drone -- -j12 -l12
[23.598s] Invoking command in '/home/huy/drone_auto/build/drone': CMAKE_PREFIX_PATH=/home/huy/drone_auto/install/px4_msgs:/home/huy/drone_auto/install/drone:/home/huy/my_ws/install/quadcopter:/home/huy/my_ws/install/pkgname:/home/huy/my_ws/install/px4_msgs:/home/huy/my_ws/install/bme680_sensor:/opt/ros/humble /usr/bin/cmake --install /home/huy/drone_auto/build/drone
[23.607s] -- Install configuration: ""
[23.607s] -- Installing: /home/huy/drone_auto/install/drone/lib/drone/drone_auto_node
[23.622s] -- Set runtime path of "/home/huy/drone_auto/install/drone/lib/drone/drone_auto_node" to ""
[23.622s] -- Up-to-date: /home/huy/drone_auto/install/drone/share/ament_index/resource_index/package_run_dependencies/drone
[23.622s] -- Up-to-date: /home/huy/drone_auto/install/drone/share/ament_index/resource_index/parent_prefix_path/drone
[23.622s] -- Up-to-date: /home/huy/drone_auto/install/drone/share/drone/environment/ament_prefix_path.sh
[23.622s] -- Up-to-date: /home/huy/drone_auto/install/drone/share/drone/environment/ament_prefix_path.dsv
[23.622s] -- Up-to-date: /home/huy/drone_auto/install/drone/share/drone/environment/path.sh
[23.622s] -- Up-to-date: /home/huy/drone_auto/install/drone/share/drone/environment/path.dsv
[23.622s] -- Up-to-date: /home/huy/drone_auto/install/drone/share/drone/local_setup.bash
[23.622s] -- Up-to-date: /home/huy/drone_auto/install/drone/share/drone/local_setup.sh
[23.622s] -- Up-to-date: /home/huy/drone_auto/install/drone/share/drone/local_setup.zsh
[23.622s] -- Up-to-date: /home/huy/drone_auto/install/drone/share/drone/local_setup.dsv
[23.622s] -- Installing: /home/huy/drone_auto/install/drone/share/drone/package.dsv
[23.622s] -- Up-to-date: /home/huy/drone_auto/install/drone/share/ament_index/resource_index/packages/drone
[23.622s] -- Up-to-date: /home/huy/drone_auto/install/drone/share/drone/cmake/droneConfig.cmake
[23.622s] -- Up-to-date: /home/huy/drone_auto/install/drone/share/drone/cmake/droneConfig-version.cmake
[23.622s] -- Up-to-date: /home/huy/drone_auto/install/drone/share/drone/package.xml
[23.625s] Invoked command in '/home/huy/drone_auto/build/drone' returned '0': CMAKE_PREFIX_PATH=/home/huy/drone_auto/install/px4_msgs:/home/huy/drone_auto/install/drone:/home/huy/my_ws/install/quadcopter:/home/huy/my_ws/install/pkgname:/home/huy/my_ws/install/px4_msgs:/home/huy/my_ws/install/bme680_sensor:/opt/ros/humble /usr/bin/cmake --install /home/huy/drone_auto/build/drone
